#
# A fatal error has been detected by the Java Runtime Environment:
#
#  EXCEPTION_ACCESS_VIOLATION (0xc0000005) at pc=0x00007ffd8497c556, pid=5100, tid=18184
#
# JRE version: OpenJDK Runtime Environment Temurin-21.0.8+9 (21.0.8+9) (build 21.0.8+9-LTS)
# Java VM: OpenJDK 64-Bit Server VM Temurin-21.0.8+9 (21.0.8+9-LTS, mixed mode, sharing, tiered, compressed oops, compressed class ptrs, g1 gc, windows-amd64)
# Problematic frame:
# V  [jvm.dll+0xc556]
#
# No core dump will be written. Minidumps are not enabled by default on client versions of Windows
#
# If you would like to submit a bug report, please visit:
#   https://github.com/adoptium/adoptium-support/issues
#

---------------  S U M M A R Y ------------

Command Line: -XX:+ShowCodeDetailsInExceptionMessages -agentlib:jdwp=transport=dt_socket,suspend=y,address=localhost:62054 -javaagent:C:\Users\CaioEsdrasAraujoRici\eclipse\java-2025-09\eclipse\configuration\org.eclipse.osgi\250\0\.cp\lib\javaagent-shaded.jar -Dfile.encoding=UTF-8 -Dstdout.encoding=UTF-8 -Dstderr.encoding=UTF-8 com.linkar.project.ProjectApplication

Host: 13th Gen Intel(R) Core(TM) i5-1345U, 12 cores, 15G,  Windows 11 , 64 bit Build 26100 (10.0.26100.3037)
Time: Fri Nov 14 12:16:38 2025 Hora oficial do Brasil elapsed time: 2363.795509 seconds (0d 0h 39m 23s)

---------------  T H R E A D  ---------------

Current thread (0x00000250059ffe00):  WorkerThread "GC Thread#2"    [id=18184, stack(0x000000f544800000,0x000000f544900000) (1024K)]

Stack: [0x000000f544800000,0x000000f544900000],  sp=0x000000f5448fe0a8,  free space=1016k
Native frames: (J=compiled Java code, j=interpreted, Vv=VM code, C=native code)
V  [jvm.dll+0xc556]

JavaThread 0x0000025007b474c0 (nid = 11960) was being processed
Java frames: (J=compiled Java code, j=interpreted, Vv=VM code)
j  java.lang.invoke.DirectMethodHandle$Holder.newInvokeSpecial(Ljava/lang/Object;)Ljava/lang/Object;+15 java.base@21.0.8
J 9775 c2 java.lang.reflect.Constructor.newInstanceWithCaller([Ljava/lang/Object;ZLjava/lang/Class;)Ljava/lang/Object; java.base@21.0.8 (51 bytes) @ 0x0000024fb0f57444 [0x0000024fb0f57160+0x00000000000002e4]
J 12644 c2 org.springframework.beans.BeanUtils.instantiateClass(Ljava/lang/reflect/Constructor;[Ljava/lang/Object;)Ljava/lang/Object; (208 bytes) @ 0x0000024fb0ff2c28 [0x0000024fb0ff29e0+0x0000000000000248]
J 10240 c1 org.springframework.beans.factory.support.SimpleInstantiationStrategy.instantiate(Lorg/springframework/beans/factory/support/RootBeanDefinition;Ljava/lang/String;Lorg/springframework/beans/factory/BeanFactory;)Ljava/lang/Object; (123 bytes) @ 0x0000024fa9edba54 [0x0000024fa9edb320+0x0000000000000734]
J 10334 c1 org.springframework.beans.factory.support.AbstractAutowireCapableBeanFactory.instantiateBean(Ljava/lang/String;Lorg/springframework/beans/factory/support/RootBeanDefinition;)Lorg/springframework/beans/BeanWrapper; (51 bytes) @ 0x0000024fa9f12b5c [0x0000024fa9f12960+0x00000000000001fc]
J 7727 c1 org.springframework.beans.factory.support.AbstractAutowireCapableBeanFactory.createBeanInstance(Ljava/lang/String;Lorg/springframework/beans/factory/support/RootBeanDefinition;[Ljava/lang/Object;)Lorg/springframework/beans/BeanWrapper; (245 bytes) @ 0x0000024fa9b482ec [0x0000024fa9b46f60+0x000000000000138c]
J 8574 c1 org.springframework.beans.factory.support.AbstractAutowireCapableBeanFactory.doCreateBean(Ljava/lang/String;Lorg/springframework/beans/factory/support/RootBeanDefinition;[Ljava/lang/Object;)Ljava/lang/Object; (465 bytes) @ 0x0000024fa90dbc74 [0x0000024fa90db720+0x0000000000000554]
J 8579 c1 org.springframework.beans.factory.support.AbstractAutowireCapableBeanFactory.createBean(Ljava/lang/String;Lorg/springframework/beans/factory/support/RootBeanDefinition;[Ljava/lang/Object;)Ljava/lang/Object; (214 bytes) @ 0x0000024fa96bd1d4 [0x0000024fa96bbea0+0x0000000000001334]
J 8578 c1 org.springframework.beans.factory.support.AbstractBeanFactory.lambda$doGetBean$0(Ljava/lang/String;Lorg/springframework/beans/factory/support/RootBeanDefinition;[Ljava/lang/Object;)Ljava/lang/Object; (18 bytes) @ 0x0000024fa906001c [0x0000024fa905fee0+0x000000000000013c]
J 6554 c1 org.springframework.beans.factory.support.AbstractBeanFactory$$Lambda+0x0000024fc11f8f88.getObject()Ljava/lang/Object; (20 bytes) @ 0x0000024fa9962a6c [0x0000024fa99629c0+0x00000000000000ac]
J 6556 c1 org.springframework.beans.factory.support.DefaultSingletonBeanRegistry.getSingleton(Ljava/lang/String;Lorg/springframework/beans/factory/ObjectFactory;)Ljava/lang/Object; (1299 bytes) @ 0x0000024fa9967abc [0x0000024fa99639c0+0x00000000000040fc]
J 9631 c2 org.springframework.beans.factory.support.AbstractBeanFactory.doGetBean(Ljava/lang/String;Ljava/lang/Class;[Ljava/lang/Object;Z)Ljava/lang/Object; (787 bytes) @ 0x0000024fb0f29588 [0x0000024fb0f28ba0+0x00000000000009e8]
J 6433 c1 org.springframework.beans.factory.support.AbstractBeanFactory.getBean(Ljava/lang/String;)Ljava/lang/Object; (9 bytes) @ 0x0000024fa98fef6c [0x0000024fa98fee40+0x000000000000012c]
J 8682 c1 org.springframework.beans.factory.support.DefaultListableBeanFactory.instantiateSingleton(Ljava/lang/String;)V (56 bytes) @ 0x0000024fa8e4bba4 [0x0000024fa8e4ab60+0x0000000000001044]
J 8655 c1 org.springframework.beans.factory.support.DefaultListableBeanFactory.preInstantiateSingleton(Ljava/lang/String;Lorg/springframework/beans/factory/support/RootBeanDefinition;)Ljava/util/concurrent/CompletableFuture; (165 bytes) @ 0x0000024fa8f7fb84 [0x0000024fa8f7ef80+0x0000000000000c04]
j  org.springframework.beans.factory.support.DefaultListableBeanFactory.preInstantiateSingletons()V+123
j  org.springframework.context.support.AbstractApplicationContext.finishBeanFactoryInitialization(Lorg/springframework/beans/factory/config/ConfigurableListableBeanFactory;)V+284
j  org.springframework.context.support.AbstractApplicationContext.refresh()V+94
j  org.springframework.boot.web.servlet.context.ServletWebServerApplicationContext.refresh()V+1
j  org.springframework.boot.SpringApplication.refresh(Lorg/springframework/context/ConfigurableApplicationContext;)V+1
j  org.springframework.boot.SpringApplication.refreshContext(Lorg/springframework/context/ConfigurableApplicationContext;)V+19
j  org.springframework.boot.SpringApplication.run([Ljava/lang/String;)Lorg/springframework/context/ConfigurableApplicationContext;+113
j  org.springframework.boot.SpringApplication.run([Ljava/lang/Class;[Ljava/lang/String;)Lorg/springframework/context/ConfigurableApplicationContext;+9
j  org.springframework.boot.SpringApplication.run(Ljava/lang/Class;[Ljava/lang/String;)Lorg/springframework/context/ConfigurableApplicationContext;+9
j  com.linkar.project.ProjectApplication.main([Ljava/lang/String;)V+3
j  java.lang.invoke.LambdaForm$DMH+0x0000024fc10ab400.invokeStatic(Ljava/lang/Object;Ljava/lang/Object;)V+10 java.base@21.0.8
j  java.lang.invoke.LambdaForm$MH+0x0000024fc10acc00.invoke(Ljava/lang/Object;Ljava/lang/Object;Ljava/lang/Object;)Ljava/lang/Object;+33 java.base@21.0.8
J 9467 c2 java.lang.reflect.Method.invoke(Ljava/lang/Object;[Ljava/lang/Object;)Ljava/lang/Object; java.base@21.0.8 (108 bytes) @ 0x0000024fb0f01500 [0x0000024fb0f00880+0x0000000000000c80]
j  org.springframework.boot.devtools.restart.RestartLauncher.run()V+47
v  ~StubRoutines::call_stub 0x0000024fb030100d

siginfo: EXCEPTION_ACCESS_VIOLATION (0xc0000005), reading address 0x000002508072b457


Registers:
RAX=0x0000000000000000, RBX=0x0000000000000120, RCX=0x000000f5430fe150, RDX=0x000000f5430fe150
RSP=0x000000f5448fe0a8, RBP=0x000000f5448fe280, RSI=0x000000f5448fe450, RDI=0x000000f5430fe150
R8 =0x000002508072b44f, R9 =0x000000f5430fe150, R10=0x0000024fb0300000, R11=0x000000f5448fe2f8
R12=0x0000024fc05427f8, R13=0x000000f5430fe150, R14=0x000002500ea8d900, R15=0x000002508072b44f
RIP=0x00007ffd8497c556, EFLAGS=0x0000000000010202

XMM[0]=0x3b3b3b3b3b3b3b3b 0x3b3b3b3b3b3b3b3b
XMM[1]=0x0000000000000000 0x00000000000000ff
XMM[2]=0x0000000000000000 0x0000000000000000
XMM[3]=0x0000000000000000 0x40a2779059f10d1e
XMM[4]=0x0000000000000000 0x0000000000000000
XMM[5]=0x0000000000000000 0x0000000000000000
XMM[6]=0x0000000000000000 0x0000000000000000
XMM[7]=0x0000000000000000 0x0000000000000000
XMM[8]=0x0000000000000000 0x0000000000000000
XMM[9]=0x0000000000000000 0x0000000000000000
XMM[10]=0x0000000000000000 0x0000000000000000
XMM[11]=0x0000000000000000 0x0000000000000000
XMM[12]=0x0000000000000000 0x0000000000000000
XMM[13]=0x0000000000000000 0x0000000000000000
XMM[14]=0x0000000000000000 0x0000000000000000
XMM[15]=0x0000000000000000 0x0000000000000000
  MXCSR=0x00001fa0


Register to memory mapping:

RAX=0x0 is null
RBX=0x0000000000000120 is an unknown value
RCX=0x000000f5430fe150 is pointing into the stack for thread: 0x0000025007b474c0
RDX=0x000000f5430fe150 is pointing into the stack for thread: 0x0000025007b474c0
RSP=0x000000f5448fe0a8 points into unknown readable memory: 0x00007ffd84cca6eb | eb a6 cc 84 fd 7f 00 00
RBP=0x000000f5448fe280 points into unknown readable memory: 0x000000f500000000 | 00 00 00 00 f5 00 00 00
RSI=0x000000f5448fe450 points into unknown readable memory: 0x000000f5430fe148 | 48 e1 0f 43 f5 00 00 00
RDI=0x000000f5430fe150 is pointing into the stack for thread: 0x0000025007b474c0
R8 =0x000002508072b44f is an unknown value
R9 =0x000000f5430fe150 is pointing into the stack for thread: 0x0000025007b474c0
R10=0x0000024fb0300000 points into unknown readable memory: 0x0000000000000006 | 06 00 00 00 00 00 00 00
R11=0x000000f5448fe2f8 points into unknown readable memory: 0x00007ffd84c86fdd | dd 6f c8 84 fd 7f 00 00
R12=0x0000024fc05427f8 is pointing into metadata
R13=0x000000f5430fe150 is pointing into the stack for thread: 0x0000025007b474c0
R14=0x000002500ea8d900 points into unknown readable memory: 0x00007ffd853a2068 | 68 20 3a 85 fd 7f 00 00
R15=0x000002508072b44f is an unknown value

Top of Stack: (sp=0x000000f5448fe0a8)
0x000000f5448fe0a8:   00007ffd84cca6eb 0000000000000000
0x000000f5448fe0b8:   0000000000000004 000002500ea8d900
0x000000f5448fe0c8:   0000000000000000 000000070fc05954
0x000000f5448fe0d8:   00007ffd84cc8ab8 0000000000000001
0x000000f5448fe0e8:   00007ffd8510b3f1 000000000000012f
0x000000f5448fe0f8:   00007ffd850303b2 000002500c372fc8
0x000000f5448fe108:   0000000000000000 00000250059187e0
0x000000f5448fe118:   0000024fbfc149c0 0000024fc05427f8
0x000000f5448fe128:   000000f5430fe150 000000f5448fe450
0x000000f5448fe138:   000000f5448fe280 000002500c372fc8
0x000000f5448fe148:   00007ffd84cd8d54 000000f5448fe210
0x000000f5448fe158:   000000f5448fe450 0000024fc0480090
0x000000f5448fe168:   0000000000000000 000002500c372fc8
0x000000f5448fe178:   00007ffd84c8758b 0000000000000001
0x000000f5448fe188:   0000024fc00b5da0 000002500c372fc8
0x000000f5448fe198:   000000f5448fe450 0000000fa9506a01
0x000000f5448fe1a8:   0000024fc00b5da0 00000250059ffe00
0x000000f5448fe1b8:   0000024f00000003 00000000000003d8
0x000000f5448fe1c8:   0000024fbfc149d0 0000024fbfc14da8
0x000000f5448fe1d8:   0000024fc072b44f 00000250000000b8
0x000000f5448fe1e8:   0000024fc00b5da0 00007ffd853995f0
0x000000f5448fe1f8:   000000f5448fe450 000002500c372fc8
0x000000f5448fe208:   0000000400000003 0000024fc05427f8
0x000000f5448fe218:   0000001300000001 0000000000000032
0x000000f5448fe228:   000000010000000c 0000024fc0480090
0x000000f5448fe238:   0000000000000000 000002500ebe855c
0x000000f5448fe248:   00001d900000000b 0000000800000006
0x000000f5448fe258:   0000ffff0960e200 00007ffd851d0f90
0x000000f5448fe268:   000002500c372fc8 0000024fc00178c8
0x000000f5448fe278:   00000006bfc10013 000000f500000000
0x000000f5448fe288:   0000000000000015 000002500c372fc8
0x000000f5448fe298:   00007ffd84cd8dae 0000000000000000 

Instructions: (pc=0x00007ffd8497c556)
0x00007ffd8497c456:   48 8b 05 13 69 cd 00 48 8b 48 60 48 8b 04 d1 48
0x00007ffd8497c466:   85 c0 75 08 48 8b 05 07 69 cd 00 c3 48 8b 05 f7
0x00007ffd8497c476:   68 cd 00 c3 cc cc cc cc cc cc 8b 05 b2 3b c2 00
0x00007ffd8497c486:   c3 cc cc cc cc cc cc cc cc cc 0f b6 05 d8 50 c2
0x00007ffd8497c496:   00 48 8b d1 84 c0 74 16 44 8b 41 08 8b 0d 90 3b
0x00007ffd8497c4a6:   c2 00 49 d3 e0 4c 03 05 7e 3b c2 00 eb 04 4c 8b
0x00007ffd8497c4b6:   41 08 45 8b 48 08 45 85 c9 7e 0e 41 f6 c1 01 75
0x00007ffd8497c4c6:   53 41 c1 f9 03 49 63 c1 c3 79 49 84 c0 41 b8 0c
0x00007ffd8497c4d6:   00 00 00 8b 05 c9 4c c2 00 b9 10 00 00 00 41 0f
0x00007ffd8497c4e6:   45 c8 ff c8 4c 63 c0 41 8b c1 48 c1 f8 10 0f b6
0x00007ffd8497c4f6:   c0 48 63 14 11 41 8b c9 83 e1 3f 48 d3 e2 49 8d
0x00007ffd8497c506:   0c 10 49 f7 d0 48 03 c1 49 c1 e8 03 48 c1 e8 03
0x00007ffd8497c516:   49 23 c0 c3 49 8b 00 49 8b c8 48 ff a0 00 01 00
0x00007ffd8497c526:   00 cc cc cc cc cc cc cc cc cc 8b 44 24 30 45 03
0x00007ffd8497c536:   c9 44 2b 4c 24 28 83 c0 0b 44 03 ca 45 03 c8 41
0x00007ffd8497c546:   03 c1 c3 cc cc cc cc cc cc cc 4c 8b c2 48 8b d1
0x00007ffd8497c556:   45 8b 48 08 45 85 c9 7e 0e 41 f6 c1 01 75 56 41
0x00007ffd8497c566:   c1 f9 03 49 63 c1 c3 79 4c 80 3d f9 4f c2 00 00
0x00007ffd8497c576:   b8 0c 00 00 00 b9 10 00 00 00 0f 45 c8 8b 05 1f
0x00007ffd8497c586:   4c c2 00 ff c8 4c 63 c0 41 8b c1 48 c1 f8 10 48
0x00007ffd8497c596:   63 14 11 41 8b c9 83 e1 3f 0f b6 c0 48 d3 e2 49
0x00007ffd8497c5a6:   8d 0c 10 49 f7 d0 48 03 c1 49 c1 e8 03 48 c1 e8
0x00007ffd8497c5b6:   03 49 23 c0 c3 49 8b 00 49 8b c8 48 ff a0 00 01
0x00007ffd8497c5c6:   00 00 cc cc cc cc cc cc cc cc 48 8b 41 08 0f b7
0x00007ffd8497c5d6:   48 2c 0f b7 40 2a 83 c0 48 03 c1 c3 cc cc cc cc
0x00007ffd8497c5e6:   cc cc cc cc cc cc cc cc cc cc 48 89 5c 24 08 57
0x00007ffd8497c5f6:   48 83 ec 20 0f b6 05 bf 50 cd 00 48 8b fa 48 8b
0x00007ffd8497c606:   d9 84 c0 74 4f 48 85 15 66 48 cd 00 74 38 48 8b
0x00007ffd8497c616:   ca e8 74 34 8d 00 48 8b d0 48 85 db 74 25 48 85
0x00007ffd8497c626:   c0 74 20 48 8b c7 f0 48 0f b1 13 74 16 48 85 05
0x00007ffd8497c636:   3e 48 cd 00 74 0d 48 8b c8 f0 48 0f b1 13 48 3b
0x00007ffd8497c646:   c1 75 ea 48 8b fa 48 8b c7 48 8b 5c 24 30 48 83 


Stack slot to memory mapping:

stack at sp + 0 slots: 0x00007ffd84cca6eb jvm.dll
stack at sp + 1 slots: 0x0 is null
stack at sp + 2 slots: 0x0000000000000004 is an unknown value
stack at sp + 3 slots: 0x000002500ea8d900 points into unknown readable memory: 0x00007ffd853a2068 | 68 20 3a 85 fd 7f 00 00
stack at sp + 4 slots: 0x0 is null
stack at sp + 5 slots: 
[error occurred during error reporting (inspecting top of stack), id 0xc0000005, EXCEPTION_ACCESS_VIOLATION (0xc0000005) at pc=0x00007ffd8497c5c1]
stack at sp + 6 slots: 0x00007ffd84cc8ab8 jvm.dll
stack at sp + 7 slots: 0x0000000000000001 is an unknown value


---------------  P R O C E S S  ---------------

Threads class SMR info:
_java_thread_list=0x000002500cf00170, length=30, elements={
0x0000024fa5437a60, 0x0000024fbfbf1830, 0x0000024fbfbf2280, 0x0000024fbfbf5040,
0x0000024fbfbf5a90, 0x0000024fbfbfa8f0, 0x0000024fbfbfc500, 0x0000025005021610,
0x0000024fbfc0eaa0, 0x000002500511f5d0, 0x00000250051dd000, 0x00000250051795d0,
0x00000250052097f0, 0x0000025005634db0, 0x000002500ba1aac0, 0x000002500ba189f0,
0x00000250064de350, 0x00000250064df700, 0x00000250064e1140, 0x00000250064e3f30,
0x0000025007b44d60, 0x00000250064e24f0, 0x00000250064df070, 0x0000025007b45a80,
0x0000025007b46110, 0x0000025007b46e30, 0x0000025007b474c0, 0x0000025007b44040,
0x0000025007b467a0, 0x0000025007b446d0
}

Java Threads: ( => current thread )
  0x0000024fa5437a60 JavaThread "main"                              [_thread_blocked, id=768, stack(0x000000f543100000,0x000000f543200000) (1024K)]
  0x0000024fbfbf1830 JavaThread "Reference Handler"          daemon [_thread_blocked, id=4264, stack(0x000000f543900000,0x000000f543a00000) (1024K)]
  0x0000024fbfbf2280 JavaThread "Finalizer"                  daemon [_thread_blocked, id=11852, stack(0x000000f543a00000,0x000000f543b00000) (1024K)]
  0x0000024fbfbf5040 JavaThread "Signal Dispatcher"          daemon [_thread_blocked, id=15084, stack(0x000000f543b00000,0x000000f543c00000) (1024K)]
  0x0000024fbfbf5a90 JavaThread "Attach Listener"            daemon [_thread_blocked, id=18132, stack(0x000000f543c00000,0x000000f543d00000) (1024K)]
  0x0000024fbfbfa8f0 JavaThread "Service Thread"             daemon [_thread_blocked, id=10336, stack(0x000000f543d00000,0x000000f543e00000) (1024K)]
  0x0000024fbfbfc500 JavaThread "Monitor Deflation Thread"   daemon [_thread_blocked, id=20372, stack(0x000000f543e00000,0x000000f543f00000) (1024K)]
  0x0000025005021610 JavaThread "C2 CompilerThread0"         daemon [_thread_blocked, id=19036, stack(0x000000f543f00000,0x000000f544000000) (1024K)]
  0x0000024fbfc0eaa0 JavaThread "C1 CompilerThread0"         daemon [_thread_blocked, id=5248, stack(0x000000f544000000,0x000000f544100000) (1024K)]
  0x000002500511f5d0 JavaThread "Common-Cleaner"             daemon [_thread_blocked, id=4952, stack(0x000000f544100000,0x000000f544200000) (1024K)]
  0x00000250051dd000 JavaThread "JDWP Transport Listener: dt_socket" daemon [_thread_blocked, id=15720, stack(0x000000f544200000,0x000000f544300000) (1024K)]
  0x00000250051795d0 JavaThread "JDWP Event Helper Thread"   daemon [_thread_blocked, id=19336, stack(0x000000f544300000,0x000000f544400000) (1024K)]
  0x00000250052097f0 JavaThread "JDWP Command Reader"        daemon [_thread_in_native, id=15392, stack(0x000000f544400000,0x000000f544500000) (1024K)]
  0x0000025005634db0 JavaThread "Notification Thread"        daemon [_thread_blocked, id=8884, stack(0x000000f544600000,0x000000f544700000) (1024K)]
  0x000002500ba1aac0 JavaThread "mysql-cj-abandoned-connection-cleanup" daemon [_thread_blocked, id=17708, stack(0x000000f545800000,0x000000f545900000) (1024K)]
  0x000002500ba189f0 JavaThread "http-nio-8089-exec-1"       daemon [_thread_blocked, id=13804, stack(0x000000f545a00000,0x000000f545b00000) (1024K)]
  0x00000250064de350 JavaThread "http-nio-8089-exec-8"       daemon [_thread_blocked, id=9792, stack(0x000000f546100000,0x000000f546200000) (1024K)]
  0x00000250064df700 JavaThread "File Watcher"               daemon [_thread_blocked, id=12436, stack(0x000000f542f00000,0x000000f543000000) (1024K)]
  0x00000250064e1140 JavaThread "File Watcher"               daemon [_thread_blocked, id=1908, stack(0x000000f544500000,0x000000f544600000) (1024K)]
  0x00000250064e3f30 JavaThread "http-nio-8082-exec-1"       daemon [_thread_blocked, id=11864, stack(0x000000f545b00000,0x000000f545c00000) (1024K)]
  0x0000025007b44d60 JavaThread "File Watcher"               daemon [_thread_blocked, id=7688, stack(0x000000f544e00000,0x000000f544f00000) (1024K)]
  0x00000250064e24f0 JavaThread "Thread-17"                         [_thread_blocked, id=7992, stack(0x000000f542e00000,0x000000f542f00000) (1024K)]
  0x00000250064df070 JavaThread "File Watcher"               daemon [_thread_blocked, id=15348, stack(0x000000f544f00000,0x000000f545000000) (1024K)]
  0x0000025007b45a80 JavaThread "File Watcher"               daemon [_thread_blocked, id=3716, stack(0x000000f545200000,0x000000f545300000) (1024K)]
  0x0000025007b46110 JavaThread "File Watcher"               daemon [_thread_blocked, id=17652, stack(0x000000f545500000,0x000000f545600000) (1024K)]
  0x0000025007b46e30 JavaThread "File Watcher"               daemon [_thread_blocked, id=12744, stack(0x000000f545600000,0x000000f545700000) (1024K)]
  0x0000025007b474c0 JavaThread "restartedMain"                     [_thread_blocked, id=11960, stack(0x000000f543000000,0x000000f543100000) (1024K)]
  0x0000025007b44040 JavaThread "Catalina-utility-1"                [_thread_blocked, id=18212, stack(0x000000f545900000,0x000000f545a00000) (1024K)]
  0x0000025007b467a0 JavaThread "Catalina-utility-2"                [_thread_blocked, id=2132, stack(0x000000f545c00000,0x000000f545d00000) (1024K)]
  0x0000025007b446d0 JavaThread "container-7"                       [_thread_blocked, id=16144, stack(0x000000f545d00000,0x000000f545e00000) (1024K)]
Total: 30

Other Threads:
  0x0000024fbfbcd940 VMThread "VM Thread"                           [id=5568, stack(0x000000f543800000,0x000000f543900000) (1024K)]
  0x0000024fbfbbc700 WatcherThread "VM Periodic Task Thread"        [id=20896, stack(0x000000f543700000,0x000000f543800000) (1024K)]
  0x0000024fa549fb50 WorkerThread "GC Thread#0"                     [id=22484, stack(0x000000f543200000,0x000000f543300000) (1024K)]
  0x0000025005a17160 WorkerThread "GC Thread#1"                     [id=20980, stack(0x000000f544700000,0x000000f544800000) (1024K)]
=>0x00000250059ffe00 WorkerThread "GC Thread#2"                     [id=18184, stack(0x000000f544800000,0x000000f544900000) (1024K)]
  0x0000025005a005a0 WorkerThread "GC Thread#3"                     [id=16268, stack(0x000000f544900000,0x000000f544a00000) (1024K)]
  0x0000025005a00940 WorkerThread "GC Thread#4"                     [id=5444, stack(0x000000f544a00000,0x000000f544b00000) (1024K)]
  0x0000025005904580 WorkerThread "GC Thread#5"                     [id=9316, stack(0x000000f544b00000,0x000000f544c00000) (1024K)]
  0x0000025005908930 WorkerThread "GC Thread#6"                     [id=21880, stack(0x000000f544c00000,0x000000f544d00000) (1024K)]
  0x000002500590b0e0 WorkerThread "GC Thread#7"                     [id=2988, stack(0x000000f544d00000,0x000000f544e00000) (1024K)]
  0x0000025005a6c670 WorkerThread "GC Thread#8"                     [id=3324, stack(0x000000f545000000,0x000000f545100000) (1024K)]
  0x0000025005a6bb90 WorkerThread "GC Thread#9"                     [id=16040, stack(0x000000f545100000,0x000000f545200000) (1024K)]
  0x0000024fa54afe40 ConcurrentGCThread "G1 Main Marker"            [id=10224, stack(0x000000f543300000,0x000000f543400000) (1024K)]
  0x0000024fa54b16d0 WorkerThread "G1 Conc#0"                       [id=12764, stack(0x000000f543400000,0x000000f543500000) (1024K)]
  0x0000025006625fc0 WorkerThread "G1 Conc#1"                       [id=12944, stack(0x000000f545300000,0x000000f545400000) (1024K)]
  0x0000025006626360 WorkerThread "G1 Conc#2"                       [id=228, stack(0x000000f545400000,0x000000f545500000) (1024K)]
  0x0000024fbfa8c8c0 ConcurrentGCThread "G1 Refine#0"               [id=15980, stack(0x000000f543500000,0x000000f543600000) (1024K)]
  0x0000024fbfa8d0e0 ConcurrentGCThread "G1 Service"                [id=21488, stack(0x000000f543600000,0x000000f543700000) (1024K)]
Total: 18

Threads with active compile tasks:
Total: 0

VM state: at safepoint (normal execution)

VM Mutex/Monitor currently owned by a thread:  ([mutex/lock_event])
[0x00007ffd85625458] Threads_lock - owner thread: 0x0000024fbfbcd940
[0x00007ffd85625558] Heap_lock - owner thread: 0x0000025007b45a80

Heap address: 0x000000070c000000, size: 3904 MB, Compressed Oops mode: Zero based, Oop shift amount: 3

CDS archive(s) mapped at: [0x0000024fc0000000-0x0000024fc0c80000-0x0000024fc0c80000), size 13107200, SharedBaseAddress: 0x0000024fc0000000, ArchiveRelocationMode: 1.
Compressed class space mapped at: 0x0000024fc1000000-0x0000025001000000, reserved size: 1073741824
Narrow klass base: 0x0000024fc0000000, Narrow klass shift: 0, Narrow klass range: 0x100000000

GC Precious Log:
 CardTable entry size: 512
 Card Set container configuration: InlinePtr #cards 4 size 8 Array Of Cards #cards 16 size 48 Howl #buckets 8 coarsen threshold 3686 Howl Bitmap #cards 512 size 80 coarsen threshold 460 Card regions per heap region 1 cards per card region 4096
 CPUs: 12 total, 12 available
 Memory: 15608M
 Large Page Support: Disabled
 NUMA Support: Disabled
 Compressed Oops: Enabled (Zero based)
 Heap Region Size: 2M
 Heap Min Capacity: 8M
 Heap Initial Capacity: 244M
 Heap Max Capacity: 3904M
 Pre-touch: Disabled
 Parallel Workers: 10
 Concurrent Workers: 3
 Concurrent Refinement Workers: 10
 Periodic GC: Disabled

Heap:
 garbage-first heap   total 108544K, used 94833K [0x000000070c000000, 0x0000000800000000)
  region size 2048K, 22 young (45056K), 1 survivors (2048K)
 Metaspace       used 85610K, committed 86592K, reserved 1179648K
  class space    used 10771K, committed 11264K, reserved 1048576K

Heap Regions: E=young(eden), S=young(survivor), O=old, HS=humongous(starts), HC=humongous(continues), CS=collection set, F=free, TAMS=top-at-mark-start, PB=parsable bottom
|   0|0x000000070c000000, 0x000000070c200000, 0x000000070c200000|100%| O|  |TAMS 0x000000070c000000| PB 0x000000070c000000| Untracked 
|   1|0x000000070c200000, 0x000000070c3fffd8, 0x000000070c400000| 99%| O|  |TAMS 0x000000070c200000| PB 0x000000070c200000| Untracked 
|   2|0x000000070c400000, 0x000000070c600000, 0x000000070c600000|100%| O|  |TAMS 0x000000070c400000| PB 0x000000070c400000| Untracked 
|   3|0x000000070c600000, 0x000000070c7ffff0, 0x000000070c800000| 99%| O|  |TAMS 0x000000070c600000| PB 0x000000070c600000| Untracked 
|   4|0x000000070c800000, 0x000000070c9ffcc8, 0x000000070ca00000| 99%| O|  |TAMS 0x000000070c800000| PB 0x000000070c800000| Untracked 
|   5|0x000000070ca00000, 0x000000070cc00000, 0x000000070cc00000|100%| O|  |TAMS 0x000000070ca00000| PB 0x000000070ca00000| Untracked 
|   6|0x000000070cc00000, 0x000000070cdffff0, 0x000000070ce00000| 99%| O|  |TAMS 0x000000070cc00000| PB 0x000000070cc00000| Untracked 
|   7|0x000000070ce00000, 0x000000070cffffe0, 0x000000070d000000| 99%| O|  |TAMS 0x000000070ce00000| PB 0x000000070ce00000| Untracked 
|   8|0x000000070d000000, 0x000000070d200000, 0x000000070d200000|100%| O|  |TAMS 0x000000070d000000| PB 0x000000070d000000| Untracked 
|   9|0x000000070d200000, 0x000000070d3ffff0, 0x000000070d400000| 99%| O|  |TAMS 0x000000070d200000| PB 0x000000070d200000| Untracked 
|  10|0x000000070d400000, 0x000000070d5fffd8, 0x000000070d600000| 99%| O|  |TAMS 0x000000070d400000| PB 0x000000070d400000| Untracked 
|  11|0x000000070d600000, 0x000000070d7ff500, 0x000000070d800000| 99%| O|  |TAMS 0x000000070d600000| PB 0x000000070d600000| Untracked 
|  12|0x000000070d800000, 0x000000070da00000, 0x000000070da00000|100%| O|  |TAMS 0x000000070d800000| PB 0x000000070d800000| Untracked 
|  13|0x000000070da00000, 0x000000070dbffc98, 0x000000070dc00000| 99%| O|  |TAMS 0x000000070da00000| PB 0x000000070da00000| Untracked 
|  14|0x000000070dc00000, 0x000000070ddffff0, 0x000000070de00000| 99%| O|  |TAMS 0x000000070dc00000| PB 0x000000070dc00000| Untracked 
|  15|0x000000070de00000, 0x000000070dfdbc48, 0x000000070e000000| 92%| O|  |TAMS 0x000000070de00000| PB 0x000000070de00000| Untracked 
|  16|0x000000070e000000, 0x000000070e200000, 0x000000070e200000|100%| O|  |TAMS 0x000000070e000000| PB 0x000000070e000000| Untracked 
|  17|0x000000070e200000, 0x000000070e3d24c8, 0x000000070e400000| 91%| O|  |TAMS 0x000000070e200000| PB 0x000000070e200000| Untracked 
|  18|0x000000070e400000, 0x000000070e5ffff0, 0x000000070e600000| 99%| O|  |TAMS 0x000000070e400000| PB 0x000000070e400000| Untracked 
|  19|0x000000070e600000, 0x000000070e800000, 0x000000070e800000|100%| O|  |TAMS 0x000000070e600000| PB 0x000000070e600000| Untracked 
|  20|0x000000070e800000, 0x000000070ea00000, 0x000000070ea00000|100%| O|  |TAMS 0x000000070e800000| PB 0x000000070e800000| Untracked 
|  21|0x000000070ea00000, 0x000000070ec00000, 0x000000070ec00000|100%| O|CS|TAMS 0x000000070ea00000| PB 0x000000070ea00000| Complete 
|  22|0x000000070ec00000, 0x000000070ee00000, 0x000000070ee00000|100%| O|  |TAMS 0x000000070ec00000| PB 0x000000070ec00000| Untracked 
|  23|0x000000070ee00000, 0x000000070f000000, 0x000000070f000000|100%| O|  |TAMS 0x000000070ee00000| PB 0x000000070ee00000| Untracked 
|  24|0x000000070f000000, 0x000000070f200000, 0x000000070f200000|100%| O|  |TAMS 0x000000070f000000| PB 0x000000070f000000| Untracked 
|  25|0x000000070f200000, 0x000000070f2f7780, 0x000000070f400000| 48%| O|  |TAMS 0x000000070f200000| PB 0x000000070f200000| Untracked 
|  26|0x000000070f400000, 0x000000070f400000, 0x000000070f600000|  0%| F|  |TAMS 0x000000070f400000| PB 0x000000070f400000| Untracked 
|  27|0x000000070f600000, 0x000000070f600000, 0x000000070f800000|  0%| F|  |TAMS 0x000000070f600000| PB 0x000000070f600000| Untracked 
|  28|0x000000070f800000, 0x000000070f800000, 0x000000070fa00000|  0%| F|  |TAMS 0x000000070f800000| PB 0x000000070f800000| Untracked 
|  29|0x000000070fa00000, 0x000000070fa00000, 0x000000070fc00000|  0%| F|  |TAMS 0x000000070fa00000| PB 0x000000070fa00000| Untracked 
|  30|0x000000070fc00000, 0x000000070fc37320, 0x000000070fe00000| 10%| S|  |TAMS 0x000000070fc00000| PB 0x000000070fc00000| Complete 
|  31|0x000000070fe00000, 0x0000000710000000, 0x0000000710000000|100%| E|CS|TAMS 0x000000070fe00000| PB 0x000000070fe00000| Complete 
|  32|0x0000000710000000, 0x0000000710200000, 0x0000000710200000|100%| E|CS|TAMS 0x0000000710000000| PB 0x0000000710000000| Complete 
|  33|0x0000000710200000, 0x000000071023e400, 0x0000000710400000| 12%| E|CS|TAMS 0x0000000710200000| PB 0x0000000710200000| Complete 
|  34|0x0000000710400000, 0x0000000710600000, 0x0000000710600000|100%| E|CS|TAMS 0x0000000710400000| PB 0x0000000710400000| Complete 
|  35|0x0000000710600000, 0x0000000710800000, 0x0000000710800000|100%| E|CS|TAMS 0x0000000710600000| PB 0x0000000710600000| Complete 
|  36|0x0000000710800000, 0x0000000710a00000, 0x0000000710a00000|100%| E|CS|TAMS 0x0000000710800000| PB 0x0000000710800000| Complete 
|  37|0x0000000710a00000, 0x0000000710c00000, 0x0000000710c00000|100%| E|CS|TAMS 0x0000000710a00000| PB 0x0000000710a00000| Complete 
|  38|0x0000000710c00000, 0x0000000710e00000, 0x0000000710e00000|100%| E|CS|TAMS 0x0000000710c00000| PB 0x0000000710c00000| Complete 
|  39|0x0000000710e00000, 0x0000000711000000, 0x0000000711000000|100%| E|CS|TAMS 0x0000000710e00000| PB 0x0000000710e00000| Complete 
|  40|0x0000000711000000, 0x0000000711200000, 0x0000000711200000|100%| E|CS|TAMS 0x0000000711000000| PB 0x0000000711000000| Complete 
|  41|0x0000000711200000, 0x0000000711400000, 0x0000000711400000|100%| E|CS|TAMS 0x0000000711200000| PB 0x0000000711200000| Complete 
|  42|0x0000000711400000, 0x0000000711600000, 0x0000000711600000|100%| E|CS|TAMS 0x0000000711400000| PB 0x0000000711400000| Complete 
|  43|0x0000000711600000, 0x0000000711800000, 0x0000000711800000|100%| E|CS|TAMS 0x0000000711600000| PB 0x0000000711600000| Complete 
|  44|0x0000000711800000, 0x0000000711a00000, 0x0000000711a00000|100%| E|CS|TAMS 0x0000000711800000| PB 0x0000000711800000| Complete 
|  45|0x0000000711a00000, 0x0000000711c00000, 0x0000000711c00000|100%| E|CS|TAMS 0x0000000711a00000| PB 0x0000000711a00000| Complete 
|  46|0x0000000711c00000, 0x0000000711e00000, 0x0000000711e00000|100%| E|CS|TAMS 0x0000000711c00000| PB 0x0000000711c00000| Complete 
|  47|0x0000000711e00000, 0x0000000712000000, 0x0000000712000000|100%| E|CS|TAMS 0x0000000711e00000| PB 0x0000000711e00000| Complete 
|  48|0x0000000712000000, 0x0000000712200000, 0x0000000712200000|100%| E|CS|TAMS 0x0000000712000000| PB 0x0000000712000000| Complete 
|  49|0x0000000712200000, 0x0000000712400000, 0x0000000712400000|100%| E|CS|TAMS 0x0000000712200000| PB 0x0000000712200000| Complete 
|  52|0x0000000712800000, 0x0000000712a00000, 0x0000000712a00000|100%| E|CS|TAMS 0x0000000712800000| PB 0x0000000712800000| Complete 
|  53|0x0000000712a00000, 0x0000000712c00000, 0x0000000712c00000|100%| E|CS|TAMS 0x0000000712a00000| PB 0x0000000712a00000| Complete 
| 121|0x000000071b200000, 0x000000071b400000, 0x000000071b400000|100%| E|CS|TAMS 0x000000071b200000| PB 0x000000071b200000| Complete 

Card table byte_map: [0x0000024fb8ad0000,0x0000024fb9270000] _byte_map_base: 0x0000024fb5270000

Marking Bits: (CMBitMap*) 0x0000024fa54a0160
 Bits: [0x0000024fb9270000, 0x0000024fbcf70000)

Polling page: 0x0000024fa4a60000

Metaspace:

Usage:
  Non-class:     73.09 MB used.
      Class:     10.52 MB used.
       Both:     83.60 MB used.

Virtual space:
  Non-class space:      128.00 MB reserved,      73.56 MB ( 57%) committed,  2 nodes.
      Class space:        1.00 GB reserved,      11.00 MB (  1%) committed,  1 nodes.
             Both:        1.12 GB reserved,      84.56 MB (  7%) committed. 

Chunk freelists:
   Non-Class:  5.55 MB
       Class:  5.06 MB
        Both:  10.60 MB

MaxMetaspaceSize: unlimited
CompressedClassSpaceSize: 1.00 GB
Initial GC threshold: 21.00 MB
Current GC threshold: 140.94 MB
CDS: on
 - commit_granule_bytes: 65536.
 - commit_granule_words: 8192.
 - virtual_space_node_default_size: 8388608.
 - enlarge_chunks_in_place: 1.
 - use_allocation_guard: 0.


Internal statistics:

num_allocs_failed_limit: 9.
num_arena_births: 1172.
num_arena_deaths: 28.
num_vsnodes_births: 3.
num_vsnodes_deaths: 0.
num_space_committed: 1353.
num_space_uncommitted: 0.
num_chunks_returned_to_freelist: 46.
num_chunks_taken_from_freelist: 4452.
num_chunk_merges: 8.
num_chunk_splits: 3039.
num_chunks_enlarged: 2233.
num_inconsistent_stats: 0.

CodeHeap 'non-profiled nmethods': size=120000Kb used=9013Kb max_used=9051Kb free=110986Kb
 bounds [0x0000024fb08a0000, 0x0000024fb1180000, 0x0000024fb7dd0000]
CodeHeap 'profiled nmethods': size=120000Kb used=18464Kb max_used=18861Kb free=101535Kb
 bounds [0x0000024fa8dd0000, 0x0000024faa050000, 0x0000024fb0300000]
CodeHeap 'non-nmethods': size=5760Kb used=1860Kb max_used=1942Kb free=3899Kb
 bounds [0x0000024fb0300000, 0x0000024fb0570000, 0x0000024fb08a0000]
CodeCache: size=245760Kb, used=29337Kb, max_used=29854Kb, free=216420Kb
 total_blobs=9486, nmethods=8689, adapters=700, full_count=0
Compilation: enabled, stopped_count=0, restarted_count=0

Compilation events (20 events):
Event: 2163.921 Thread 0x0000024fbfc0eaa0 13673  s!   3       org.apache.catalina.core.ContainerBase::backgroundProcess (172 bytes)
Event: 2163.923 Thread 0x0000024fbfc0eaa0 nmethod 13673 0x0000024fa9660310 code [0x0000024fa9660660, 0x0000024fa9661f58]
Event: 2163.923 Thread 0x0000024fbfc0eaa0 13672   !   3       org.apache.catalina.core.ContainerBase$ContainerBackgroundProcessor::processChildren (202 bytes)
Event: 2163.924 Thread 0x0000024fbfc0eaa0 nmethod 13672 0x0000024fa98bd310 code [0x0000024fa98bd700, 0x0000024fa98bfcf8]
Event: 2163.924 Thread 0x0000024fbfc0eaa0 13674       3       java.util.concurrent.ScheduledThreadPoolExecutor::triggerTime (22 bytes)
Event: 2163.925 Thread 0x0000024fbfc0eaa0 nmethod 13674 0x0000024fa8ea9790 code [0x0000024fa8ea9940, 0x0000024fa8ea9b30]
Event: 2243.922 Thread 0x0000025005021610 13675       4       java.util.concurrent.locks.AbstractQueuedSynchronizer$Node::clearStatus (12 bytes)
Event: 2243.923 Thread 0x0000025005021610 nmethod 13675 0x0000024fb08ba390 code [0x0000024fb08ba520, 0x0000024fb08ba5b0]
Event: 2284.011 Thread 0x0000024fbfc0eaa0 13676   !   3       org.apache.catalina.core.StandardContext::getManager (38 bytes)
Event: 2284.012 Thread 0x0000024fbfc0eaa0 nmethod 13676 0x0000024fa98ea210 code [0x0000024fa98ea440, 0x0000024fa98eaba0]
Event: 2315.646 Thread 0x0000025005021610 13677       4       org.springframework.boot.devtools.filewatch.DirectorySnapshot::<init> (70 bytes)
Event: 2315.655 Thread 0x0000025005021610 nmethod 13677 0x0000024fb0a7f290 code [0x0000024fb0a7f4c0, 0x0000024fb0a7ffb8]
Event: 2316.391 Thread 0x0000025005021610 13678       4       org.springframework.boot.devtools.filewatch.FileSystemWatcher$Watcher::getCurrentSnapshots (63 bytes)
Event: 2316.471 Thread 0x0000025005021610 nmethod 13678 0x0000024fb1176d10 code [0x0000024fb1177160, 0x0000024fb117abc8]
Event: 2321.201 Thread 0x0000025005021610 13679       4       org.springframework.boot.devtools.filewatch.FileSystemWatcher$Watcher::scan (63 bytes)
Event: 2321.210 Thread 0x0000025005021610 nmethod 13679 0x0000024fb105e710 code [0x0000024fb105e980, 0x0000024fb105f2a8]
Event: 2344.065 Thread 0x0000025005021610 13680   !   4       java.util.concurrent.locks.AbstractQueuedSynchronizer::acquire (424 bytes)
Event: 2344.089 Thread 0x0000025005021610 nmethod 13680 0x0000024fb1075190 code [0x0000024fb1075400, 0x0000024fb1076bc0]
Event: 2354.076 Thread 0x0000025005021610 13681       4       java.util.concurrent.locks.ReentrantReadWriteLock$Sync::tryReleaseShared (146 bytes)
Event: 2354.078 Thread 0x0000025005021610 nmethod 13681 0x0000024fb09b0c10 code [0x0000024fb09b0da0, 0x0000024fb09b0f50]

GC Heap History (20 events):
Event: 1864.050 GC heap after
{Heap after GC invocations=41 (full 3):
 garbage-first heap   total 90112K, used 42748K [0x000000070c000000, 0x0000000800000000)
  region size 2048K, 2 young (4096K), 2 survivors (4096K)
 Metaspace       used 83239K, committed 84160K, reserved 1179648K
  class space    used 10631K, committed 11072K, reserved 1048576K
}
Event: 1864.318 GC heap before
{Heap before GC invocations=41 (full 3):
 garbage-first heap   total 90112K, used 71420K [0x000000070c000000, 0x0000000800000000)
  region size 2048K, 17 young (34816K), 2 survivors (4096K)
 Metaspace       used 83647K, committed 84544K, reserved 1179648K
  class space    used 10655K, committed 11072K, reserved 1048576K
}
Event: 1864.322 GC heap after
{Heap after GC invocations=42 (full 3):
 garbage-first heap   total 90112K, used 45278K [0x000000070c000000, 0x0000000800000000)
  region size 2048K, 3 young (6144K), 3 survivors (6144K)
 Metaspace       used 83647K, committed 84544K, reserved 1179648K
  class space    used 10655K, committed 11072K, reserved 1048576K
}
Event: 1916.117 GC heap before
{Heap before GC invocations=42 (full 3):
 garbage-first heap   total 90112K, used 73950K [0x000000070c000000, 0x0000000800000000)
  region size 2048K, 17 young (34816K), 3 survivors (6144K)
 Metaspace       used 83821K, committed 84800K, reserved 1179648K
  class space    used 10664K, committed 11136K, reserved 1048576K
}
Event: 1916.123 GC heap after
{Heap after GC invocations=43 (full 3):
 garbage-first heap   total 90112K, used 43543K [0x000000070c000000, 0x0000000800000000)
  region size 2048K, 1 young (2048K), 1 survivors (2048K)
 Metaspace       used 83821K, committed 84800K, reserved 1179648K
  class space    used 10664K, committed 11136K, reserved 1048576K
}
Event: 1990.653 GC heap before
{Heap before GC invocations=44 (full 3):
 garbage-first heap   total 90112K, used 78359K [0x000000070c000000, 0x0000000800000000)
  region size 2048K, 18 young (36864K), 1 survivors (2048K)
 Metaspace       used 83860K, committed 84800K, reserved 1179648K
  class space    used 10668K, committed 11136K, reserved 1048576K
}
Event: 1990.655 GC heap after
{Heap after GC invocations=45 (full 3):
 garbage-first heap   total 108544K, used 45770K [0x000000070c000000, 0x0000000800000000)
  region size 2048K, 2 young (4096K), 2 survivors (4096K)
 Metaspace       used 83860K, committed 84800K, reserved 1179648K
  class space    used 10668K, committed 11136K, reserved 1048576K
}
Event: 1991.015 GC heap before
{Heap before GC invocations=45 (full 3):
 garbage-first heap   total 108544K, used 90826K [0x000000070c000000, 0x0000000800000000)
  region size 2048K, 25 young (51200K), 2 survivors (4096K)
 Metaspace       used 84410K, committed 85312K, reserved 1179648K
  class space    used 10700K, committed 11136K, reserved 1048576K
}
Event: 1991.018 GC heap after
{Heap after GC invocations=46 (full 3):
 garbage-first heap   total 108544K, used 48960K [0x000000070c000000, 0x0000000800000000)
  region size 2048K, 4 young (8192K), 4 survivors (8192K)
 Metaspace       used 84410K, committed 85312K, reserved 1179648K
  class space    used 10700K, committed 11136K, reserved 1048576K
}
Event: 2097.639 GC heap before
{Heap before GC invocations=46 (full 3):
 garbage-first heap   total 108544K, used 89920K [0x000000070c000000, 0x0000000800000000)
  region size 2048K, 24 young (49152K), 4 survivors (8192K)
 Metaspace       used 84454K, committed 85312K, reserved 1179648K
  class space    used 10703K, committed 11136K, reserved 1048576K
}
Event: 2097.644 GC heap after
{Heap after GC invocations=47 (full 3):
 garbage-first heap   total 108544K, used 46930K [0x000000070c000000, 0x0000000800000000)
  region size 2048K, 1 young (2048K), 1 survivors (2048K)
 Metaspace       used 84454K, committed 85312K, reserved 1179648K
  class space    used 10703K, committed 11136K, reserved 1048576K
}
Event: 2098.146 GC heap before
{Heap before GC invocations=48 (full 3):
 garbage-first heap   total 108544K, used 94034K [0x000000070c000000, 0x0000000800000000)
  region size 2048K, 25 young (51200K), 1 survivors (2048K)
 Metaspace       used 84941K, committed 85888K, reserved 1179648K
  class space    used 10734K, committed 11200K, reserved 1048576K
}
Event: 2098.149 GC heap after
{Heap after GC invocations=49 (full 3):
 garbage-first heap   total 108544K, used 50926K [0x000000070c000000, 0x0000000800000000)
  region size 2048K, 3 young (6144K), 3 survivors (6144K)
 Metaspace       used 84941K, committed 85888K, reserved 1179648K
  class space    used 10734K, committed 11200K, reserved 1048576K
}
Event: 2143.742 GC heap before
{Heap before GC invocations=49 (full 3):
 garbage-first heap   total 108544K, used 91886K [0x000000070c000000, 0x0000000800000000)
  region size 2048K, 23 young (47104K), 3 survivors (6144K)
 Metaspace       used 85161K, committed 86144K, reserved 1179648K
  class space    used 10744K, committed 11200K, reserved 1048576K
}
Event: 2143.746 GC heap after
{Heap after GC invocations=50 (full 3):
 garbage-first heap   total 108544K, used 49054K [0x000000070c000000, 0x0000000800000000)
  region size 2048K, 1 young (2048K), 1 survivors (2048K)
 Metaspace       used 85161K, committed 86144K, reserved 1179648K
  class space    used 10744K, committed 11200K, reserved 1048576K
}
Event: 2158.617 GC heap before
{Heap before GC invocations=50 (full 3):
 garbage-first heap   total 108544K, used 94110K [0x000000070c000000, 0x0000000800000000)
  region size 2048K, 24 young (49152K), 1 survivors (2048K)
 Metaspace       used 85619K, committed 86592K, reserved 1179648K
  class space    used 10773K, committed 11264K, reserved 1048576K
}
Event: 2158.623 GC heap after
{Heap after GC invocations=51 (full 3):
 garbage-first heap   total 108544K, used 51864K [0x000000070c000000, 0x0000000800000000)
  region size 2048K, 3 young (6144K), 3 survivors (6144K)
 Metaspace       used 85619K, committed 86592K, reserved 1179648K
  class space    used 10773K, committed 11264K, reserved 1048576K
}
Event: 2255.830 GC heap before
{Heap before GC invocations=52 (full 3):
 garbage-first heap   total 108544K, used 90776K [0x000000070c000000, 0x0000000800000000)
  region size 2048K, 22 young (45056K), 3 survivors (6144K)
 Metaspace       used 85607K, committed 86592K, reserved 1179648K
  class space    used 10771K, committed 11264K, reserved 1048576K
}
Event: 2255.839 GC heap after
{Heap after GC invocations=53 (full 3):
 garbage-first heap   total 108544K, used 51825K [0x000000070c000000, 0x0000000800000000)
  region size 2048K, 1 young (2048K), 1 survivors (2048K)
 Metaspace       used 85607K, committed 86592K, reserved 1179648K
  class space    used 10771K, committed 11264K, reserved 1048576K
}
Event: 2363.781 GC heap before
{Heap before GC invocations=53 (full 3):
 garbage-first heap   total 108544K, used 94833K [0x000000070c000000, 0x0000000800000000)
  region size 2048K, 22 young (45056K), 1 survivors (2048K)
 Metaspace       used 85610K, committed 86592K, reserved 1179648K
  class space    used 10771K, committed 11264K, reserved 1048576K
}

Dll operation events (12 events):
Event: 0.005 Loaded shared library C:\Users\CaioEsdrasAraujoRici\.p2\pool\plugins\org.eclipse.justj.openjdk.hotspot.jre.full.win32.x86_64_21.0.8.v20250724-1412\jre\bin\java.dll
Event: 0.022 Loaded shared library C:\Users\CaioEsdrasAraujoRici\.p2\pool\plugins\org.eclipse.justj.openjdk.hotspot.jre.full.win32.x86_64_21.0.8.v20250724-1412\jre\bin\zip.dll
Event: 0.113 Loaded shared library C:\Users\CaioEsdrasAraujoRici\.p2\pool\plugins\org.eclipse.justj.openjdk.hotspot.jre.full.win32.x86_64_21.0.8.v20250724-1412\jre\bin\instrument.dll
Event: 0.117 Loaded shared library C:\Users\CaioEsdrasAraujoRici\.p2\pool\plugins\org.eclipse.justj.openjdk.hotspot.jre.full.win32.x86_64_21.0.8.v20250724-1412\jre\bin\net.dll
Event: 0.117 Loaded shared library C:\Users\CaioEsdrasAraujoRici\.p2\pool\plugins\org.eclipse.justj.openjdk.hotspot.jre.full.win32.x86_64_21.0.8.v20250724-1412\jre\bin\nio.dll
Event: 0.119 Loaded shared library C:\Users\CaioEsdrasAraujoRici\.p2\pool\plugins\org.eclipse.justj.openjdk.hotspot.jre.full.win32.x86_64_21.0.8.v20250724-1412\jre\bin\zip.dll
Event: 0.206 Loaded shared library C:\Users\CaioEsdrasAraujoRici\.p2\pool\plugins\org.eclipse.justj.openjdk.hotspot.jre.full.win32.x86_64_21.0.8.v20250724-1412\jre\bin\jimage.dll
Event: 0.235 Loaded shared library C:\Users\CaioEsdrasAraujoRici\.p2\pool\plugins\org.eclipse.justj.openjdk.hotspot.jre.full.win32.x86_64_21.0.8.v20250724-1412\jre\bin\verify.dll
Event: 0.459 Loaded shared library C:\Users\CaioEsdrasAraujoRici\.p2\pool\plugins\org.eclipse.justj.openjdk.hotspot.jre.full.win32.x86_64_21.0.8.v20250724-1412\jre\bin\management.dll
Event: 0.460 Loaded shared library C:\Users\CaioEsdrasAraujoRici\.p2\pool\plugins\org.eclipse.justj.openjdk.hotspot.jre.full.win32.x86_64_21.0.8.v20250724-1412\jre\bin\management_ext.dll
Event: 1.267 Loaded shared library C:\Users\CaioEsdrasAraujoRici\.p2\pool\plugins\org.eclipse.justj.openjdk.hotspot.jre.full.win32.x86_64_21.0.8.v20250724-1412\jre\bin\sunmscapi.dll
Event: 2.983 Loaded shared library C:\Users\CaioEsdrasAraujoRici\.p2\pool\plugins\org.eclipse.justj.openjdk.hotspot.jre.full.win32.x86_64_21.0.8.v20250724-1412\jre\bin\extnet.dll

Deoptimization events (20 events):
Event: 2144.082 Thread 0x0000025007b474c0 DEOPT PACKING pc=0x0000024fb0d64fb8 sp=0x000000f5430fbe80
Event: 2144.082 Thread 0x0000025007b474c0 DEOPT UNPACKING pc=0x0000024fb03546a2 sp=0x000000f5430fbdb0 mode 2
Event: 2144.082 Thread 0x0000025007b474c0 Uncommon trap: trap_request=0xffffff97 fr.pc=0x0000024fb0d64fb8 relative=0x0000000000002758
Event: 2144.082 Thread 0x0000025007b474c0 Uncommon trap: reason=unhandled action=none pc=0x0000024fb0d64fb8 method=java.net.URLClassLoader.findClass(Ljava/lang/String;)Ljava/lang/Class; @ 44 c2
Event: 2144.082 Thread 0x0000025007b474c0 DEOPT PACKING pc=0x0000024fb0d64fb8 sp=0x000000f5430fbe80
Event: 2144.082 Thread 0x0000025007b474c0 DEOPT UNPACKING pc=0x0000024fb03546a2 sp=0x000000f5430fbdb0 mode 2
Event: 2144.082 Thread 0x0000025007b474c0 Uncommon trap: trap_request=0xffffff97 fr.pc=0x0000024fb0d64fb8 relative=0x0000000000002758
Event: 2144.082 Thread 0x0000025007b474c0 Uncommon trap: reason=unhandled action=none pc=0x0000024fb0d64fb8 method=java.net.URLClassLoader.findClass(Ljava/lang/String;)Ljava/lang/Class; @ 44 c2
Event: 2144.083 Thread 0x0000025007b474c0 DEOPT PACKING pc=0x0000024fb0d64fb8 sp=0x000000f5430fbe80
Event: 2144.083 Thread 0x0000025007b474c0 DEOPT UNPACKING pc=0x0000024fb03546a2 sp=0x000000f5430fbdb0 mode 2
Event: 2144.087 Thread 0x0000025007b474c0 Uncommon trap: trap_request=0xffffff97 fr.pc=0x0000024fb0d64fb8 relative=0x0000000000002758
Event: 2144.087 Thread 0x0000025007b474c0 Uncommon trap: reason=unhandled action=none pc=0x0000024fb0d64fb8 method=java.net.URLClassLoader.findClass(Ljava/lang/String;)Ljava/lang/Class; @ 44 c2
Event: 2144.087 Thread 0x0000025007b474c0 DEOPT PACKING pc=0x0000024fb0d64fb8 sp=0x000000f5430fd290
Event: 2144.087 Thread 0x0000025007b474c0 DEOPT UNPACKING pc=0x0000024fb03546a2 sp=0x000000f5430fd1c0 mode 2
Event: 2144.087 Thread 0x0000025007b474c0 Uncommon trap: trap_request=0xffffff97 fr.pc=0x0000024fb0d64fb8 relative=0x0000000000002758
Event: 2144.087 Thread 0x0000025007b474c0 Uncommon trap: reason=unhandled action=none pc=0x0000024fb0d64fb8 method=java.net.URLClassLoader.findClass(Ljava/lang/String;)Ljava/lang/Class; @ 44 c2
Event: 2144.087 Thread 0x0000025007b474c0 DEOPT PACKING pc=0x0000024fb0d64fb8 sp=0x000000f5430fd290
Event: 2144.087 Thread 0x0000025007b474c0 DEOPT UNPACKING pc=0x0000024fb03546a2 sp=0x000000f5430fd1c0 mode 2
Event: 2281.663 Thread 0x0000025007b474c0 DEOPT PACKING pc=0x0000024fa9267a1c sp=0x000000f5430fe150
Event: 2281.663 Thread 0x0000025007b474c0 DEOPT UNPACKING pc=0x0000024fb0354e42 sp=0x000000f5430fd608 mode 0

Classes loaded (20 events):
Event: 1356.423 Loading class java/io/ObjectInputStream$ValidationList
Event: 1356.423 Loading class java/io/ObjectInputStream$ValidationList done
Event: 1356.423 Loading class java/io/ObjectInputFilter$Config
Event: 1356.423 Loading class java/io/ObjectInputFilter$Config done
Event: 1356.423 Loading class java/io/ObjectInputFilter
Event: 1356.423 Loading class java/io/ObjectInputFilter done
Event: 1356.424 Loading class java/io/ObjectInputFilter$Config$BuiltinFilterFactory
Event: 1356.424 Loading class java/io/ObjectInputFilter$Config$BuiltinFilterFactory done
Event: 1356.424 Loading class jdk/internal/access/JavaObjectInputFilterAccess
Event: 1356.424 Loading class jdk/internal/access/JavaObjectInputFilterAccess done
Event: 1356.425 Loading class jdk/internal/event/DeserializationEvent
Event: 1356.425 Loading class jdk/internal/event/DeserializationEvent done
Event: 1356.425 Loading class java/io/ObjectInputStream$FieldValues
Event: 1356.425 Loading class java/io/ObjectInputStream$GetField
Event: 1356.426 Loading class java/io/ObjectInputStream$GetField done
Event: 1356.426 Loading class java/io/ObjectInputStream$FieldValues done
Event: 1356.958 Loading class java/util/function/IntSupplier
Event: 1356.958 Loading class java/util/function/IntSupplier done
Event: 1844.069 Loading class jdk/internal/loader/BootLoader$PackageHelper
Event: 1844.069 Loading class jdk/internal/loader/BootLoader$PackageHelper done

Classes unloaded (14 events):
Event: 1355.784 Thread 0x0000024fbfbcd940 Unloading class 0x0000024fc18ec800 'jdk/internal/reflect/GeneratedSerializationConstructorAccessor1'
Event: 1554.498 Thread 0x0000024fbfbcd940 Unloading class 0x0000024fc1a90400 'jdk/internal/reflect/GeneratedSerializationConstructorAccessor8'
Event: 1554.498 Thread 0x0000024fbfbcd940 Unloading class 0x0000024fc1a65c00 'jdk/internal/reflect/GeneratedSerializationConstructorAccessor7'
Event: 1554.498 Thread 0x0000024fbfbcd940 Unloading class 0x0000024fc1a6c800 'org/apache/catalina/loader/JdbcLeakPrevention'
Event: 1633.081 Thread 0x0000024fbfbcd940 Unloading class 0x0000024fc1a9c400 'jdk/internal/reflect/GeneratedSerializationConstructorAccessor9'
Event: 1633.081 Thread 0x0000024fbfbcd940 Unloading class 0x0000024fc1a90c00 'org/apache/catalina/loader/JdbcLeakPrevention'
Event: 1843.525 Thread 0x0000024fbfbcd940 Unloading class 0x0000024fc1ab1c00 'jdk/internal/reflect/GeneratedSerializationConstructorAccessor11'
Event: 1843.525 Thread 0x0000024fbfbcd940 Unloading class 0x0000024fc1aac000 'jdk/internal/reflect/GeneratedSerializationConstructorAccessor10'
Event: 1843.525 Thread 0x0000024fbfbcd940 Unloading class 0x0000024fc1aac800 'org/apache/catalina/loader/JdbcLeakPrevention'
Event: 2097.663 Thread 0x0000024fbfbcd940 Unloading class 0x0000024fc1ac4000 'org/apache/catalina/loader/JdbcLeakPrevention'
Event: 2158.646 Thread 0x0000024fbfbcd940 Unloading class 0x0000024fc1ad4400 'jdk/internal/reflect/GeneratedSerializationConstructorAccessor13'
Event: 2158.646 Thread 0x0000024fbfbcd940 Unloading class 0x0000024fc1ad4800 'org/apache/catalina/loader/JdbcLeakPrevention'
Event: 2158.646 Thread 0x0000024fbfbcd940 Unloading class 0x0000024fc1ad0000 'jdk/internal/reflect/GeneratedSerializationConstructorAccessor12'
Event: 2158.646 Thread 0x0000024fbfbcd940 Unloading class 0x0000024fc1ad0800 'org/apache/catalina/loader/JdbcLeakPrevention'

Classes redefined (13 events):
Event: 1317.726 Thread 0x0000024fbfbcd940 redefined class name=com.linkar.project.Controllers.PostController, count=1
Event: 1552.848 Thread 0x0000024fbfbcd940 redefined class name=com.linkar.project.Repository.UsuarioRepository, count=1
Event: 1552.848 Thread 0x0000024fbfbcd940 redefined class name=com.linkar.project.Repository.UsuarioRepository, count=1
Event: 1552.848 Thread 0x0000024fbfbcd940 redefined class name=com.linkar.project.Repository.UsuarioRepository, count=1
Event: 1594.553 Thread 0x0000024fbfbcd940 redefined class name=com.linkar.project.Controllers.PostController, count=1
Event: 1594.554 Thread 0x0000024fbfbcd940 redefined class name=com.linkar.project.Controllers.PostController, count=1
Event: 1594.554 Thread 0x0000024fbfbcd940 redefined class name=com.linkar.project.Controllers.PostController, count=1
Event: 1594.554 Thread 0x0000024fbfbcd940 redefined class name=com.linkar.project.Controllers.PostController, count=2
Event: 1666.539 Thread 0x0000024fbfbcd940 redefined class name=com.linkar.project.Controllers.PostController, count=2
Event: 1666.539 Thread 0x0000024fbfbcd940 redefined class name=com.linkar.project.Controllers.PostController, count=1
Event: 1666.539 Thread 0x0000024fbfbcd940 redefined class name=com.linkar.project.Controllers.PostController, count=2
Event: 1666.539 Thread 0x0000024fbfbcd940 redefined class name=com.linkar.project.Controllers.PostController, count=2
Event: 1666.539 Thread 0x0000024fbfbcd940 redefined class name=com.linkar.project.Controllers.PostController, count=3

Internal exceptions (20 events):
Event: 2097.848 Thread 0x0000025007b44040 Exception <a 'java/lang/NoClassDefFoundError'{0x00000007112cde68}: org/springframework/batch/core/repository/JobRepository> (0x00000007112cde68) 
thrown [s\src\hotspot\share\oops\constantPool.cpp, line 873]
Event: 2097.849 Thread 0x0000025007b44040 Exception <a 'java/lang/NoClassDefFoundError'{0x00000007112ce4c0}: org/quartz/Scheduler> (0x00000007112ce4c0) 
thrown [s\src\hotspot\share\oops\constantPool.cpp, line 873]
Event: 2097.850 Thread 0x0000025007b44040 Exception <a 'java/lang/NoClassDefFoundError'{0x00000007112ceb40}: org/springframework/session/jdbc/JdbcIndexedSessionRepository> (0x00000007112ceb40) 
thrown [s\src\hotspot\share\oops\constantPool.cpp, line 873]
Event: 2097.889 Thread 0x0000025007b44040 Exception <a 'java/io/FileNotFoundException'{0x0000000710fd9050}> (0x0000000710fd9050) 
thrown [s\src\hotspot\share\prims\jni.cpp, line 520]
Event: 2097.905 Thread 0x0000025007b44040 Exception <a 'java/io/FileNotFoundException'{0x0000000710da40f0}> (0x0000000710da40f0) 
thrown [s\src\hotspot\share\prims\jni.cpp, line 520]
Event: 2098.278 Thread 0x0000025007b44040 Exception <a 'java/net/BindException'{0x0000000711c15560}: Address already in use: bind> (0x0000000711c15560) 
thrown [s\src\hotspot\share\prims\jni.cpp, line 539]
Event: 2098.283 Thread 0x0000025007b44040 Exception <a 'java/net/BindException'{0x0000000711cb96b8}: Address already in use: bind> (0x0000000711cb96b8) 
thrown [s\src\hotspot\share\prims\jni.cpp, line 539]
Event: 2098.284 Thread 0x0000025007b446d0 Exception <a 'java/lang/InterruptedException'{0x0000000711d106f8}: sleep interrupted> (0x0000000711d106f8) 
thrown [s\src\hotspot\share\prims\jvm.cpp, line 3074]
Event: 2098.287 Thread 0x0000025007b46e30 Exception <a 'java/lang/InterruptedException'{0x0000000711d32778}: sleep interrupted> (0x0000000711d32778) 
thrown [s\src\hotspot\share\prims\jvm.cpp, line 3074]
Event: 2098.291 Thread 0x0000025007b44040 Exception <a 'java/lang/NoClassDefFoundError'{0x0000000711d08128}: jakarta/validation/ValidationException> (0x0000000711d08128) 
thrown [s\src\hotspot\share\classfile\systemDictionary.cpp, line 301]
Event: 2098.292 Thread 0x0000025007b44040 Exception <a 'java/lang/NoClassDefFoundError'{0x0000000711d09d60}: liquibase/exception/ChangeLogParseException> (0x0000000711d09d60) 
thrown [s\src\hotspot\share\classfile\systemDictionary.cpp, line 301]
Event: 2143.688 Thread 0x0000025007b474c0 Exception <a 'sun/nio/fs/WindowsException'{0x0000000710be2a48}> (0x0000000710be2a48) 
thrown [s\src\hotspot\share\prims\jni.cpp, line 520]
Event: 2143.856 Thread 0x0000025007b474c0 Exception <a 'java/lang/NoClassDefFoundError'{0x0000000711b0ea38}: org/flywaydb/core/Flyway> (0x0000000711b0ea38) 
thrown [s\src\hotspot\share\oops\constantPool.cpp, line 873]
Event: 2143.858 Thread 0x0000025007b474c0 Exception <a 'java/lang/NoClassDefFoundError'{0x0000000711b0f098}: liquibase/integration/spring/SpringLiquibase> (0x0000000711b0f098) 
thrown [s\src\hotspot\share\oops\constantPool.cpp, line 873]
Event: 2143.861 Thread 0x0000025007b474c0 Exception <a 'java/lang/NoClassDefFoundError'{0x0000000711b2d188}: org/jooq/DSLContext> (0x0000000711b2d188) 
thrown [s\src\hotspot\share\oops\constantPool.cpp, line 873]
Event: 2143.864 Thread 0x0000025007b474c0 Exception <a 'java/lang/NoClassDefFoundError'{0x0000000711b65fa8}: org/springframework/batch/core/repository/JobRepository> (0x0000000711b65fa8) 
thrown [s\src\hotspot\share\oops\constantPool.cpp, line 873]
Event: 2143.864 Thread 0x0000025007b474c0 Exception <a 'java/lang/NoClassDefFoundError'{0x0000000711b66600}: org/quartz/Scheduler> (0x0000000711b66600) 
thrown [s\src\hotspot\share\oops\constantPool.cpp, line 873]
Event: 2143.865 Thread 0x0000025007b474c0 Exception <a 'java/lang/NoClassDefFoundError'{0x0000000711b66c80}: org/springframework/session/jdbc/JdbcIndexedSessionRepository> (0x0000000711b66c80) 
thrown [s\src\hotspot\share\oops\constantPool.cpp, line 873]
Event: 2143.899 Thread 0x0000025007b474c0 Exception <a 'java/io/FileNotFoundException'{0x00000007114573d0}> (0x00000007114573d0) 
thrown [s\src\hotspot\share\prims\jni.cpp, line 520]
Event: 2143.910 Thread 0x0000025007b474c0 Exception <a 'java/io/FileNotFoundException'{0x000000071120c3e0}> (0x000000071120c3e0) 
thrown [s\src\hotspot\share\prims\jni.cpp, line 520]

ZGC Phase Switch (0 events):
No events

VM Operations (20 events):
Event: 2296.421 Executing VM operation: get/set locals done
Event: 2296.422 Executing VM operation: get/set locals
Event: 2296.422 Executing VM operation: get/set locals done
Event: 2296.422 Executing VM operation: get/set locals
Event: 2296.422 Executing VM operation: get/set locals done
Event: 2296.422 Executing VM operation: get/set locals
Event: 2296.422 Executing VM operation: get/set locals done
Event: 2296.422 Executing VM operation: get/set locals
Event: 2296.422 Executing VM operation: get/set locals done
Event: 2296.423 Executing VM operation: get/set locals
Event: 2296.423 Executing VM operation: get/set locals done
Event: 2296.423 Executing VM operation: get/set locals
Event: 2296.423 Executing VM operation: get/set locals done
Event: 2296.423 Executing VM operation: get/set locals
Event: 2296.423 Executing VM operation: get/set locals done
Event: 2296.423 Executing VM operation: get/set locals
Event: 2296.423 Executing VM operation: get/set locals done
Event: 2296.424 Executing VM operation: get/set locals
Event: 2296.424 Executing VM operation: get/set locals done
Event: 2363.781 Executing VM operation: G1CollectForAllocation (G1 Evacuation Pause)

Memory protections (0 events):
No events

Nmethod flushes (20 events):
Event: 2158.659 Thread 0x0000024fbfbcd940 flushing  nmethod 0x0000024fa8eb3010
Event: 2158.659 Thread 0x0000024fbfbcd940 flushing  nmethod 0x0000024fa8f62990
Event: 2158.659 Thread 0x0000024fbfbcd940 flushing  nmethod 0x0000024fa8f68e10
Event: 2158.659 Thread 0x0000024fbfbcd940 flushing  nmethod 0x0000024fa8fe9290
Event: 2158.659 Thread 0x0000024fbfbcd940 flushing  nmethod 0x0000024fa901f490
Event: 2158.659 Thread 0x0000024fbfbcd940 flushing  nmethod 0x0000024fa9030d10
Event: 2158.659 Thread 0x0000024fbfbcd940 flushing  nmethod 0x0000024fa9031910
Event: 2158.659 Thread 0x0000024fbfbcd940 flushing  nmethod 0x0000024fa92af710
Event: 2158.659 Thread 0x0000024fbfbcd940 flushing  nmethod 0x0000024fa92b5d90
Event: 2158.659 Thread 0x0000024fbfbcd940 flushing  nmethod 0x0000024fa938e010
Event: 2158.659 Thread 0x0000024fbfbcd940 flushing  nmethod 0x0000024fa938e590
Event: 2158.659 Thread 0x0000024fbfbcd940 flushing  nmethod 0x0000024fa939ed10
Event: 2158.659 Thread 0x0000024fbfbcd940 flushing  nmethod 0x0000024fa93a1690
Event: 2158.659 Thread 0x0000024fbfbcd940 flushing  nmethod 0x0000024fa94e8b10
Event: 2158.659 Thread 0x0000024fbfbcd940 flushing  nmethod 0x0000024fa95d5690
Event: 2158.659 Thread 0x0000024fbfbcd940 flushing  nmethod 0x0000024fa95e1690
Event: 2158.659 Thread 0x0000024fbfbcd940 flushing  nmethod 0x0000024fa9b3dd10
Event: 2158.659 Thread 0x0000024fbfbcd940 flushing  nmethod 0x0000024fa9bac390
Event: 2158.659 Thread 0x0000024fbfbcd940 flushing  nmethod 0x0000024fa9bad590
Event: 2158.659 Thread 0x0000024fbfbcd940 flushing  nmethod 0x0000024fa9bb7690

Events (20 events):
Event: 2097.757 Thread 0x0000024fbfc0eaa0 Thread added: 0x000002500777c580
Event: 2097.906 Thread 0x0000025007b44040 Thread added: 0x0000025007b474c0
Event: 2097.906 Thread 0x0000025007b44040 Thread added: 0x0000025007b467a0
Event: 2097.907 Thread 0x0000025007b44040 Thread added: 0x0000025007b46e30
Event: 2098.278 Thread 0x0000025007b44040 Thread added: 0x0000025007b446d0
Event: 2098.284 Thread 0x0000025007b446d0 Thread exited: 0x0000025007b446d0
Event: 2098.288 Thread 0x0000025007b46e30 Thread exited: 0x0000025007b46e30
Event: 2098.288 Thread 0x0000025007b467a0 Thread exited: 0x0000025007b467a0
Event: 2098.288 Thread 0x0000025007b474c0 Thread exited: 0x0000025007b474c0
Event: 2098.294 Thread 0x0000025007b44040 Thread exited: 0x0000025007b44040
Event: 2098.294 Thread 0x00000250064e24f0 Thread added: 0x0000025007b46e30
Event: 2103.292 Thread 0x000002500777c580 Thread exited: 0x000002500777c580
Event: 2143.678 Thread 0x00000250064e24f0 Thread added: 0x0000025007b474c0
Event: 2143.712 Thread 0x0000025007b474c0 Thread added: 0x0000025007b44040
Event: 2143.729 Thread 0x0000025007b44040 Thread exited: 0x0000025007b44040
Event: 2143.790 Thread 0x0000024fbfc0eaa0 Thread added: 0x000002500777f530
Event: 2143.911 Thread 0x0000025007b474c0 Thread added: 0x0000025007b44040
Event: 2143.911 Thread 0x0000025007b474c0 Thread added: 0x0000025007b467a0
Event: 2143.911 Thread 0x0000025007b474c0 Thread added: 0x0000025007b446d0
Event: 2149.136 Thread 0x000002500777f530 Thread exited: 0x000002500777f530


Dynamic libraries:
0x00007ff693bd0000 - 0x00007ff693bde000 	C:\Users\CaioEsdrasAraujoRici\.p2\pool\plugins\org.eclipse.justj.openjdk.hotspot.jre.full.win32.x86_64_21.0.8.v20250724-1412\jre\bin\javaw.exe
0x00007ffde4de0000 - 0x00007ffde5043000 	C:\Windows\SYSTEM32\ntdll.dll
0x00007ffde4110000 - 0x00007ffde41d7000 	C:\Windows\System32\KERNEL32.DLL
0x00007ffde2450000 - 0x00007ffde2817000 	C:\Windows\System32\KERNELBASE.dll
0x00007ffde2970000 - 0x00007ffde2abc000 	C:\Windows\System32\ucrtbase.dll
0x00007ffdca2c0000 - 0x00007ffdca2d8000 	C:\Users\CaioEsdrasAraujoRici\.p2\pool\plugins\org.eclipse.justj.openjdk.hotspot.jre.full.win32.x86_64_21.0.8.v20250724-1412\jre\bin\jli.dll
0x00007ffde4380000 - 0x00007ffde4549000 	C:\Windows\System32\USER32.dll
0x00007ffdca160000 - 0x00007ffdca17e000 	C:\Users\CaioEsdrasAraujoRici\.p2\pool\plugins\org.eclipse.justj.openjdk.hotspot.jre.full.win32.x86_64_21.0.8.v20250724-1412\jre\bin\VCRUNTIME140.dll
0x00007ffdc5180000 - 0x00007ffdc5410000 	C:\Windows\WinSxS\amd64_microsoft.windows.common-controls_6595b64144ccf1df_6.0.26100.3037_none_3e09262ce333c378\COMCTL32.dll
0x00007ffde2bf0000 - 0x00007ffde2c17000 	C:\Windows\System32\win32u.dll
0x00007ffde4d00000 - 0x00007ffde4d2a000 	C:\Windows\System32\GDI32.dll
0x00007ffde2ac0000 - 0x00007ffde2beb000 	C:\Windows\System32\gdi32full.dll
0x00007ffde3180000 - 0x00007ffde3229000 	C:\Windows\System32\msvcrt.dll
0x00007ffde28c0000 - 0x00007ffde2963000 	C:\Windows\System32\msvcp_win.dll
0x00007ffde4d60000 - 0x00007ffde4d8f000 	C:\Windows\System32\IMM32.DLL
0x00007ffdcab60000 - 0x00007ffdcab6c000 	C:\Users\CaioEsdrasAraujoRici\.p2\pool\plugins\org.eclipse.justj.openjdk.hotspot.jre.full.win32.x86_64_21.0.8.v20250724-1412\jre\bin\vcruntime140_1.dll
0x00007ffda8dc0000 - 0x00007ffda8e4d000 	C:\Users\CaioEsdrasAraujoRici\.p2\pool\plugins\org.eclipse.justj.openjdk.hotspot.jre.full.win32.x86_64_21.0.8.v20250724-1412\jre\bin\msvcp140.dll
0x00007ffd84970000 - 0x00007ffd85707000 	C:\Users\CaioEsdrasAraujoRici\.p2\pool\plugins\org.eclipse.justj.openjdk.hotspot.jre.full.win32.x86_64_21.0.8.v20250724-1412\jre\bin\server\jvm.dll
0x00007ffde4660000 - 0x00007ffde4714000 	C:\Windows\System32\ADVAPI32.dll
0x00007ffde4850000 - 0x00007ffde48f6000 	C:\Windows\System32\sechost.dll
0x00007ffde3ca0000 - 0x00007ffde3db6000 	C:\Windows\System32\RPCRT4.dll
0x00007ffde30b0000 - 0x00007ffde3124000 	C:\Windows\System32\WS2_32.dll
0x00007ffdd7040000 - 0x00007ffdd7076000 	C:\Windows\SYSTEM32\WINMM.dll
0x00007ffde19c0000 - 0x00007ffde1a0e000 	C:\Windows\SYSTEM32\POWRPROF.dll
0x00007ffdcf150000 - 0x00007ffdcf15b000 	C:\Windows\SYSTEM32\VERSION.dll
0x00007ffde19a0000 - 0x00007ffde19b4000 	C:\Windows\SYSTEM32\UMPDC.dll
0x00007ffde0e40000 - 0x00007ffde0e5a000 	C:\Windows\SYSTEM32\kernel.appcore.dll
0x00007ffddb9c0000 - 0x00007ffddb9ca000 	C:\Users\CaioEsdrasAraujoRici\.p2\pool\plugins\org.eclipse.justj.openjdk.hotspot.jre.full.win32.x86_64_21.0.8.v20250724-1412\jre\bin\jimage.dll
0x00007ffddf710000 - 0x00007ffddf951000 	C:\Windows\SYSTEM32\DBGHELP.DLL
0x00007ffde4960000 - 0x00007ffde4cde000 	C:\Windows\System32\combase.dll
0x00007ffde3400000 - 0x00007ffde34d6000 	C:\Windows\System32\OLEAUT32.dll
0x00007ffdca730000 - 0x00007ffdca769000 	C:\Windows\SYSTEM32\dbgcore.DLL
0x00007ffde2820000 - 0x00007ffde28b9000 	C:\Windows\System32\bcryptPrimitives.dll
0x00007ffdc80b0000 - 0x00007ffdc80ec000 	C:\Users\CaioEsdrasAraujoRici\.p2\pool\plugins\org.eclipse.justj.openjdk.hotspot.jre.full.win32.x86_64_21.0.8.v20250724-1412\jre\bin\jdwp.dll
0x00007ffdca870000 - 0x00007ffdca87f000 	C:\Users\CaioEsdrasAraujoRici\.p2\pool\plugins\org.eclipse.justj.openjdk.hotspot.jre.full.win32.x86_64_21.0.8.v20250724-1412\jre\bin\instrument.dll
0x00007ffdda200000 - 0x00007ffdda21f000 	C:\Users\CaioEsdrasAraujoRici\.p2\pool\plugins\org.eclipse.justj.openjdk.hotspot.jre.full.win32.x86_64_21.0.8.v20250724-1412\jre\bin\java.dll
0x00007ffde3590000 - 0x00007ffde3c94000 	C:\Windows\System32\SHELL32.dll
0x00007ffddfb10000 - 0x00007ffde0347000 	C:\Windows\SYSTEM32\windows.storage.dll
0x00007ffde3ec0000 - 0x00007ffde3fa9000 	C:\Windows\System32\SHCORE.dll
0x00007ffde4900000 - 0x00007ffde495d000 	C:\Windows\System32\shlwapi.dll
0x00007ffde2090000 - 0x00007ffde20be000 	C:\Windows\SYSTEM32\profapi.dll
0x00007ffdd9ce0000 - 0x00007ffdd9cf8000 	C:\Users\CaioEsdrasAraujoRici\.p2\pool\plugins\org.eclipse.justj.openjdk.hotspot.jre.full.win32.x86_64_21.0.8.v20250724-1412\jre\bin\zip.dll
0x00007ffdca500000 - 0x00007ffdca50b000 	C:\Users\CaioEsdrasAraujoRici\.p2\pool\plugins\org.eclipse.justj.openjdk.hotspot.jre.full.win32.x86_64_21.0.8.v20250724-1412\jre\bin\dt_socket.dll
0x00007ffde0600000 - 0x00007ffde0632000 	C:\Windows\SYSTEM32\IPHLPAPI.DLL
0x00007ffde1460000 - 0x00007ffde14ca000 	C:\Windows\system32\mswsock.dll
0x00007ffde0640000 - 0x00007ffde0765000 	C:\Windows\SYSTEM32\DNSAPI.dll
0x00007ffde4840000 - 0x00007ffde484a000 	C:\Windows\System32\NSI.dll
0x00007ffdd8e00000 - 0x00007ffdd8e0b000 	C:\Windows\System32\rasadhlp.dll
0x00007ffddae80000 - 0x00007ffddaf05000 	C:\Windows\System32\fwpuclnt.dll
0x00007ffdda840000 - 0x00007ffdda850000 	C:\Users\CaioEsdrasAraujoRici\.p2\pool\plugins\org.eclipse.justj.openjdk.hotspot.jre.full.win32.x86_64_21.0.8.v20250724-1412\jre\bin\net.dll
0x00007ffde0e60000 - 0x00007ffde0f7e000 	C:\Windows\SYSTEM32\WINHTTP.dll
0x00007ffdcf910000 - 0x00007ffdcf926000 	C:\Users\CaioEsdrasAraujoRici\.p2\pool\plugins\org.eclipse.justj.openjdk.hotspot.jre.full.win32.x86_64_21.0.8.v20250724-1412\jre\bin\nio.dll
0x00007ffdda1f0000 - 0x00007ffdda200000 	C:\Users\CaioEsdrasAraujoRici\.p2\pool\plugins\org.eclipse.justj.openjdk.hotspot.jre.full.win32.x86_64_21.0.8.v20250724-1412\jre\bin\verify.dll
0x00007ffdc9080000 - 0x00007ffdc908a000 	C:\Users\CaioEsdrasAraujoRici\.p2\pool\plugins\org.eclipse.justj.openjdk.hotspot.jre.full.win32.x86_64_21.0.8.v20250724-1412\jre\bin\management.dll
0x00007ffdc9070000 - 0x00007ffdc907b000 	C:\Users\CaioEsdrasAraujoRici\.p2\pool\plugins\org.eclipse.justj.openjdk.hotspot.jre.full.win32.x86_64_21.0.8.v20250724-1412\jre\bin\management_ext.dll
0x00007ffde4830000 - 0x00007ffde4838000 	C:\Windows\System32\PSAPI.DLL
0x00007ffdd9cd0000 - 0x00007ffdd9cde000 	C:\Users\CaioEsdrasAraujoRici\.p2\pool\plugins\org.eclipse.justj.openjdk.hotspot.jre.full.win32.x86_64_21.0.8.v20250724-1412\jre\bin\sunmscapi.dll
0x00007ffde2240000 - 0x00007ffde23b6000 	C:\Windows\System32\CRYPT32.dll
0x00007ffde1a70000 - 0x00007ffde1aa0000 	C:\Windows\SYSTEM32\ncrypt.dll
0x00007ffde1a20000 - 0x00007ffde1a5f000 	C:\Windows\SYSTEM32\NTASN1.dll
0x00007ffde1810000 - 0x00007ffde182c000 	C:\Windows\SYSTEM32\CRYPTSP.dll
0x00007ffde0da0000 - 0x00007ffde0dd8000 	C:\Windows\system32\rsaenh.dll
0x00007ffde1500000 - 0x00007ffde152b000 	C:\Windows\SYSTEM32\USERENV.dll
0x00007ffde1ab0000 - 0x00007ffde1ad6000 	C:\Windows\SYSTEM32\bcrypt.dll
0x00007ffde1690000 - 0x00007ffde169c000 	C:\Windows\SYSTEM32\CRYPTBASE.dll
0x00007ffdd2590000 - 0x00007ffdd2599000 	C:\Users\CaioEsdrasAraujoRici\.p2\pool\plugins\org.eclipse.justj.openjdk.hotspot.jre.full.win32.x86_64_21.0.8.v20250724-1412\jre\bin\extnet.dll
0x00007ffdc0560000 - 0x00007ffdc0568000 	C:\Windows\system32\wshunix.dll

JVMTI agents:
jdwp path:C:\Users\CaioEsdrasAraujoRici\.p2\pool\plugins\org.eclipse.justj.openjdk.hotspot.jre.full.win32.x86_64_21.0.8.v20250724-1412\jre\bin\jdwp.dll, loaded, initialized, options:transport=dt_socket,suspend=y,address=localhost:62054
C:\Users\CaioEsdrasAraujoRici\eclipse\java-2025-09\eclipse\configuration\org.eclipse.osgi\250\0\.cp\lib\javaagent-shaded.jar path:C:\Users\CaioEsdrasAraujoRici\.p2\pool\plugins\org.eclipse.justj.openjdk.hotspot.jre.full.win32.x86_64_21.0.8.v20250724-1412\jre\bin\instrument.dll, loaded, initialized, instrumentlib options:none

dbghelp: loaded successfully - version: 4.0.5 - missing functions: none
symbol engine: initialized successfully - sym options: 0x614 - pdb path: .;C:\Users\CaioEsdrasAraujoRici\.p2\pool\plugins\org.eclipse.justj.openjdk.hotspot.jre.full.win32.x86_64_21.0.8.v20250724-1412\jre\bin;C:\Windows\SYSTEM32;C:\Windows\WinSxS\amd64_microsoft.windows.common-controls_6595b64144ccf1df_6.0.26100.3037_none_3e09262ce333c378;C:\Users\CaioEsdrasAraujoRici\.p2\pool\plugins\org.eclipse.justj.openjdk.hotspot.jre.full.win32.x86_64_21.0.8.v20250724-1412\jre\bin\server

VM Arguments:
jvm_args: -XX:+ShowCodeDetailsInExceptionMessages -agentlib:jdwp=transport=dt_socket,suspend=y,address=localhost:62054 -javaagent:C:\Users\CaioEsdrasAraujoRici\eclipse\java-2025-09\eclipse\configuration\org.eclipse.osgi\250\0\.cp\lib\javaagent-shaded.jar -Dfile.encoding=UTF-8 -Dstdout.encoding=UTF-8 -Dstderr.encoding=UTF-8 
java_command: com.linkar.project.ProjectApplication
java_class_path (initial): C:\Users\CaioEsdrasAraujoRici\Desktop\repositorios\Rede-social--Linkar-\project\target\classes;C:\Users\CaioEsdrasAraujoRici\.m2\repository\org\springframework\boot\spring-boot-starter-data-jpa\3.5.6\spring-boot-starter-data-jpa-3.5.6.jar;C:\Users\CaioEsdrasAraujoRici\.m2\repository\org\springframework\boot\spring-boot-starter\3.5.6\spring-boot-starter-3.5.6.jar;C:\Users\CaioEsdrasAraujoRici\.m2\repository\org\springframework\boot\spring-boot-starter-logging\3.5.6\spring-boot-starter-logging-3.5.6.jar;C:\Users\CaioEsdrasAraujoRici\.m2\repository\ch\qos\logback\logback-classic\1.5.18\logback-classic-1.5.18.jar;C:\Users\CaioEsdrasAraujoRici\.m2\repository\ch\qos\logback\logback-core\1.5.18\logback-core-1.5.18.jar;C:\Users\CaioEsdrasAraujoRici\.m2\repository\org\apache\logging\log4j\log4j-to-slf4j\2.24.3\log4j-to-slf4j-2.24.3.jar;C:\Users\CaioEsdrasAraujoRici\.m2\repository\org\apache\logging\log4j\log4j-api\2.24.3\log4j-api-2.24.3.jar;C:\Users\CaioEsdrasAraujoRici\.m2\repository\org\slf4j\jul-to-slf4j\2.0.17\jul-to-slf4j-2.0.17.jar;C:\Users\CaioEsdrasAraujoRici\.m2\repository\jakarta\annotation\jakarta.annotation-api\2.1.1\jakarta.annotation-api-2.1.1.jar;C:\Users\CaioEsdrasAraujoRici\.m2\repository\org\yaml\snakeyaml\2.4\snakeyaml-2.4.jar;C:\Users\CaioEsdrasAraujoRici\.m2\repository\org\springframework\boot\spring-boot-starter-jdbc\3.5.6\spring-boot-starter-jdbc-3.5.6.jar;C:\Users\CaioEsdrasAraujoRici\.m2\repository\com\zaxxer\HikariCP\6.3.3\HikariCP-6.3.3.jar;C:\Users\CaioEsdrasAraujoRici\.m2\repository\org\springframework\spring-jdbc\6.2.11\spring-jdbc-6.2.11.jar;C:\Users\CaioEsdrasAraujoRici\.m2\repository\org\hibernate\orm\hibernate-core\6.6.29.Final\hibernate-core-6.6.29.Final.jar;C:\Users\CaioEsdrasAraujoRici\.m2\repository\jakarta\persistence\jakarta.persistence-api\3.1.0\jakarta.persistence-api-3.1.0.jar;C:\Users\CaioEsdrasAraujoRici\.m2\repository\jakarta\transaction\jakarta.transaction-api\2.0.1\jakarta.transaction-api-2.0.1.jar;C:\Users\CaioEsdrasAraujoRici\.m2\repository\org\jboss\logging\jboss-logging\3.6.1.Final\jboss-logging-3.6.1.Final.jar;C:\Users\CaioEsdrasAraujoRici\.m2\repository\org\hibernate\common\hibernate-commons-annotations\7.0.3.Final\hibernate-commons-annotations-7.0.3.Final.jar;C:\Users\CaioEsdrasAraujoRici\.m2\repository\io\smallrye\jandex\3.2.0\jandex-3.2.0.jar;C:\Users\CaioEsdrasAraujoRici\.m2\repository\com\fasterxml\classmate\1.7.0\classmate-1.7.0.jar;C:\Users\CaioEsdrasAraujoRici\.m2\repository\net\bytebuddy\byte-buddy\1.17.7\byte-buddy-1.17.7.jar;C:\Users\CaioEsdrasAraujoRici\.m2\repository\org\glassfish\jaxb\jaxb-runtime\4.0.5\jaxb-runtime-4.0.5.jar;C:\Users\CaioEsdrasAraujoRici\.m2\repository\org\glassfish\jaxb\jaxb-core\4.0.5\jaxb-core-4.0.5.jar;C:\Users\CaioEsdrasAraujoRici\.m2\repository\org\eclipse\angus\angus-activation\2.0.2\angus-activation-2.0.2.jar;C:\Users\CaioEsdrasAraujoRici\.m2\repository\org\glassfish\jaxb\txw2\4.0.5\txw2-4.0.5.jar;C:\Users\CaioEsdrasAraujoRici\.m2\repository\com\sun\istack\istack-commons-runtime\4.1.2\istack-commons-runtime-4.1.2.jar;C:\Users\CaioEsdrasAraujoRici\.m2\repository\jakarta\inject\jakarta.inject-api\2.0.1\jakarta.inject-api-2.0.1.jar;C:\Users\CaioEsdrasAraujoRici\.m2\repository\org\antlr\antlr4-runtime\4.13.0\antlr4-runtime-4.13.0.jar;C:\Users\CaioEsdrasAraujoRici\.m2\repository\org\springframework\data\spring-data-jpa\3.5.4\spring-data-jpa-3.5.4.jar;C:\Users\CaioEsdrasAraujoRici\.m2\repository\org\springframework\data\spring-data-commons\3.5.4\spring-data-commons-3.5.4.jar;C:\Users\CaioEsdrasAraujoRici\.m2\repository\org\springframework\spring-orm\6.2.11\spring-orm-6.2.11.jar;C:\Users\CaioEsdrasAraujoRici\.m2\repository\org\springframework\spring-context\6.2.11\spring-context-6.2.11.jar;C:\Users\CaioEsdrasAraujoRici\.m2\repository\org\springframework\spring-aop\6.2.11\spring-aop-6.2.11.jar;C:\Users\CaioEsdrasAraujoRici\.m2\repository\org\springframework\spring-tx\6.2.11\spring-tx-6.2.11.jar;C:\Users\CaioEsdrasAraujoRici\.m2\repository\org\springframework\spring-beans\6.2.11\spring-beans-6.2.11.jar;C:\Users\CaioEsdrasAraujoRici\.m2\repository\org\slf4j\slf4j-api\2.0.17\slf4j-api-2.0.17.jar;C:\Users\CaioEsdrasAraujoRici\.m2\repository\org\springframework\spring-aspects\6.2.11\spring-aspects-6.2.11.jar;C:\Users\CaioEsdrasAraujoRici\.m2\repository\org\aspectj\aspectjweaver\1.9.24\aspectjweaver-1.9.24.jar;C:\Users\CaioEsdrasAraujoRici\.m2\repository\org\springframework\boot\spring-boot-starter-thymeleaf\3.5.6\spring-boot-starter-thymeleaf-3.5.6.jar;C:\Users\CaioEsdrasAraujoRici\.m2\repository\org\thymeleaf\thymeleaf-spring6\3.1.3.RELEASE\thymeleaf-spring6-3.1.3.RELEASE.jar;C:\Users\CaioEsdrasAraujoRici\.m2\repository\org\thymeleaf\thymeleaf\3.1.3.RELEASE\thymeleaf-3.1.3.RELEASE.jar;C:\Users\CaioEsdrasAraujoRici\.m2\repository\org\attoparser\attoparser\2.0.7.RELEASE\attoparser-2.0.7.RELEASE.jar;C:\Users\CaioEsdrasAraujoRici\.m2\repository\org\unbescape\unbescape\1.1.6.RELEASE\unbescape-1.1.6.RELEASE.jar;C:\Users\CaioEsdrasAraujoRici\.m2\repository\org\springframework\boot\spring-boot-starter-web\3.5.6\spring-boot-starter-web-3.5.6.jar;C:\Users\CaioEsdrasAraujoRici\.m2\repository\org\springframework\boot\spring-boot-starter-json\3.5.6\spring-boot-starter-json-3.5.6.jar;C:\Users\CaioEsdrasAraujoRici\.m2\repository\com\fasterxml\jackson\core\jackson-databind\2.19.2\jackson-databind-2.19.2.jar;C:\Users\CaioEsdrasAraujoRici\.m2\repository\com\fasterxml\jackson\core\jackson-annotations\2.19.2\jackson-annotations-2.19.2.jar;C:\Users\CaioEsdrasAraujoRici\.m2\repository\com\fasterxml\jackson\core\jackson-core\2.19.2\jackson-core-2.19.2.jar;C:\Users\CaioEsdrasAraujoRici\.m2\repository\com\fasterxml\jackson\datatype\jackson-datatype-jdk8\2.19.2\jackson-datatype-jdk8-2.19.2.jar;C:\Users\CaioEsdrasAraujoRici\.m2\repository\com\fasterxml\jackson\datatype\jackson-datatype-jsr310\2.19.2\jackson-datatype-jsr310-2.19.2.jar;C:\Users\CaioEsdrasAraujoRici\.m2\repository\com\fasterxml\jackson\module\jackson-module-parameter-names\2.19.2\jackson-module-parameter-names-2.19.2.jar;C:\Users\CaioEsdrasAraujoRici\.m2\repository\org\springframework\boot\spring-boot-starter-tomcat\3.5.6\spring-boot-starter-tomcat-3.5.6.jar;C:\Users\CaioEsdrasAraujoRici\.m2\repository\org\apache\tomcat\embed\tomcat-embed-core\10.1.46\tomcat-embed-core-10.1.46.jar;C:\Users\CaioEsdrasAraujoRici\.m2\repository\org\apache\tomcat\embed\tomcat-embed-el\10.1.46\tomcat-embed-el-10.1.46.jar;C:\Users\CaioEsdrasAraujoRici\.m2\repository\org\apache\tomcat\embed\tomcat-embed-websocket\10.1.46\tomcat-embed-websocket-10.1.46.jar;C:\Users\CaioEsdrasAraujoRici\.m2\repository\org\springframework\spring-web\6.2.11\spring-web-6.2.11.jar;C:\Users\CaioEsdrasAraujoRici\.m2\repository\io\micrometer\micrometer-observation\1.15.4\micrometer-observation-1.15.4.jar;C:\Users\CaioEsdrasAraujoRici\.m2\repository\io\micrometer\micrometer-commons\1.15.4\micrometer-commons-1.15.4.jar;C:\Users\CaioEsdrasAraujoRici\.m2\repository\org\springframework\spring-webmvc\6.2.11\spring-webmvc-6.2.11.jar;C:\Users\CaioEsdrasAraujoRici\.m2\repository\org\springframework\spring-expression\6.2.11\spring-expression-6.2.11.jar;C:\Users\CaioEsdrasAraujoRici\.m2\repository\org\springframework\boot\spring-boot-devtools\3.5.6\spring-boot-devtools-3.5.6.jar;C:\Users\CaioEsdrasAraujoRici\.m2\repository\org\springframework\boot\spring-boot\3.5.6\spring-boot-3.5.6.jar;C:\Users\CaioEsdrasAraujoRici\.m2\repository\org\springframework\boot\spring-boot-autoconfigure\3.5.6\spring-boot-autoconfigure-3.5.6.jar;C:\Users\CaioEsdrasAraujoRici\.m2\repository\com\mysql\mysql-connector-j\9.4.0\mysql-connector-j-9.4.0.jar;C:\Users\CaioEsdrasAraujoRici\.m2\repository\jakarta\xml\bind\jakarta.xml.bind-api\4.0.2\jakarta.xml.bind-api-4.0.2.jar;C:\Users\CaioEsdrasAraujoRici\.m2\repository\jakarta\activation\jakarta.activation-api\2.1.4\jakarta.activation-api-2.1.4.jar;C:\Users\CaioEsdrasAraujoRici\.m2\repository\org\springframework\spring-core\6.2.11\spring-core-6.2.11.jar;C:\Users\CaioEsdrasAraujoRici\.m2\repository\org\springframework\spring-jcl\6.2.11\spring-jcl-6.2.11.jar
Launcher Type: SUN_STANDARD

[Global flags]
     intx CICompilerCount                          = 4                                         {product} {ergonomic}
     uint ConcGCThreads                            = 3                                         {product} {ergonomic}
     uint G1ConcRefinementThreads                  = 10                                        {product} {ergonomic}
   size_t G1HeapRegionSize                         = 2097152                                   {product} {ergonomic}
    uintx GCDrainStackTargetSize                   = 64                                        {product} {ergonomic}
   size_t InitialHeapSize                          = 255852544                                 {product} {ergonomic}
   size_t MarkStackSize                            = 4194304                                   {product} {ergonomic}
   size_t MaxHeapSize                              = 4093640704                                {product} {ergonomic}
   size_t MaxNewSize                               = 2455764992                                {product} {ergonomic}
   size_t MinHeapDeltaBytes                        = 2097152                                   {product} {ergonomic}
   size_t MinHeapSize                              = 8388608                                   {product} {ergonomic}
    uintx NonNMethodCodeHeapSize                   = 5839372                                {pd product} {ergonomic}
    uintx NonProfiledCodeHeapSize                  = 122909434                              {pd product} {ergonomic}
    uintx ProfiledCodeHeapSize                     = 122909434                              {pd product} {ergonomic}
    uintx ReservedCodeCacheSize                    = 251658240                              {pd product} {ergonomic}
     bool SegmentedCodeCache                       = true                                      {product} {ergonomic}
     bool ShowCodeDetailsInExceptionMessages       = true                                   {manageable} {command line}
   size_t SoftMaxHeapSize                          = 4093640704                             {manageable} {ergonomic}
     bool UseCompressedOops                        = true                           {product lp64_product} {ergonomic}
     bool UseG1GC                                  = true                                      {product} {ergonomic}
     bool UseLargePagesIndividualAllocation        = false                                  {pd product} {ergonomic}

Logging:
Log output configuration:
 #0: stdout all=warning uptime,level,tags foldmultilines=false
 #1: stderr all=off uptime,level,tags foldmultilines=false

Environment Variables:
PATH=C:\Users\CaioEsdrasAraujoRici\.p2\pool\plugins\org.eclipse.justj.openjdk.hotspot.jre.full.win32.x86_64_21.0.8.v20250724-1412\jre\bin;C:/Users/CaioEsdrasAraujoRici/.p2/pool/plugins/org.eclipse.justj.openjdk.hotspot.jre.full.win32.x86_64_21.0.8.v20250724-1412/jre/bin/server;C:/Users/CaioEsdrasAraujoRici/.p2/pool/plugins/org.eclipse.justj.openjdk.hotspot.jre.full.win32.x86_64_21.0.8.v20250724-1412/jre/bin;C:\app\Administrador\product\21c\dbhomeXE\bin;C:\Program Files (x86)\Common Files\Oracle\Java\java8path;C:\Program Files (x86)\Common Files\Oracle\Java\javapath;C:\Windows\system32;C:\Windows;C:\Windows\System32\Wbem;C:\Windows\System32\WindowsPowerShell\v1.0\;C:\Windows\System32\OpenSSH\;C:\Program Files\Git\cmd;C:\Program Files\Docker\Docker\resources\bin;C:\Program Files\Microsoft VS Code\bin;C:\ProgramData\chocolatey\bin;C:\Program Files\dotnet\;C:\Program Files\nodejs\;C:\Program Files\MySQL\MySQL Shell 8.0\bin\;C:\Users\CaioEsdrasAraujoRici\AppData\Local\Microsoft\WindowsApps;C:\Program Files (x86)\GitHubDesktop\bin;C:\Users\CaioEsdrasAraujoRici\AppData\Local\Programs\Microsoft VS Code\bin;C:\Users\CaioEsdrasAraujoRici\AppData\Roaming\npm;C:\Users\CaioEsdrasAraujoRici\Desktop;
USERNAME=CaioEsdrasAraujoRici
OS=Windows_NT
PROCESSOR_IDENTIFIER=Intel64 Family 6 Model 186 Stepping 3, GenuineIntel
TMP=C:\Users\CAIOES~1\AppData\Local\Temp
TEMP=C:\Users\CAIOES~1\AppData\Local\Temp




Periodic native trim disabled

---------------  S Y S T E M  ---------------

OS:
 Windows 11 , 64 bit Build 26100 (10.0.26100.3037)
OS uptime: 0 days 5:08 hours
Hyper-V role detected

CPU: total 12 (initial active 12) (6 cores per cpu, 2 threads per core) family 6 model 186 stepping 3 microcode 0x411c, cx8, cmov, fxsr, ht, mmx, 3dnowpref, sse, sse2, sse3, ssse3, sse4.1, sse4.2, popcnt, lzcnt, tsc, tscinvbit, avx, avx2, aes, erms, clmul, bmi1, bmi2, adx, sha, fma, vzeroupper, clflush, clflushopt, clwb, hv, serialize, rdtscp, rdpid, fsrm, f16c, cet_ibt, cet_ss
Processor Information for processor 0
  Max Mhz: 1600, Current Mhz: 1600, Mhz Limit: 1600
Processor Information for processor 1
  Max Mhz: 1600, Current Mhz: 1600, Mhz Limit: 1600
Processor Information for processor 2
  Max Mhz: 1600, Current Mhz: 1600, Mhz Limit: 1600
Processor Information for processor 3
  Max Mhz: 1600, Current Mhz: 1600, Mhz Limit: 1600
Processor Information for processor 4
  Max Mhz: 1600, Current Mhz: 1200, Mhz Limit: 1200
Processor Information for processor 5
  Max Mhz: 1600, Current Mhz: 1200, Mhz Limit: 1200
Processor Information for processor 6
  Max Mhz: 1600, Current Mhz: 1200, Mhz Limit: 1200
Processor Information for processor 7
  Max Mhz: 1600, Current Mhz: 1200, Mhz Limit: 1200
Processor Information for processor 8
  Max Mhz: 1600, Current Mhz: 1200, Mhz Limit: 1200
Processor Information for processor 9
  Max Mhz: 1600, Current Mhz: 1200, Mhz Limit: 1200
Processor Information for processor 10
  Max Mhz: 1600, Current Mhz: 1200, Mhz Limit: 1200
Processor Information for processor 11
  Max Mhz: 1600, Current Mhz: 1200, Mhz Limit: 1200

Memory: 4k page, system-wide physical 15608M (3536M free)
TotalPageFile size 21752M (AvailPageFile size 2406M)
current process WorkingSet (physical memory assigned to process): 367M, peak: 384M
current process commit charge ("private bytes"): 409M, peak: 454M

vm_info: OpenJDK 64-Bit Server VM (21.0.8+9-LTS) for windows-amd64 JRE (21.0.8+9-LTS), built on 2025-07-15T00:00:00Z by "admin" with MS VC++ 17.7 (VS2022)

END.
