#
# A fatal error has been detected by the Java Runtime Environment:
#
#  EXCEPTION_ACCESS_VIOLATION (0xc0000005) at pc=0x00007ffd84cd8d24, pid=9484, tid=22424
#
# JRE version: OpenJDK Runtime Environment Temurin-21.0.8+9 (21.0.8+9) (build 21.0.8+9-LTS)
# Java VM: OpenJDK 64-Bit Server VM Temurin-21.0.8+9 (21.0.8+9-LTS, mixed mode, sharing, tiered, compressed oops, compressed class ptrs, g1 gc, windows-amd64)
# Problematic frame:
# V  [jvm.dll+0x368d24]
#
# No core dump will be written. Minidumps are not enabled by default on client versions of Windows
#
# If you would like to submit a bug report, please visit:
#   https://github.com/adoptium/adoptium-support/issues
#

---------------  S U M M A R Y ------------

Command Line: -XX:+ShowCodeDetailsInExceptionMessages -agentlib:jdwp=transport=dt_socket,suspend=y,address=localhost:58822 -javaagent:C:\Users\CaioEsdrasAraujoRici\eclipse\java-2025-09\eclipse\configuration\org.eclipse.osgi\250\0\.cp\lib\javaagent-shaded.jar -Dfile.encoding=UTF-8 -Dstdout.encoding=UTF-8 -Dstderr.encoding=UTF-8 com.linkar.project.ProjectApplication

Host: 13th Gen Intel(R) Core(TM) i5-1345U, 12 cores, 15G,  Windows 11 , 64 bit Build 26100 (10.0.26100.3037)
Time: Fri Nov 14 12:16:15 2025 Hora oficial do Brasil elapsed time: 2852.206446 seconds (0d 0h 47m 32s)

---------------  T H R E A D  ---------------

Current thread (0x000001e1644c2cc0):  WorkerThread "GC Thread#8"    [id=22424, stack(0x000000c6db400000,0x000000c6db500000) (1024K)]

Stack: [0x000000c6db400000,0x000000c6db500000],  sp=0x000000c6db4fe2f0,  free space=1016k
Native frames: (J=compiled Java code, j=interpreted, Vv=VM code, C=native code)
V  [jvm.dll+0x368d24]
V  [jvm.dll+0x31758b]
V  [jvm.dll+0x316fdd]
V  [jvm.dll+0x3f18b5]
V  [jvm.dll+0x8581b6]
V  [jvm.dll+0x861fa1]
V  [jvm.dll+0x36944a]
V  [jvm.dll+0x3692da]
V  [jvm.dll+0x370bb4]
V  [jvm.dll+0x370d2b]
V  [jvm.dll+0x8dc2e7]
V  [jvm.dll+0x857e6b]
V  [jvm.dll+0x6d0b0d]
C  [ucrtbase.dll+0x37b0]
C  [KERNEL32.DLL+0x2e8d7]
C  [ntdll.dll+0xbbf2c]

JavaThread 0x000001e1666d48c0 (nid = 6828) was being processed
Java frames: (J=compiled Java code, j=interpreted, Vv=VM code)
j  java.lang.invoke.DirectMethodHandle$Holder.newInvokeSpecial(Ljava/lang/Object;)Ljava/lang/Object;+15 java.base@21.0.8
J 10014 c2 java.lang.reflect.Constructor.newInstanceWithCaller([Ljava/lang/Object;ZLjava/lang/Class;)Ljava/lang/Object; java.base@21.0.8 (51 bytes) @ 0x000001e10e70f1e0 [0x000001e10e70ee60+0x0000000000000380]
J 14541 c2 org.springframework.beans.BeanUtils.instantiateClass(Ljava/lang/reflect/Constructor;[Ljava/lang/Object;)Ljava/lang/Object; (208 bytes) @ 0x000001e10ee1a4a8 [0x000001e10ee1a260+0x0000000000000248]
J 9250 c1 org.springframework.beans.factory.support.SimpleInstantiationStrategy.instantiate(Lorg/springframework/beans/factory/support/RootBeanDefinition;Ljava/lang/String;Lorg/springframework/beans/factory/BeanFactory;)Ljava/lang/Object; (123 bytes) @ 0x000001e10781c6d4 [0x000001e10781bfa0+0x0000000000000734]
J 10727 c1 org.springframework.beans.factory.support.AbstractAutowireCapableBeanFactory.instantiateBean(Ljava/lang/String;Lorg/springframework/beans/factory/support/RootBeanDefinition;)Lorg/springframework/beans/BeanWrapper; (51 bytes) @ 0x000001e106fe5e5c [0x000001e106fe5c60+0x00000000000001fc]
J 7837 c1 org.springframework.beans.factory.support.AbstractAutowireCapableBeanFactory.createBeanInstance(Ljava/lang/String;Lorg/springframework/beans/factory/support/RootBeanDefinition;[Ljava/lang/Object;)Lorg/springframework/beans/BeanWrapper; (245 bytes) @ 0x000001e1077d14ec [0x000001e1077d0160+0x000000000000138c]
J 8829 c1 org.springframework.beans.factory.support.AbstractAutowireCapableBeanFactory.doCreateBean(Ljava/lang/String;Lorg/springframework/beans/factory/support/RootBeanDefinition;[Ljava/lang/Object;)Ljava/lang/Object; (465 bytes) @ 0x000001e107581174 [0x000001e107580c20+0x0000000000000554]
J 8832 c1 org.springframework.beans.factory.support.AbstractAutowireCapableBeanFactory.createBean(Ljava/lang/String;Lorg/springframework/beans/factory/support/RootBeanDefinition;[Ljava/lang/Object;)Ljava/lang/Object; (214 bytes) @ 0x000001e106fbd1d4 [0x000001e106fbbea0+0x0000000000001334]
J 8918 c1 org.springframework.beans.factory.support.AbstractBeanFactory.lambda$doGetBean$0(Ljava/lang/String;Lorg/springframework/beans/factory/support/RootBeanDefinition;[Ljava/lang/Object;)Ljava/lang/Object; (18 bytes) @ 0x000001e106f91e1c [0x000001e106f91ce0+0x000000000000013c]
J 6690 c1 org.springframework.beans.factory.support.AbstractBeanFactory$$Lambda+0x000001e1201c3dd0.getObject()Ljava/lang/Object; (20 bytes) @ 0x000001e106b61d6c [0x000001e106b61cc0+0x00000000000000ac]
J 8834 c1 org.springframework.beans.factory.support.DefaultSingletonBeanRegistry.getSingleton(Ljava/lang/String;Lorg/springframework/beans/factory/ObjectFactory;)Ljava/lang/Object; (1299 bytes) @ 0x000001e1075a7d3c [0x000001e1075a3c40+0x00000000000040fc]
J 10033 c2 org.springframework.beans.factory.support.AbstractBeanFactory.doGetBean(Ljava/lang/String;Ljava/lang/Class;[Ljava/lang/Object;Z)Ljava/lang/Object; (787 bytes) @ 0x000001e10eb187e4 [0x000001e10eb17bc0+0x0000000000000c24]
J 6524 c1 org.springframework.beans.factory.support.AbstractBeanFactory.getBean(Ljava/lang/String;)Ljava/lang/Object; (9 bytes) @ 0x000001e1076a1eec [0x000001e1076a1dc0+0x000000000000012c]
J 8888 c1 org.springframework.beans.factory.support.DefaultListableBeanFactory.instantiateSingleton(Ljava/lang/String;)V (56 bytes) @ 0x000001e107122ea4 [0x000001e107121e60+0x0000000000001044]
J 6677 c1 org.springframework.beans.factory.support.DefaultListableBeanFactory.preInstantiateSingleton(Ljava/lang/String;Lorg/springframework/beans/factory/support/RootBeanDefinition;)Ljava/util/concurrent/CompletableFuture; (165 bytes) @ 0x000001e106dd5a84 [0x000001e106dd4e80+0x0000000000000c04]
j  org.springframework.beans.factory.support.DefaultListableBeanFactory.preInstantiateSingletons()V+123
j  org.springframework.context.support.AbstractApplicationContext.finishBeanFactoryInitialization(Lorg/springframework/beans/factory/config/ConfigurableListableBeanFactory;)V+284
j  org.springframework.context.support.AbstractApplicationContext.refresh()V+94
j  org.springframework.boot.web.servlet.context.ServletWebServerApplicationContext.refresh()V+1
j  org.springframework.boot.SpringApplication.refresh(Lorg/springframework/context/ConfigurableApplicationContext;)V+1
j  org.springframework.boot.SpringApplication.refreshContext(Lorg/springframework/context/ConfigurableApplicationContext;)V+19
j  org.springframework.boot.SpringApplication.run([Ljava/lang/String;)Lorg/springframework/context/ConfigurableApplicationContext;+113
j  org.springframework.boot.SpringApplication.run([Ljava/lang/Class;[Ljava/lang/String;)Lorg/springframework/context/ConfigurableApplicationContext;+9
j  org.springframework.boot.SpringApplication.run(Ljava/lang/Class;[Ljava/lang/String;)Lorg/springframework/context/ConfigurableApplicationContext;+9
j  com.linkar.project.ProjectApplication.main([Ljava/lang/String;)V+3
j  java.lang.invoke.LambdaForm$DMH+0x000001e1200ab400.invokeStatic(Ljava/lang/Object;Ljava/lang/Object;)V+10 java.base@21.0.8
j  java.lang.invoke.LambdaForm$MH+0x000001e1200acc00.invoke(Ljava/lang/Object;Ljava/lang/Object;Ljava/lang/Object;)Ljava/lang/Object;+33 java.base@21.0.8
J 9778 c2 java.lang.reflect.Method.invoke(Ljava/lang/Object;[Ljava/lang/Object;)Ljava/lang/Object; java.base@21.0.8 (108 bytes) @ 0x000001e10ebdaa50 [0x000001e10ebd9e00+0x0000000000000c50]
j  org.springframework.boot.devtools.restart.RestartLauncher.run()V+47
v  ~StubRoutines::call_stub 0x000001e10e05100d

siginfo: EXCEPTION_ACCESS_VIOLATION (0xc0000005), reading address 0x000001e10323b872


Registers:
RAX=0x00000000000636d9, RBX=0x000001e1682169e8, RCX=0x0000000000000015, RDX=0x000001e103174ac0
RSP=0x000000c6db4fe2f0, RBP=0x000000c6db4fe420, RSI=0x000000c6db4fe5f0, RDI=0x000000c6db2fdae0
R8 =0x000000c6db2fdae0, R9 =0x000001e1031292b0, R10=0x000001e10e050000, R11=0x000000c6db4fe498
R12=0x000001e11f5427f8, R13=0x000001e11e22d1a0, R14=0x000001e16436d340, R15=0x0000000000000000
RIP=0x00007ffd84cd8d24, EFLAGS=0x0000000000010202

XMM[0]=0x3b3b3b3b3b3b3b3b 0x3b3b3b3b3b3b3b3b
XMM[1]=0x0000000000000000 0x00000000000000ff
XMM[2]=0x0000000000000000 0x0000000000000000
XMM[3]=0x0000000000000000 0x40a6484bacdc6c7d
XMM[4]=0x0000000000000000 0x0000000000000000
XMM[5]=0xe1f421bce1f4b6e2 0xe1f4222f00000000
XMM[6]=0x0000000000000000 0x0000000000000000
XMM[7]=0x0000000000000000 0x0000000000000000
XMM[8]=0x0000000000000000 0x0000000000000000
XMM[9]=0x0000000000000000 0x0000000000000000
XMM[10]=0x0000000000000000 0x0000000000000000
XMM[11]=0x0000000000000000 0x0000000000000000
XMM[12]=0x0000000000000000 0x0000000000000000
XMM[13]=0x0000000000000000 0x0000000000000000
XMM[14]=0x0000000000000000 0x0000000000000000
XMM[15]=0x0000000000000000 0x0000000000000000
  MXCSR=0x00001fa0


Register to memory mapping:

RAX=0x00000000000636d9 is an unknown value
RBX=0x000001e1682169e8 points into unknown readable memory: 0x00007ffd853a3d50 | 50 3d 3a 85 fd 7f 00 00
RCX=0x0000000000000015 is an unknown value
RDX=0x000001e103174ac0 points into unknown readable memory: 0x0000000000000000 | 00 00 00 00 00 00 00 00
RSP=0x000000c6db4fe2f0 points into unknown readable memory: 0x000000c6db4fe3b0 | b0 e3 4f db c6 00 00 00
RBP=0x000000c6db4fe420 points into unknown readable memory: 0x000000c600000001 | 01 00 00 00 c6 00 00 00
RSI=0x000000c6db4fe5f0 points into unknown readable memory: 0x000000c6db2fdad8 | d8 da 2f db c6 00 00 00
RDI=0x000000c6db2fdae0 is pointing into the stack for thread: 0x000001e1666d48c0
R8 =0x000000c6db2fdae0 is pointing into the stack for thread: 0x000001e1666d48c0
R9 =0x000001e1031292b0 points into unknown readable memory: 0x00007ffd8539ad50 | 50 ad 39 85 fd 7f 00 00
R10=0x000001e10e050000 points into unknown readable memory: 0x0000000000000006 | 06 00 00 00 00 00 00 00
R11=0x000000c6db4fe498 points into unknown readable memory: 0x00007ffd84c86fdd | dd 6f c8 84 fd 7f 00 00
R12=0x000001e11f5427f8 is pointing into metadata
R13=0x000001e11e22d1a0 points into unknown readable memory: 0x0000000000000000 | 00 00 00 00 00 00 00 00
R14=0x000001e16436d340 points into unknown readable memory: 0x0000000000000002 | 02 00 00 00 00 00 00 00
R15=0x0 is null

Top of Stack: (sp=0x000000c6db4fe2f0)
0x000000c6db4fe2f0:   000000c6db4fe3b0 000000c6db4fe5f0
0x000000c6db4fe300:   000001e11f480090 0000000000000000
0x000000c6db4fe310:   000001e1682169e8 00007ffd84c8758b
0x000000c6db4fe320:   0000000000000001 000001e11f0b5da0
0x000000c6db4fe330:   000001e1682169e8 000000c6db4fe5f0
0x000000c6db4fe340:   0000000f0ee34001 000001e11f0b5da0
0x000000c6db4fe350:   000001e1644c2cc0 000001e100000003
0x000000c6db4fe360:   00000000000003d8 000001e11e22d1b0
0x000000c6db4fe370:   000001e11e22d588 000001e11f72b44f
0x000000c6db4fe380:   000001e1000000b8 000001e11f0b5da0
0x000000c6db4fe390:   00007ffd853995f0 000000c6db4fe5f0
0x000000c6db4fe3a0:   000001e1682169e8 0000000500000002
0x000000c6db4fe3b0:   000001e11f5427f8 0000001300000001
0x000000c6db4fe3c0:   0000000000000032 000000010000000c
0x000000c6db4fe3d0:   000001e11f480090 0000000000000000
0x000000c6db4fe3e0:   000001e165c45d1c 00001db000000011
0x000000c6db4fe3f0:   0000000b00000009 0000ffff09a8e400
0x000000c6db4fe400:   00007ffd851d0f90 000001e1682169e8
0x000000c6db4fe410:   000001e16064f740 000000061e22001c
0x000000c6db4fe420:   000000c600000001 0000000000000019
0x000000c6db4fe430:   000001e1682169e8 00007ffd84cd8dae
0x000000c6db4fe440:   0000000000000000 000000c600000002
0x000000c6db4fe450:   00001db0c4e720f9 00007ffd84c97c87
0x000000c6db4fe460:   000001e1682169e8 00000000000003d8
0x000000c6db4fe470:   000001e11e22d588 000000c6db4fe5f0
0x000000c6db4fe480:   000001e168216a90 00007ffd851d0f90
0x000000c6db4fe490:   000001e1682169e8 00007ffd84c86fdd
0x000000c6db4fe4a0:   0000000000000000 000001e168216a90
0x000000c6db4fe4b0:   0000000000000000 00007ffd84d63746
0x000000c6db4fe4c0:   000000c6db4fe520 00007ffd00000000
0x000000c6db4fe4d0:   0000000100000000 0000ffff00000000
0x000000c6db4fe4e0:   000001e1666d48c0 00007ffd85114551 

Instructions: (pc=0x00007ffd84cd8d24)
0x00007ffd84cd8c24:   00 00 48 d3 e8 0f b7 14 42 0f b7 c2 66 c1 e8 08
0x00007ffd84cd8c34:   84 c0 78 3a 4c 8b 07 41 0f b6 c0 24 03 3c 03 75
0x00007ffd84cd8c44:   06 49 83 e0 fc eb 12 48 8b 4b 10 4d 8b c8 4c 8b
0x00007ffd84cd8c54:   c7 e8 36 1a ff ff 4c 8b c0 4c 2b 05 bc 73 8c 00
0x00007ffd84cd8c64:   8b 0d be 73 8c 00 49 d3 e8 44 89 06 eb 5a 3c fd
0x00007ffd84cd8c74:   75 37 41 8b 88 18 02 00 00 48 8b d7 49 8b 80 10
0x00007ffd84cd8c84:   02 00 00 48 d3 e0 8b 0d 20 48 93 00 48 2b d0 49
0x00007ffd84cd8c94:   8b 80 90 05 00 00 48 d3 ea 8b ca 80 7c 48 01 fd
0x00007ffd84cd8ca4:   75 17 c6 44 48 01 ff eb 10 3c fc 75 0c 48 8b 4b
0x00007ffd84cd8cb4:   10 48 8b d6 e8 f3 f2 ff ff 8b 53 18 4c 8b c7 48
0x00007ffd84cd8cc4:   8b 4b 28 e8 84 3c fb ff 48 8b 4b 10 e8 4b f3 fe
0x00007ffd84cd8cd4:   ff 48 8b 7c 24 30 48 8b 5c 24 38 48 83 c4 20 5e
0x00007ffd84cd8ce4:   c3 cc cc cc cc cc cc cc cc cc cc cc 48 89 5c 24
0x00007ffd84cd8cf4:   08 57 48 83 ec 20 4c 8b 02 48 8b fa 48 8b d9 4d
0x00007ffd84cd8d04:   85 c0 0f 84 a2 00 00 00 4c 8b 49 08 49 8b c0 41
0x00007ffd84cd8d14:   8b 89 b0 05 00 00 49 8b 91 a0 05 00 00 48 d3 e8
0x00007ffd84cd8d24:   0f b7 14 42 0f b7 c2 66 c1 e8 08 84 c0 78 29 49
0x00007ffd84cd8d34:   8b 08 0f b6 c1 24 03 3c 03 75 09 48 83 e1 fc 48
0x00007ffd84cd8d44:   89 0f eb 5d 4c 8b c9 48 8b 4b 10 e8 3c 19 ff ff
0x00007ffd84cd8d54:   48 8b c8 48 89 07 eb 49 3c fd 75 35 41 8b 89 18
0x00007ffd84cd8d64:   02 00 00 49 8b 81 10 02 00 00 48 d3 e0 8b 0d 39
0x00007ffd84cd8d74:   47 93 00 4c 2b c0 49 8b 81 90 05 00 00 49 d3 e8
0x00007ffd84cd8d84:   41 8b c8 80 7c 48 01 fd 75 17 c6 44 48 01 ff eb
0x00007ffd84cd8d94:   10 3c fc 75 0c 48 8b 4b 10 48 8b d7 e8 ab f1 ff
0x00007ffd84cd8da4:   ff 48 8b 4b 10 e8 72 f2 fe ff 48 8b 5c 24 30 48
0x00007ffd84cd8db4:   83 c4 20 5f c3 cc cc cc cc cc cc cc 48 89 5c 24
0x00007ffd84cd8dc4:   08 57 48 83 ec 20 8b 02 48 8b fa 48 8b d9 85 c0
0x00007ffd84cd8dd4:   0f 84 c6 00 00 00 8b 0d 48 72 8c 00 44 8b d0 4c
0x00007ffd84cd8de4:   8b 43 08 49 d3 e2 4c 03 15 2f 72 8c 00 49 8b c2
0x00007ffd84cd8df4:   41 8b 88 b0 05 00 00 49 8b 90 a0 05 00 00 48 d3
0x00007ffd84cd8e04:   e8 0f b7 14 42 0f b7 c2 66 c1 e8 08 84 c0 78 3a
0x00007ffd84cd8e14:   4d 8b 02 41 0f b6 c0 24 03 3c 03 75 06 49 83 e0 


Stack slot to memory mapping:

stack at sp + 0 slots: 0x000000c6db4fe3b0 points into unknown readable memory: 0x000001e11f5427f8 | f8 27 54 1f e1 01 00 00
stack at sp + 1 slots: 0x000000c6db4fe5f0 points into unknown readable memory: 0x000000c6db2fdad8 | d8 da 2f db c6 00 00 00
stack at sp + 2 slots: 0x000001e11f480090 is pointing into metadata
stack at sp + 3 slots: 0x0 is null
stack at sp + 4 slots: 0x000001e1682169e8 points into unknown readable memory: 0x00007ffd853a3d50 | 50 3d 3a 85 fd 7f 00 00
stack at sp + 5 slots: 0x00007ffd84c8758b jvm.dll
stack at sp + 6 slots: 0x0000000000000001 is an unknown value
stack at sp + 7 slots: {method} {0x000001e11f0b5da8} 'newInvokeSpecial' '(Ljava/lang/Object;)Ljava/lang/Object;' in 'java/lang/invoke/DirectMethodHandle$Holder'


---------------  P R O C E S S  ---------------

Threads class SMR info:
_java_thread_list=0x000001e1667429a0, length=39, elements={
0x000001e1016427f0, 0x000001e11ddcd110, 0x000001e11ddce110, 0x000001e11e1080b0,
0x000001e11e108710, 0x000001e11e10a320, 0x000001e11e10f000, 0x000001e11e10fd80,
0x000001e11e1189d0, 0x000001e11dd9c320, 0x000001e11e2d4810, 0x000001e11e3907c0,
0x000001e11e4522d0, 0x000001e16427bd70, 0x000001e166317fd0, 0x000001e1666d76b0,
0x000001e1666d6990, 0x000001e1666d4f50, 0x000001e1666d4230, 0x000001e1666da4a0,
0x000001e1666dab30, 0x000001e1666d9780, 0x000001e166318cf0, 0x000001e166316c20,
0x000001e1669de9e0, 0x000001e1669e0ab0, 0x000001e1669e2b80, 0x000001e1666d6300,
0x000001e1666d8a60, 0x000001e1669de350, 0x000001e1669e1e60, 0x000001e1669e24f0,
0x000001e1669df070, 0x000001e1669dfd90, 0x000001e166317940, 0x000001e1666d48c0,
0x000001e1666d55e0, 0x000001e1666d90f0, 0x000001e1666d5c70
}

Java Threads: ( => current thread )
  0x000001e1016427f0 JavaThread "main"                              [_thread_blocked, id=20948, stack(0x000000c6d9400000,0x000000c6d9500000) (1024K)]
  0x000001e11ddcd110 JavaThread "Reference Handler"          daemon [_thread_blocked, id=10252, stack(0x000000c6d9c00000,0x000000c6d9d00000) (1024K)]
  0x000001e11ddce110 JavaThread "Finalizer"                  daemon [_thread_blocked, id=2944, stack(0x000000c6d9d00000,0x000000c6d9e00000) (1024K)]
  0x000001e11e1080b0 JavaThread "Signal Dispatcher"          daemon [_thread_blocked, id=13912, stack(0x000000c6d9e00000,0x000000c6d9f00000) (1024K)]
  0x000001e11e108710 JavaThread "Attach Listener"            daemon [_thread_blocked, id=10728, stack(0x000000c6d9f00000,0x000000c6da000000) (1024K)]
  0x000001e11e10a320 JavaThread "Service Thread"             daemon [_thread_blocked, id=3244, stack(0x000000c6da000000,0x000000c6da100000) (1024K)]
  0x000001e11e10f000 JavaThread "Monitor Deflation Thread"   daemon [_thread_blocked, id=4320, stack(0x000000c6da100000,0x000000c6da200000) (1024K)]
  0x000001e11e10fd80 JavaThread "C2 CompilerThread0"         daemon [_thread_blocked, id=4128, stack(0x000000c6da200000,0x000000c6da300000) (1024K)]
  0x000001e11e1189d0 JavaThread "C1 CompilerThread0"         daemon [_thread_blocked, id=12636, stack(0x000000c6da300000,0x000000c6da400000) (1024K)]
  0x000001e11dd9c320 JavaThread "Common-Cleaner"             daemon [_thread_blocked, id=18476, stack(0x000000c6da400000,0x000000c6da500000) (1024K)]
  0x000001e11e2d4810 JavaThread "JDWP Transport Listener: dt_socket" daemon [_thread_blocked, id=2972, stack(0x000000c6da500000,0x000000c6da600000) (1024K)]
  0x000001e11e3907c0 JavaThread "JDWP Event Helper Thread"   daemon [_thread_blocked, id=1840, stack(0x000000c6da600000,0x000000c6da700000) (1024K)]
  0x000001e11e4522d0 JavaThread "JDWP Command Reader"        daemon [_thread_in_native, id=22416, stack(0x000000c6da700000,0x000000c6da800000) (1024K)]
  0x000001e16427bd70 JavaThread "Notification Thread"        daemon [_thread_blocked, id=1860, stack(0x000000c6daa00000,0x000000c6dab00000) (1024K)]
  0x000001e166317fd0 JavaThread "mysql-cj-abandoned-connection-cleanup" daemon [_thread_blocked, id=18904, stack(0x000000c6dbc00000,0x000000c6dbd00000) (1024K)]
  0x000001e1666d76b0 JavaThread "Live Reload Server"         daemon [_thread_in_native, id=12740, stack(0x000000c6dbf00000,0x000000c6dc000000) (1024K)]
  0x000001e1666d6990 JavaThread "http-nio-8082-exec-2"       daemon [_thread_blocked, id=7884, stack(0x000000c6dc000000,0x000000c6dc100000) (1024K)]
  0x000001e1666d4f50 JavaThread "File Watcher"               daemon [_thread_blocked, id=20888, stack(0x000000c6d9300000,0x000000c6d9400000) (1024K)]
  0x000001e1666d4230 JavaThread "File Watcher"               daemon [_thread_blocked, id=17824, stack(0x000000c6da900000,0x000000c6daa00000) (1024K)]
  0x000001e1666da4a0 JavaThread "http-nio-8089-exec-1"       daemon [_thread_blocked, id=15224, stack(0x000000c6dbd00000,0x000000c6dbe00000) (1024K)]
  0x000001e1666dab30 JavaThread "http-nio-8089-exec-2"       daemon [_thread_blocked, id=17816, stack(0x000000c6dbe00000,0x000000c6dbf00000) (1024K)]
  0x000001e1666d9780 JavaThread "http-nio-8089-exec-3"       daemon [_thread_blocked, id=5140, stack(0x000000c6dc100000,0x000000c6dc200000) (1024K)]
  0x000001e166318cf0 JavaThread "http-nio-8089-exec-4"       daemon [_thread_blocked, id=19956, stack(0x000000c6dc200000,0x000000c6dc300000) (1024K)]
  0x000001e166316c20 JavaThread "http-nio-8089-exec-7"       daemon [_thread_blocked, id=2688, stack(0x000000c6dc500000,0x000000c6dc600000) (1024K)]
  0x000001e1669de9e0 JavaThread "http-nio-8089-exec-9"       daemon [_thread_blocked, id=15884, stack(0x000000c6dc700000,0x000000c6dc800000) (1024K)]
  0x000001e1669e0ab0 JavaThread "File Watcher"               daemon [_thread_blocked, id=1500, stack(0x000000c6da800000,0x000000c6da900000) (1024K)]
  0x000001e1669e2b80 JavaThread "http-nio-8082-exec-2"       daemon [_thread_blocked, id=22264, stack(0x000000c6dc800000,0x000000c6dc900000) (1024K)]
  0x000001e1666d6300 JavaThread "File Watcher"               daemon [_thread_blocked, id=19352, stack(0x000000c6db600000,0x000000c6db700000) (1024K)]
  0x000001e1666d8a60 JavaThread "File Watcher"               daemon [_thread_blocked, id=8480, stack(0x000000c6db300000,0x000000c6db400000) (1024K)]
  0x000001e1669de350 JavaThread "http-nio-8082-exec-1"       daemon [_thread_blocked, id=5364, stack(0x000000c6dc900000,0x000000c6dca00000) (1024K)]
  0x000001e1669e1e60 JavaThread "http-nio-8082-exec-2"       daemon [_thread_blocked, id=4516, stack(0x000000c6dca00000,0x000000c6dcb00000) (1024K)]
  0x000001e1669e24f0 JavaThread "http-nio-8082-exec-1"       daemon [_thread_blocked, id=12500, stack(0x000000c6dcc00000,0x000000c6dcd00000) (1024K)]
  0x000001e1669df070 JavaThread "http-nio-8082-exec-2"       daemon [_thread_blocked, id=2180, stack(0x000000c6dcd00000,0x000000c6dce00000) (1024K)]
  0x000001e1669dfd90 JavaThread "http-nio-8082-exec-4"       daemon [_thread_blocked, id=9544, stack(0x000000c6dcf00000,0x000000c6dd000000) (1024K)]
  0x000001e166317940 JavaThread "Thread-38"                         [_thread_blocked, id=13348, stack(0x000000c6d9200000,0x000000c6d9300000) (1024K)]
  0x000001e1666d48c0 JavaThread "restartedMain"                     [_thread_blocked, id=6828, stack(0x000000c6db200000,0x000000c6db300000) (1024K)]
  0x000001e1666d55e0 JavaThread "Catalina-utility-1"                [_thread_blocked, id=6460, stack(0x000000c6dbb00000,0x000000c6dbc00000) (1024K)]
  0x000001e1666d90f0 JavaThread "Catalina-utility-2"                [_thread_blocked, id=18112, stack(0x000000c6dc300000,0x000000c6dc400000) (1024K)]
  0x000001e1666d5c70 JavaThread "container-5"                       [_thread_blocked, id=11456, stack(0x000000c6dc400000,0x000000c6dc500000) (1024K)]
Total: 39

Other Threads:
  0x000001e101628370 VMThread "VM Thread"                           [id=22364, stack(0x000000c6d9b00000,0x000000c6d9c00000) (1024K)]
  0x000001e11dd9b2e0 WatcherThread "VM Periodic Task Thread"        [id=20008, stack(0x000000c6d9a00000,0x000000c6d9b00000) (1024K)]
  0x000001e101629590 WorkerThread "GC Thread#0"                     [id=19544, stack(0x000000c6d9500000,0x000000c6d9600000) (1024K)]
  0x000001e101629930 WorkerThread "GC Thread#1"                     [id=14044, stack(0x000000c6dab00000,0x000000c6dac00000) (1024K)]
  0x000001e1644c0c20 WorkerThread "GC Thread#2"                     [id=19912, stack(0x000000c6dac00000,0x000000c6dad00000) (1024K)]
  0x000001e1644c37a0 WorkerThread "GC Thread#3"                     [id=11540, stack(0x000000c6dad00000,0x000000c6dae00000) (1024K)]
  0x000001e1644c3060 WorkerThread "GC Thread#4"                     [id=14560, stack(0x000000c6dae00000,0x000000c6daf00000) (1024K)]
  0x000001e1644c0fc0 WorkerThread "GC Thread#5"                     [id=19868, stack(0x000000c6daf00000,0x000000c6db000000) (1024K)]
  0x000001e1644c1aa0 WorkerThread "GC Thread#6"                     [id=7644, stack(0x000000c6db000000,0x000000c6db100000) (1024K)]
  0x000001e1644c1e40 WorkerThread "GC Thread#7"                     [id=12508, stack(0x000000c6db100000,0x000000c6db200000) (1024K)]
=>0x000001e1644c2cc0 WorkerThread "GC Thread#8"                     [id=22424, stack(0x000000c6db400000,0x000000c6db500000) (1024K)]
  0x000001e1644c3ee0 WorkerThread "GC Thread#9"                     [id=12684, stack(0x000000c6db500000,0x000000c6db600000) (1024K)]
  0x000001e10318cb80 ConcurrentGCThread "G1 Main Marker"            [id=10236, stack(0x000000c6d9600000,0x000000c6d9700000) (1024K)]
  0x000001e101627fd0 WorkerThread "G1 Conc#0"                       [id=21772, stack(0x000000c6d9700000,0x000000c6d9800000) (1024K)]
  0x000001e1644895a0 WorkerThread "G1 Conc#1"                       [id=2168, stack(0x000000c6db800000,0x000000c6db900000) (1024K)]
  0x000001e164487c40 WorkerThread "G1 Conc#2"                       [id=1880, stack(0x000000c6db900000,0x000000c6dba00000) (1024K)]
  0x000001e1031ce6e0 ConcurrentGCThread "G1 Refine#0"               [id=22356, stack(0x000000c6d9800000,0x000000c6d9900000) (1024K)]
  0x000001e11dc6c6b0 ConcurrentGCThread "G1 Service"                [id=3544, stack(0x000000c6d9900000,0x000000c6d9a00000) (1024K)]
Total: 18

Threads with active compile tasks:
Total: 0

VM state: at safepoint (normal execution)

VM Mutex/Monitor currently owned by a thread:  ([mutex/lock_event])
[0x00007ffd85625458] Threads_lock - owner thread: 0x000001e101628370
[0x00007ffd85625558] Heap_lock - owner thread: 0x000001e1666d6300

Heap address: 0x000000070c000000, size: 3904 MB, Compressed Oops mode: Zero based, Oop shift amount: 3

CDS archive(s) mapped at: [0x000001e11f000000-0x000001e11fc80000-0x000001e11fc80000), size 13107200, SharedBaseAddress: 0x000001e11f000000, ArchiveRelocationMode: 1.
Compressed class space mapped at: 0x000001e120000000-0x000001e160000000, reserved size: 1073741824
Narrow klass base: 0x000001e11f000000, Narrow klass shift: 0, Narrow klass range: 0x100000000

GC Precious Log:
 CardTable entry size: 512
 Card Set container configuration: InlinePtr #cards 4 size 8 Array Of Cards #cards 16 size 48 Howl #buckets 8 coarsen threshold 3686 Howl Bitmap #cards 512 size 80 coarsen threshold 460 Card regions per heap region 1 cards per card region 4096
 CPUs: 12 total, 12 available
 Memory: 15608M
 Large Page Support: Disabled
 NUMA Support: Disabled
 Compressed Oops: Enabled (Zero based)
 Heap Region Size: 2M
 Heap Min Capacity: 8M
 Heap Initial Capacity: 244M
 Heap Max Capacity: 3904M
 Pre-touch: Disabled
 Parallel Workers: 10
 Concurrent Workers: 3
 Concurrent Refinement Workers: 10
 Periodic GC: Disabled

Heap:
 garbage-first heap   total 116736K, used 95313K [0x000000070c000000, 0x0000000800000000)
  region size 2048K, 22 young (45056K), 1 survivors (2048K)
 Metaspace       used 86842K, committed 87808K, reserved 1179648K
  class space    used 10989K, committed 11456K, reserved 1048576K

Heap Regions: E=young(eden), S=young(survivor), O=old, HS=humongous(starts), HC=humongous(continues), CS=collection set, F=free, TAMS=top-at-mark-start, PB=parsable bottom
|   0|0x000000070c000000, 0x000000070c200000, 0x000000070c200000|100%| O|  |TAMS 0x000000070c000000| PB 0x000000070c000000| Untracked 
|   1|0x000000070c200000, 0x000000070c3fffe8, 0x000000070c400000| 99%| O|  |TAMS 0x000000070c200000| PB 0x000000070c200000| Untracked 
|   2|0x000000070c400000, 0x000000070c5ebaf8, 0x000000070c600000| 96%| O|  |TAMS 0x000000070c400000| PB 0x000000070c400000| Untracked 
|   3|0x000000070c600000, 0x000000070c7ffff8, 0x000000070c800000| 99%| O|  |TAMS 0x000000070c600000| PB 0x000000070c600000| Untracked 
|   4|0x000000070c800000, 0x000000070ca00000, 0x000000070ca00000|100%| O|  |TAMS 0x000000070c800000| PB 0x000000070c800000| Untracked 
|   5|0x000000070ca00000, 0x000000070cbfffe0, 0x000000070cc00000| 99%| O|  |TAMS 0x000000070ca00000| PB 0x000000070ca00000| Untracked 
|   6|0x000000070cc00000, 0x000000070cdfffe8, 0x000000070ce00000| 99%| O|  |TAMS 0x000000070cc00000| PB 0x000000070cc00000| Untracked 
|   7|0x000000070ce00000, 0x000000070d000000, 0x000000070d000000|100%| O|  |TAMS 0x000000070ce00000| PB 0x000000070ce00000| Untracked 
|   8|0x000000070d000000, 0x000000070d1fffe8, 0x000000070d200000| 99%| O|  |TAMS 0x000000070d000000| PB 0x000000070d000000| Untracked 
|   9|0x000000070d200000, 0x000000070d400000, 0x000000070d400000|100%| O|  |TAMS 0x000000070d200000| PB 0x000000070d200000| Untracked 
|  10|0x000000070d400000, 0x000000070d600000, 0x000000070d600000|100%| O|  |TAMS 0x000000070d400000| PB 0x000000070d400000| Untracked 
|  11|0x000000070d600000, 0x000000070d7fffe0, 0x000000070d800000| 99%| O|  |TAMS 0x000000070d600000| PB 0x000000070d600000| Untracked 
|  12|0x000000070d800000, 0x000000070d9fffb8, 0x000000070da00000| 99%| O|  |TAMS 0x000000070d800000| PB 0x000000070d800000| Untracked 
|  13|0x000000070da00000, 0x000000070dbfffc8, 0x000000070dc00000| 99%| O|  |TAMS 0x000000070da00000| PB 0x000000070da00000| Untracked 
|  14|0x000000070dc00000, 0x000000070de00000, 0x000000070de00000|100%| O|  |TAMS 0x000000070dc00000| PB 0x000000070dc00000| Untracked 
|  15|0x000000070de00000, 0x000000070dffffe0, 0x000000070e000000| 99%| O|  |TAMS 0x000000070de00000| PB 0x000000070de00000| Untracked 
|  16|0x000000070e000000, 0x000000070e1fffa0, 0x000000070e200000| 99%| O|  |TAMS 0x000000070e000000| PB 0x000000070e000000| Untracked 
|  17|0x000000070e200000, 0x000000070e3fffc0, 0x000000070e400000| 99%| O|  |TAMS 0x000000070e200000| PB 0x000000070e200000| Untracked 
|  18|0x000000070e400000, 0x000000070e600000, 0x000000070e600000|100%| O|  |TAMS 0x000000070e400000| PB 0x000000070e400000| Untracked 
|  19|0x000000070e600000, 0x000000070e7ffff8, 0x000000070e800000| 99%| O|  |TAMS 0x000000070e600000| PB 0x000000070e600000| Untracked 
|  20|0x000000070e800000, 0x000000070e8dfbf0, 0x000000070ea00000| 43%| O|  |TAMS 0x000000070e800000| PB 0x000000070e800000| Untracked 
|  21|0x000000070ea00000, 0x000000070ebfffd8, 0x000000070ec00000| 99%| O|  |TAMS 0x000000070ea00000| PB 0x000000070ea00000| Untracked 
|  22|0x000000070ec00000, 0x000000070edffd98, 0x000000070ee00000| 99%| O|  |TAMS 0x000000070ec00000| PB 0x000000070ec00000| Untracked 
|  23|0x000000070ee00000, 0x000000070eedb590, 0x000000070f000000| 42%| O|  |TAMS 0x000000070ee00000| PB 0x000000070ee00000| Untracked 
|  24|0x000000070f000000, 0x000000070f200000, 0x000000070f200000|100%| O|  |TAMS 0x000000070f000000| PB 0x000000070f000000| Untracked 
|  25|0x000000070f200000, 0x000000070f2d16c0, 0x000000070f400000| 40%| O|  |TAMS 0x000000070f200000| PB 0x000000070f200000| Untracked 
|  26|0x000000070f400000, 0x000000070f41ed90, 0x000000070f600000|  6%| O|Cm|TAMS 0x000000070f400000| PB 0x000000070f400000| Complete 
|  27|0x000000070f600000, 0x000000070f800000, 0x000000070f800000|100%| O|  |TAMS 0x000000070f600000| PB 0x000000070f600000| Untracked 
|  28|0x000000070f800000, 0x000000070f87db80, 0x000000070fa00000| 24%| E|CS|TAMS 0x000000070f800000| PB 0x000000070f800000| Complete 
|  29|0x000000070fa00000, 0x000000070fc00000, 0x000000070fc00000|100%| E|CS|TAMS 0x000000070fa00000| PB 0x000000070fa00000| Complete 
|  30|0x000000070fc00000, 0x000000070fe00000, 0x000000070fe00000|100%| E|CS|TAMS 0x000000070fc00000| PB 0x000000070fc00000| Complete 
|  31|0x000000070fe00000, 0x000000070fe33360, 0x0000000710000000| 10%| O|  |TAMS 0x000000070fe00000| PB 0x000000070fe00000| Untracked 
|  32|0x0000000710000000, 0x0000000710000000, 0x0000000710200000|  0%| F|  |TAMS 0x0000000710000000| PB 0x0000000710000000| Untracked 
|  33|0x0000000710200000, 0x0000000710200000, 0x0000000710400000|  0%| F|  |TAMS 0x0000000710200000| PB 0x0000000710200000| Untracked 
|  34|0x0000000710400000, 0x0000000710400000, 0x0000000710600000|  0%| F|  |TAMS 0x0000000710400000| PB 0x0000000710400000| Untracked 
|  35|0x0000000710600000, 0x000000071065f910, 0x0000000710800000| 18%| S|  |TAMS 0x0000000710600000| PB 0x0000000710600000| Complete 
|  36|0x0000000710800000, 0x0000000710a00000, 0x0000000710a00000|100%| E|CS|TAMS 0x0000000710800000| PB 0x0000000710800000| Complete 
|  37|0x0000000710a00000, 0x0000000710c00000, 0x0000000710c00000|100%| E|CS|TAMS 0x0000000710a00000| PB 0x0000000710a00000| Complete 
|  38|0x0000000710c00000, 0x0000000710e00000, 0x0000000710e00000|100%| E|CS|TAMS 0x0000000710c00000| PB 0x0000000710c00000| Complete 
|  39|0x0000000710e00000, 0x0000000711000000, 0x0000000711000000|100%| E|CS|TAMS 0x0000000710e00000| PB 0x0000000710e00000| Complete 
|  40|0x0000000711000000, 0x0000000711200000, 0x0000000711200000|100%| E|CS|TAMS 0x0000000711000000| PB 0x0000000711000000| Complete 
|  41|0x0000000711200000, 0x0000000711400000, 0x0000000711400000|100%| E|CS|TAMS 0x0000000711200000| PB 0x0000000711200000| Complete 
|  42|0x0000000711400000, 0x0000000711600000, 0x0000000711600000|100%| E|CS|TAMS 0x0000000711400000| PB 0x0000000711400000| Complete 
|  43|0x0000000711600000, 0x0000000711800000, 0x0000000711800000|100%| E|CS|TAMS 0x0000000711600000| PB 0x0000000711600000| Complete 
|  44|0x0000000711800000, 0x0000000711a00000, 0x0000000711a00000|100%| E|CS|TAMS 0x0000000711800000| PB 0x0000000711800000| Complete 
|  45|0x0000000711a00000, 0x0000000711c00000, 0x0000000711c00000|100%| E|CS|TAMS 0x0000000711a00000| PB 0x0000000711a00000| Complete 
|  46|0x0000000711c00000, 0x0000000711e00000, 0x0000000711e00000|100%| E|CS|TAMS 0x0000000711c00000| PB 0x0000000711c00000| Complete 
|  47|0x0000000711e00000, 0x0000000712000000, 0x0000000712000000|100%| E|CS|TAMS 0x0000000711e00000| PB 0x0000000711e00000| Complete 
|  48|0x0000000712000000, 0x0000000712200000, 0x0000000712200000|100%| E|CS|TAMS 0x0000000712000000| PB 0x0000000712000000| Complete 
|  49|0x0000000712200000, 0x0000000712400000, 0x0000000712400000|100%| E|CS|TAMS 0x0000000712200000| PB 0x0000000712200000| Complete 
| 103|0x0000000718e00000, 0x0000000719000000, 0x0000000719000000|100%| E|CS|TAMS 0x0000000718e00000| PB 0x0000000718e00000| Complete 
| 104|0x0000000719000000, 0x0000000719200000, 0x0000000719200000|100%| E|CS|TAMS 0x0000000719000000| PB 0x0000000719000000| Complete 
| 105|0x0000000719200000, 0x0000000719400000, 0x0000000719400000|100%| E|CS|TAMS 0x0000000719200000| PB 0x0000000719200000| Complete 
| 106|0x0000000719400000, 0x0000000719600000, 0x0000000719600000|100%| E|CS|TAMS 0x0000000719400000| PB 0x0000000719400000| Complete 
| 119|0x000000071ae00000, 0x000000071b000000, 0x000000071b000000|100%| E|CS|TAMS 0x000000071ae00000| PB 0x000000071ae00000| Complete 
| 120|0x000000071b000000, 0x000000071b200000, 0x000000071b200000|100%| E|CS|TAMS 0x000000071b000000| PB 0x000000071b000000| Complete 
| 121|0x000000071b200000, 0x000000071b400000, 0x000000071b400000|100%| E|CS|TAMS 0x000000071b200000| PB 0x000000071b200000| Complete 

Card table byte_map: [0x000001e116f40000,0x000001e1176e0000] _byte_map_base: 0x000001e1136e0000

Marking Bits: (CMBitMap*) 0x000001e10317cea0
 Bits: [0x000001e1176e0000, 0x000001e11b3e0000)

Polling page: 0x000001e101910000

Metaspace:

Usage:
  Non-class:     74.07 MB used.
      Class:     10.73 MB used.
       Both:     84.81 MB used.

Virtual space:
  Non-class space:      128.00 MB reserved,      74.56 MB ( 58%) committed,  2 nodes.
      Class space:        1.00 GB reserved,      11.19 MB (  1%) committed,  1 nodes.
             Both:        1.12 GB reserved,      85.75 MB (  7%) committed. 

Chunk freelists:
   Non-Class:  5.33 MB
       Class:  4.80 MB
        Both:  10.13 MB

MaxMetaspaceSize: unlimited
CompressedClassSpaceSize: 1.00 GB
Initial GC threshold: 21.00 MB
Current GC threshold: 142.94 MB
CDS: on
 - commit_granule_bytes: 65536.
 - commit_granule_words: 8192.
 - virtual_space_node_default_size: 8388608.
 - enlarge_chunks_in_place: 1.
 - use_allocation_guard: 0.


Internal statistics:

num_allocs_failed_limit: 16.
num_arena_births: 1218.
num_arena_deaths: 28.
num_vsnodes_births: 3.
num_vsnodes_deaths: 0.
num_space_committed: 1372.
num_space_uncommitted: 0.
num_chunks_returned_to_freelist: 53.
num_chunks_taken_from_freelist: 4542.
num_chunk_merges: 6.
num_chunk_splits: 3094.
num_chunks_enlarged: 2268.
num_inconsistent_stats: 0.

CodeHeap 'non-profiled nmethods': size=120000Kb used=8935Kb max_used=8935Kb free=111064Kb
 bounds [0x000001e10e5f0000, 0x000001e10eeb0000, 0x000001e115b20000]
CodeHeap 'profiled nmethods': size=120000Kb used=18290Kb max_used=18507Kb free=101709Kb
 bounds [0x000001e106b20000, 0x000001e107d50000, 0x000001e10e050000]
CodeHeap 'non-nmethods': size=5760Kb used=1855Kb max_used=1947Kb free=3904Kb
 bounds [0x000001e10e050000, 0x000001e10e2c0000, 0x000001e10e5f0000]
CodeCache: size=245760Kb, used=29080Kb, max_used=29389Kb, free=216677Kb
 total_blobs=9427, nmethods=8633, adapters=697, full_count=0
Compilation: enabled, stopped_count=0, restarted_count=0

Compilation events (20 events):
Event: 2692.799 Thread 0x000001e1697ed010 nmethod 14771 0x000001e10eea7e90 code [0x000001e10eea8040, 0x000001e10eea8548]
Event: 2692.799 Thread 0x000001e1697ed010 14774       4       java.lang.Class::getMethods (26 bytes)
Event: 2692.800 Thread 0x000001e11e10fd80 nmethod 14775 0x000001e10eea8690 code [0x000001e10eea8840, 0x000001e10eea8bd8]
Event: 2692.811 Thread 0x000001e1697ed010 nmethod 14774 0x000001e10eea8d90 code [0x000001e10eea9020, 0x000001e10eeaa1a0]
Event: 2702.664 Thread 0x000001e11e10fd80 14777       4       java.util.concurrent.locks.ReentrantReadWriteLock::readLock (5 bytes)
Event: 2702.665 Thread 0x000001e11e10fd80 nmethod 14777 0x000001e10ecb7510 code [0x000001e10ecb76a0, 0x000001e10ecb7730]
Event: 2792.705 Thread 0x000001e11e1189d0 14778       1       org.apache.catalina.loader.WebappLoader::getContext (5 bytes)
Event: 2792.705 Thread 0x000001e11e1189d0 nmethod 14778 0x000001e10ed57290 code [0x000001e10ed57420, 0x000001e10ed574f0]
Event: 2792.705 Thread 0x000001e11e1189d0 14780   !   3       org.apache.catalina.core.StandardContext::getResources (38 bytes)
Event: 2792.706 Thread 0x000001e11e1189d0 nmethod 14780 0x000001e106e75b90 code [0x000001e106e75dc0, 0x000001e106e76520]
Event: 2792.706 Thread 0x000001e11e1189d0 14779       1       org.apache.catalina.core.StandardContext::getReloadable (5 bytes)
Event: 2792.706 Thread 0x000001e11e1189d0 nmethod 14779 0x000001e10ee18390 code [0x000001e10ee18520, 0x000001e10ee185f0]
Event: 2792.706 Thread 0x000001e11e1189d0 14781       1       org.apache.catalina.core.StandardWrapper::getServlet (5 bytes)
Event: 2792.706 Thread 0x000001e11e1189d0 nmethod 14781 0x000001e10ec95a10 code [0x000001e10ec95ba0, 0x000001e10ec95c70]
Event: 2812.730 Thread 0x000001e11e1189d0 14782   !   3       org.apache.catalina.startup.Tomcat$FixContextListener::lifecycleEvent (81 bytes)
Event: 2812.732 Thread 0x000001e11e1189d0 nmethod 14782 0x000001e107653710 code [0x000001e1076539c0, 0x000001e107654640]
Event: 2812.732 Thread 0x000001e11e1189d0 14783       3       org.apache.catalina.LifecycleEvent::getLifecycle (8 bytes)
Event: 2812.732 Thread 0x000001e11e1189d0 nmethod 14783 0x000001e106f44e90 code [0x000001e106f45040, 0x000001e106f452f0]
Event: 2822.741 Thread 0x000001e11e1189d0 14784   !   3       org.apache.catalina.core.StandardContext::bind (168 bytes)
Event: 2822.743 Thread 0x000001e11e1189d0 nmethod 14784 0x000001e106c0a090 code [0x000001e106c0a420, 0x000001e106c0be38]

GC Heap History (20 events):
Event: 2356.272 GC heap after
{Heap after GC invocations=59 (full 3):
 garbage-first heap   total 96256K, used 44584K [0x000000070c000000, 0x0000000800000000)
  region size 2048K, 2 young (4096K), 2 survivors (4096K)
 Metaspace       used 84681K, committed 85568K, reserved 1179648K
  class space    used 10855K, committed 11264K, reserved 1048576K
}
Event: 2375.409 GC heap before
{Heap before GC invocations=59 (full 3):
 garbage-first heap   total 96256K, used 79400K [0x000000070c000000, 0x0000000800000000)
  region size 2048K, 20 young (40960K), 2 survivors (4096K)
 Metaspace       used 85097K, committed 86016K, reserved 1179648K
  class space    used 10877K, committed 11328K, reserved 1048576K
}
Event: 2375.412 GC heap after
{Heap after GC invocations=60 (full 3):
 garbage-first heap   total 96256K, used 46243K [0x000000070c000000, 0x0000000800000000)
  region size 2048K, 3 young (6144K), 3 survivors (6144K)
 Metaspace       used 85097K, committed 86016K, reserved 1179648K
  class space    used 10877K, committed 11328K, reserved 1048576K
}
Event: 2375.673 GC heap before
{Heap before GC invocations=61 (full 3):
 garbage-first heap   total 96256K, used 76963K [0x000000070c000000, 0x0000000800000000)
  region size 2048K, 19 young (38912K), 3 survivors (6144K)
 Metaspace       used 85232K, committed 86144K, reserved 1179648K
  class space    used 10890K, committed 11328K, reserved 1048576K
}
Event: 2375.677 GC heap after
{Heap after GC invocations=62 (full 3):
 garbage-first heap   total 96256K, used 48970K [0x000000070c000000, 0x0000000800000000)
  region size 2048K, 3 young (6144K), 3 survivors (6144K)
 Metaspace       used 85232K, committed 86144K, reserved 1179648K
  class space    used 10890K, committed 11328K, reserved 1048576K
}
Event: 2378.025 GC heap before
{Heap before GC invocations=62 (full 3):
 garbage-first heap   total 96256K, used 79690K [0x000000070c000000, 0x0000000800000000)
  region size 2048K, 18 young (36864K), 3 survivors (6144K)
 Metaspace       used 85698K, committed 86592K, reserved 1179648K
  class space    used 10916K, committed 11328K, reserved 1048576K
}
Event: 2378.028 GC heap after
{Heap after GC invocations=63 (full 3):
 garbage-first heap   total 96256K, used 49988K [0x000000070c000000, 0x0000000800000000)
  region size 2048K, 2 young (4096K), 2 survivors (4096K)
 Metaspace       used 85698K, committed 86592K, reserved 1179648K
  class space    used 10916K, committed 11328K, reserved 1048576K
}
Event: 2479.677 GC heap before
{Heap before GC invocations=63 (full 3):
 garbage-first heap   total 96256K, used 84804K [0x000000070c000000, 0x0000000800000000)
  region size 2048K, 19 young (38912K), 2 survivors (4096K)
 Metaspace       used 85706K, committed 86592K, reserved 1179648K
  class space    used 10916K, committed 11328K, reserved 1048576K
}
Event: 2479.684 GC heap after
{Heap after GC invocations=64 (full 3):
 garbage-first heap   total 96256K, used 50807K [0x000000070c000000, 0x0000000800000000)
  region size 2048K, 2 young (4096K), 2 survivors (4096K)
 Metaspace       used 85706K, committed 86592K, reserved 1179648K
  class space    used 10916K, committed 11328K, reserved 1048576K
}
Event: 2540.298 GC heap before
{Heap before GC invocations=65 (full 3):
 garbage-first heap   total 96256K, used 69239K [0x000000070c000000, 0x0000000800000000)
  region size 2048K, 12 young (24576K), 2 survivors (4096K)
 Metaspace       used 85710K, committed 86592K, reserved 1179648K
  class space    used 10916K, committed 11328K, reserved 1048576K
}
Event: 2540.358 GC heap after
{Heap after GC invocations=66 (full 4):
 garbage-first heap   total 96256K, used 43001K [0x000000070c000000, 0x0000000800000000)
  region size 2048K, 0 young (0K), 0 survivors (0K)
 Metaspace       used 85704K, committed 86592K, reserved 1179648K
  class space    used 10915K, committed 11328K, reserved 1048576K
}
Event: 2540.803 GC heap before
{Heap before GC invocations=66 (full 4):
 garbage-first heap   total 96256K, used 81913K [0x000000070c000000, 0x0000000800000000)
  region size 2048K, 20 young (40960K), 0 survivors (0K)
 Metaspace       used 85947K, committed 86912K, reserved 1179648K
  class space    used 10936K, committed 11392K, reserved 1048576K
}
Event: 2540.807 GC heap after
{Heap after GC invocations=67 (full 4):
 garbage-first heap   total 96256K, used 47097K [0x000000070c000000, 0x0000000800000000)
  region size 2048K, 2 young (4096K), 2 survivors (4096K)
 Metaspace       used 85947K, committed 86912K, reserved 1179648K
  class space    used 10936K, committed 11392K, reserved 1048576K
}
Event: 2571.648 GC heap before
{Heap before GC invocations=68 (full 4):
 garbage-first heap   total 96256K, used 81913K [0x000000070c000000, 0x0000000800000000)
  region size 2048K, 19 young (38912K), 2 survivors (4096K)
 Metaspace       used 86384K, committed 87296K, reserved 1179648K
  class space    used 10954K, committed 11392K, reserved 1048576K
}
Event: 2571.652 GC heap after
{Heap after GC invocations=69 (full 4):
 garbage-first heap   total 116736K, used 47788K [0x000000070c000000, 0x0000000800000000)
  region size 2048K, 1 young (2048K), 1 survivors (2048K)
 Metaspace       used 86384K, committed 87296K, reserved 1179648K
  class space    used 10954K, committed 11392K, reserved 1048576K
}
Event: 2692.359 GC heap before
{Heap before GC invocations=69 (full 4):
 garbage-first heap   total 116736K, used 86700K [0x000000070c000000, 0x0000000800000000)
  region size 2048K, 22 young (45056K), 1 survivors (2048K)
 Metaspace       used 86404K, committed 87296K, reserved 1179648K
  class space    used 10957K, committed 11392K, reserved 1048576K
}
Event: 2692.403 GC heap after
{Heap after GC invocations=70 (full 5):
 garbage-first heap   total 116736K, used 47707K [0x000000070c000000, 0x0000000800000000)
  region size 2048K, 0 young (0K), 0 survivors (0K)
 Metaspace       used 86400K, committed 87296K, reserved 1179648K
  class space    used 10957K, committed 11392K, reserved 1048576K
}
Event: 2701.356 GC heap before
{Heap before GC invocations=70 (full 5):
 garbage-first heap   total 116736K, used 98907K [0x000000070c000000, 0x0000000800000000)
  region size 2048K, 26 young (53248K), 0 survivors (0K)
 Metaspace       used 86819K, committed 87808K, reserved 1179648K
  class space    used 10989K, committed 11456K, reserved 1048576K
}
Event: 2701.363 GC heap after
{Heap after GC invocations=71 (full 5):
 garbage-first heap   total 116736K, used 52305K [0x000000070c000000, 0x0000000800000000)
  region size 2048K, 3 young (6144K), 3 survivors (6144K)
 Metaspace       used 86819K, committed 87808K, reserved 1179648K
  class space    used 10989K, committed 11456K, reserved 1048576K
}
Event: 2852.147 GC heap before
{Heap before GC invocations=72 (full 5):
 garbage-first heap   total 116736K, used 95313K [0x000000070c000000, 0x0000000800000000)
  region size 2048K, 24 young (49152K), 3 survivors (6144K)
 Metaspace       used 86842K, committed 87808K, reserved 1179648K
  class space    used 10989K, committed 11456K, reserved 1048576K
}

Dll operation events (12 events):
Event: 0.013 Loaded shared library C:\Users\CaioEsdrasAraujoRici\.p2\pool\plugins\org.eclipse.justj.openjdk.hotspot.jre.full.win32.x86_64_21.0.8.v20250724-1412\jre\bin\java.dll
Event: 0.056 Loaded shared library C:\Users\CaioEsdrasAraujoRici\.p2\pool\plugins\org.eclipse.justj.openjdk.hotspot.jre.full.win32.x86_64_21.0.8.v20250724-1412\jre\bin\zip.dll
Event: 0.412 Loaded shared library C:\Users\CaioEsdrasAraujoRici\.p2\pool\plugins\org.eclipse.justj.openjdk.hotspot.jre.full.win32.x86_64_21.0.8.v20250724-1412\jre\bin\instrument.dll
Event: 0.422 Loaded shared library C:\Users\CaioEsdrasAraujoRici\.p2\pool\plugins\org.eclipse.justj.openjdk.hotspot.jre.full.win32.x86_64_21.0.8.v20250724-1412\jre\bin\net.dll
Event: 0.424 Loaded shared library C:\Users\CaioEsdrasAraujoRici\.p2\pool\plugins\org.eclipse.justj.openjdk.hotspot.jre.full.win32.x86_64_21.0.8.v20250724-1412\jre\bin\nio.dll
Event: 0.428 Loaded shared library C:\Users\CaioEsdrasAraujoRici\.p2\pool\plugins\org.eclipse.justj.openjdk.hotspot.jre.full.win32.x86_64_21.0.8.v20250724-1412\jre\bin\zip.dll
Event: 0.859 Loaded shared library C:\Users\CaioEsdrasAraujoRici\.p2\pool\plugins\org.eclipse.justj.openjdk.hotspot.jre.full.win32.x86_64_21.0.8.v20250724-1412\jre\bin\jimage.dll
Event: 1.024 Loaded shared library C:\Users\CaioEsdrasAraujoRici\.p2\pool\plugins\org.eclipse.justj.openjdk.hotspot.jre.full.win32.x86_64_21.0.8.v20250724-1412\jre\bin\verify.dll
Event: 2.060 Loaded shared library C:\Users\CaioEsdrasAraujoRici\.p2\pool\plugins\org.eclipse.justj.openjdk.hotspot.jre.full.win32.x86_64_21.0.8.v20250724-1412\jre\bin\management.dll
Event: 2.064 Loaded shared library C:\Users\CaioEsdrasAraujoRici\.p2\pool\plugins\org.eclipse.justj.openjdk.hotspot.jre.full.win32.x86_64_21.0.8.v20250724-1412\jre\bin\management_ext.dll
Event: 13.376 Loaded shared library C:\Users\CaioEsdrasAraujoRici\.p2\pool\plugins\org.eclipse.justj.openjdk.hotspot.jre.full.win32.x86_64_21.0.8.v20250724-1412\jre\bin\sunmscapi.dll
Event: 15.008 Loaded shared library C:\Users\CaioEsdrasAraujoRici\.p2\pool\plugins\org.eclipse.justj.openjdk.hotspot.jre.full.win32.x86_64_21.0.8.v20250724-1412\jre\bin\extnet.dll

Deoptimization events (20 events):
Event: 2692.797 Thread 0x000001e1666d48c0 DEOPT PACKING pc=0x000001e10ed7d278 sp=0x000000c6db2fb790
Event: 2692.797 Thread 0x000001e1666d48c0 DEOPT UNPACKING pc=0x000001e10e0a46a2 sp=0x000000c6db2fb690 mode 2
Event: 2692.797 Thread 0x000001e1666d48c0 Uncommon trap: trap_request=0xffffff97 fr.pc=0x000001e10ed7d278 relative=0x0000000000002638
Event: 2692.797 Thread 0x000001e1666d48c0 Uncommon trap: reason=unhandled action=none pc=0x000001e10ed7d278 method=java.net.URLClassLoader.findClass(Ljava/lang/String;)Ljava/lang/Class; @ 44 c2
Event: 2692.797 Thread 0x000001e1666d48c0 DEOPT PACKING pc=0x000001e10ed7d278 sp=0x000000c6db2fb790
Event: 2692.797 Thread 0x000001e1666d48c0 DEOPT UNPACKING pc=0x000001e10e0a46a2 sp=0x000000c6db2fb690 mode 2
Event: 2692.799 Thread 0x000001e1666d48c0 Uncommon trap: trap_request=0xffffff97 fr.pc=0x000001e10ed7d278 relative=0x0000000000002638
Event: 2692.799 Thread 0x000001e1666d48c0 Uncommon trap: reason=unhandled action=none pc=0x000001e10ed7d278 method=java.net.URLClassLoader.findClass(Ljava/lang/String;)Ljava/lang/Class; @ 44 c2
Event: 2692.799 Thread 0x000001e1666d48c0 DEOPT PACKING pc=0x000001e10ed7d278 sp=0x000000c6db2fcc30
Event: 2692.799 Thread 0x000001e1666d48c0 DEOPT UNPACKING pc=0x000001e10e0a46a2 sp=0x000000c6db2fcb30 mode 2
Event: 2692.799 Thread 0x000001e1666d48c0 Uncommon trap: trap_request=0xffffff97 fr.pc=0x000001e10ed7d278 relative=0x0000000000002638
Event: 2692.799 Thread 0x000001e1666d48c0 Uncommon trap: reason=unhandled action=none pc=0x000001e10ed7d278 method=java.net.URLClassLoader.findClass(Ljava/lang/String;)Ljava/lang/Class; @ 44 c2
Event: 2692.799 Thread 0x000001e1666d48c0 DEOPT PACKING pc=0x000001e10ed7d278 sp=0x000000c6db2fcc30
Event: 2692.799 Thread 0x000001e1666d48c0 DEOPT UNPACKING pc=0x000001e10e0a46a2 sp=0x000000c6db2fcb30 mode 2
Event: 2793.474 Thread 0x000001e1666d48c0 DEOPT PACKING pc=0x000001e106fb2c1c sp=0x000000c6db2fdae0
Event: 2793.475 Thread 0x000001e1666d48c0 DEOPT UNPACKING pc=0x000001e10e0a4e42 sp=0x000000c6db2fcf98 mode 0
Event: 2793.488 Thread 0x000001e11e2d4810 Uncommon trap: trap_request=0xffffff97 fr.pc=0x000001e10ed7d278 relative=0x0000000000002638
Event: 2793.488 Thread 0x000001e11e2d4810 Uncommon trap: reason=unhandled action=none pc=0x000001e10ed7d278 method=java.net.URLClassLoader.findClass(Ljava/lang/String;)Ljava/lang/Class; @ 44 c2
Event: 2793.488 Thread 0x000001e11e2d4810 DEOPT PACKING pc=0x000001e10ed7d278 sp=0x000000c6da5fb320
Event: 2793.488 Thread 0x000001e11e2d4810 DEOPT UNPACKING pc=0x000001e10e0a46a2 sp=0x000000c6da5fb220 mode 2

Classes loaded (20 events):
Event: 531.884 Loading class java/io/ObjectInputFilter$Config$BuiltinFilterFactory
Event: 531.884 Loading class java/io/ObjectInputFilter$Config$BuiltinFilterFactory done
Event: 531.884 Loading class jdk/internal/access/JavaObjectInputFilterAccess
Event: 531.884 Loading class jdk/internal/access/JavaObjectInputFilterAccess done
Event: 531.885 Loading class jdk/internal/event/DeserializationEvent
Event: 531.885 Loading class jdk/internal/event/DeserializationEvent done
Event: 531.885 Loading class java/io/ObjectInputStream$FieldValues
Event: 531.885 Loading class java/io/ObjectInputStream$GetField
Event: 531.885 Loading class java/io/ObjectInputStream$GetField done
Event: 531.885 Loading class java/io/ObjectInputStream$FieldValues done
Event: 532.323 Loading class java/net/BindException
Event: 532.323 Loading class java/net/BindException done
Event: 532.324 Loading class java/util/function/IntSupplier
Event: 532.324 Loading class java/util/function/IntSupplier done
Event: 1878.224 Loading class java/net/URLEncoder
Event: 1878.224 Loading class java/net/URLEncoder done
Event: 1878.229 Loading class java/nio/StringCharBuffer
Event: 1878.229 Loading class java/nio/StringCharBuffer done
Event: 2013.420 Loading class java/util/ArrayList$SubList$2
Event: 2013.420 Loading class java/util/ArrayList$SubList$2 done

Classes unloaded (14 events):
Event: 31.379 Thread 0x000001e101628370 Unloading class 0x000001e1208ec800 'jdk/internal/reflect/GeneratedSerializationConstructorAccessor1'
Event: 843.986 Thread 0x000001e101628370 Unloading class 0x000001e120a83c00 'jdk/internal/reflect/GeneratedSerializationConstructorAccessor7'
Event: 843.986 Thread 0x000001e101628370 Unloading class 0x000001e120a8c800 'org/apache/catalina/loader/JdbcLeakPrevention'
Event: 2103.362 Thread 0x000001e101628370 Unloading class 0x000001e120aa8400 'jdk/internal/reflect/GeneratedSerializationConstructorAccessor9'
Event: 2103.362 Thread 0x000001e101628370 Unloading class 0x000001e120a9c400 'jdk/internal/reflect/GeneratedSerializationConstructorAccessor8'
Event: 2103.362 Thread 0x000001e101628370 Unloading class 0x000001e120a9cc00 'org/apache/catalina/loader/JdbcLeakPrevention'
Event: 2216.139 Thread 0x000001e101628370 Unloading class 0x000001e120ad4c00 'jdk/internal/reflect/GeneratedSerializationConstructorAccessor11'
Event: 2216.139 Thread 0x000001e101628370 Unloading class 0x000001e120acd000 'jdk/internal/reflect/GeneratedSerializationConstructorAccessor10'
Event: 2216.139 Thread 0x000001e101628370 Unloading class 0x000001e120acd800 'org/apache/catalina/loader/JdbcLeakPrevention'
Event: 2479.713 Thread 0x000001e101628370 Unloading class 0x000001e120b00400 'jdk/internal/reflect/GeneratedSerializationConstructorAccessor12'
Event: 2479.713 Thread 0x000001e101628370 Unloading class 0x000001e120b00800 'org/apache/catalina/loader/JdbcLeakPrevention'
Event: 2540.316 Thread 0x000001e101628370 Unloading class 0x000001e120b13400 'jdk/internal/reflect/GeneratedSerializationConstructorAccessor13'
Event: 2540.316 Thread 0x000001e101628370 Unloading class 0x000001e120b10000 'org/apache/catalina/loader/JdbcLeakPrevention'
Event: 2692.373 Thread 0x000001e101628370 Unloading class 0x000001e120b21400 'jdk/internal/reflect/GeneratedSerializationConstructorAccessor14'

Classes redefined (18 events):
Event: 1829.307 Thread 0x000001e101628370 redefined class name=com.linkar.project.Controllers.PostController, count=1
Event: 1829.307 Thread 0x000001e101628370 redefined class name=com.linkar.project.Controllers.PostController, count=1
Event: 1829.307 Thread 0x000001e101628370 redefined class name=com.linkar.project.Controllers.PostController, count=1
Event: 2064.572 Thread 0x000001e101628370 redefined class name=com.linkar.project.Repository.UsuarioRepository, count=1
Event: 2064.572 Thread 0x000001e101628370 redefined class name=com.linkar.project.Repository.UsuarioRepository, count=1
Event: 2064.572 Thread 0x000001e101628370 redefined class name=com.linkar.project.Repository.UsuarioRepository, count=1
Event: 2064.572 Thread 0x000001e101628370 redefined class name=com.linkar.project.Repository.UsuarioRepository, count=1
Event: 2106.192 Thread 0x000001e101628370 redefined class name=com.linkar.project.Controllers.PostController, count=2
Event: 2106.192 Thread 0x000001e101628370 redefined class name=com.linkar.project.Controllers.PostController, count=1
Event: 2106.192 Thread 0x000001e101628370 redefined class name=com.linkar.project.Controllers.PostController, count=2
Event: 2106.192 Thread 0x000001e101628370 redefined class name=com.linkar.project.Controllers.PostController, count=1
Event: 2106.192 Thread 0x000001e101628370 redefined class name=com.linkar.project.Controllers.PostController, count=2
Event: 2178.138 Thread 0x000001e101628370 redefined class name=com.linkar.project.Controllers.PostController, count=3
Event: 2178.138 Thread 0x000001e101628370 redefined class name=com.linkar.project.Controllers.PostController, count=2
Event: 2178.138 Thread 0x000001e101628370 redefined class name=com.linkar.project.Controllers.PostController, count=3
Event: 2178.138 Thread 0x000001e101628370 redefined class name=com.linkar.project.Controllers.PostController, count=1
Event: 2178.138 Thread 0x000001e101628370 redefined class name=com.linkar.project.Controllers.PostController, count=2
Event: 2178.138 Thread 0x000001e101628370 redefined class name=com.linkar.project.Controllers.PostController, count=3

Internal exceptions (20 events):
Event: 2540.610 Thread 0x000001e1666d55e0 Exception <a 'java/lang/NoClassDefFoundError'{0x00000007107ff030}: liquibase/integration/spring/SpringLiquibase> (0x00000007107ff030) 
thrown [s\src\hotspot\share\oops\constantPool.cpp, line 873]
Event: 2540.614 Thread 0x000001e1666d55e0 Exception <a 'java/lang/NoClassDefFoundError'{0x000000071041d888}: org/jooq/DSLContext> (0x000000071041d888) 
thrown [s\src\hotspot\share\oops\constantPool.cpp, line 873]
Event: 2540.617 Thread 0x000001e1666d55e0 Exception <a 'java/lang/NoClassDefFoundError'{0x0000000710471ed8}: org/springframework/batch/core/repository/JobRepository> (0x0000000710471ed8) 
thrown [s\src\hotspot\share\oops\constantPool.cpp, line 873]
Event: 2540.619 Thread 0x000001e1666d55e0 Exception <a 'java/lang/NoClassDefFoundError'{0x0000000710472530}: org/quartz/Scheduler> (0x0000000710472530) 
thrown [s\src\hotspot\share\oops\constantPool.cpp, line 873]
Event: 2540.620 Thread 0x000001e1666d55e0 Exception <a 'java/lang/NoClassDefFoundError'{0x0000000710472bb0}: org/springframework/session/jdbc/JdbcIndexedSessionRepository> (0x0000000710472bb0) 
thrown [s\src\hotspot\share\oops\constantPool.cpp, line 873]
Event: 2540.651 Thread 0x000001e1666d55e0 Exception <a 'java/io/FileNotFoundException'{0x000000071018c190}> (0x000000071018c190) 
thrown [s\src\hotspot\share\prims\jni.cpp, line 520]
Event: 2540.719 Thread 0x000001e1666d55e0 Exception <a 'java/io/IOException'{0x000000070fd206d0}> (0x000000070fd206d0) 
thrown [s\src\hotspot\share\prims\jni.cpp, line 520]
Event: 2540.728 Thread 0x000001e1666d55e0 Implicit null exception at 0x000001e10edfb675 to 0x000001e10edfbd84
Event: 2540.770 Thread 0x000001e1666d55e0 Implicit null exception at 0x000001e10ec9e275 to 0x000001e10ec9e984
Event: 2692.358 Thread 0x000001e1666d9e10 Exception <a 'java/lang/InterruptedException'{0x000000071098fe28}: sleep interrupted> (0x000000071098fe28) 
thrown [s\src\hotspot\share\prims\jvm.cpp, line 3074]
Event: 2692.412 Thread 0x000001e1666d48c0 Exception <a 'sun/nio/fs/WindowsException'{0x000000071b29d848}> (0x000000071b29d848) 
thrown [s\src\hotspot\share\prims\jni.cpp, line 520]
Event: 2692.594 Thread 0x000001e1666d48c0 Exception <a 'java/lang/NoClassDefFoundError'{0x00000007118140d8}: org/flywaydb/core/Flyway> (0x00000007118140d8) 
thrown [s\src\hotspot\share\oops\constantPool.cpp, line 873]
Event: 2692.596 Thread 0x000001e1666d48c0 Exception <a 'java/lang/NoClassDefFoundError'{0x0000000711814738}: liquibase/integration/spring/SpringLiquibase> (0x0000000711814738) 
thrown [s\src\hotspot\share\oops\constantPool.cpp, line 873]
Event: 2692.598 Thread 0x000001e1666d48c0 Exception <a 'java/lang/NoClassDefFoundError'{0x0000000711832d48}: org/jooq/DSLContext> (0x0000000711832d48) 
thrown [s\src\hotspot\share\oops\constantPool.cpp, line 873]
Event: 2692.600 Thread 0x000001e1666d48c0 Exception <a 'java/lang/NoClassDefFoundError'{0x0000000711871d70}: org/springframework/batch/core/repository/JobRepository> (0x0000000711871d70) 
thrown [s\src\hotspot\share\oops\constantPool.cpp, line 873]
Event: 2692.601 Thread 0x000001e1666d48c0 Exception <a 'java/lang/NoClassDefFoundError'{0x0000000711872608}: org/quartz/Scheduler> (0x0000000711872608) 
thrown [s\src\hotspot\share\oops\constantPool.cpp, line 873]
Event: 2692.602 Thread 0x000001e1666d48c0 Exception <a 'java/lang/NoClassDefFoundError'{0x0000000711872c88}: org/springframework/session/jdbc/JdbcIndexedSessionRepository> (0x0000000711872c88) 
thrown [s\src\hotspot\share\oops\constantPool.cpp, line 873]
Event: 2692.624 Thread 0x000001e1666d48c0 Exception <a 'java/io/FileNotFoundException'{0x0000000711589578}> (0x0000000711589578) 
thrown [s\src\hotspot\share\prims\jni.cpp, line 520]
Event: 2692.667 Thread 0x000001e1666d48c0 Exception <a 'java/io/IOException'{0x0000000711121630}> (0x0000000711121630) 
thrown [s\src\hotspot\share\prims\jni.cpp, line 520]
Event: 2692.768 Thread 0x000001e1666d48c0 Exception <a 'java/net/SocketException'{0x0000000710423ae8}: Connection reset by peer: shutdown> (0x0000000710423ae8) 
thrown [s\src\hotspot\share\prims\jni.cpp, line 539]

ZGC Phase Switch (0 events):
No events

VM Operations (20 events):
Event: 2809.570 Executing VM operation: get/set locals done
Event: 2809.570 Executing VM operation: get/set locals
Event: 2809.570 Executing VM operation: get/set locals done
Event: 2809.570 Executing VM operation: get/set locals
Event: 2809.570 Executing VM operation: get/set locals done
Event: 2809.570 Executing VM operation: get/set locals
Event: 2809.570 Executing VM operation: get/set locals done
Event: 2809.570 Executing VM operation: get/set locals
Event: 2809.570 Executing VM operation: get/set locals done
Event: 2809.570 Executing VM operation: get/set locals
Event: 2809.570 Executing VM operation: get/set locals done
Event: 2809.571 Executing VM operation: get/set locals
Event: 2809.571 Executing VM operation: get/set locals done
Event: 2809.571 Executing VM operation: get/set locals
Event: 2809.571 Executing VM operation: get/set locals done
Event: 2809.571 Executing VM operation: get/set locals
Event: 2809.571 Executing VM operation: get/set locals done
Event: 2809.571 Executing VM operation: get/set locals
Event: 2809.571 Executing VM operation: get/set locals done
Event: 2852.147 Executing VM operation: G1CollectForAllocation (G1 Evacuation Pause)

Memory protections (0 events):
No events

Nmethod flushes (20 events):
Event: 2701.388 Thread 0x000001e101628370 flushing  nmethod 0x000001e106f44e90
Event: 2701.388 Thread 0x000001e101628370 flushing  nmethod 0x000001e10712e110
Event: 2701.388 Thread 0x000001e101628370 flushing  nmethod 0x000001e10749be10
Event: 2701.388 Thread 0x000001e101628370 flushing  nmethod 0x000001e107671f10
Event: 2701.388 Thread 0x000001e101628370 flushing  nmethod 0x000001e107021710
Event: 2701.388 Thread 0x000001e101628370 flushing  nmethod 0x000001e107172910
Event: 2701.388 Thread 0x000001e101628370 flushing  nmethod 0x000001e107212490
Event: 2701.388 Thread 0x000001e101628370 flushing  nmethod 0x000001e106c6f190
Event: 2701.388 Thread 0x000001e101628370 flushing  nmethod 0x000001e106e75e90
Event: 2701.388 Thread 0x000001e101628370 flushing  nmethod 0x000001e107252010
Event: 2701.388 Thread 0x000001e101628370 flushing  nmethod 0x000001e107579f90
Event: 2701.388 Thread 0x000001e101628370 flushing  nmethod 0x000001e1077d6f10
Event: 2701.388 Thread 0x000001e101628370 flushing  nmethod 0x000001e107b21910
Event: 2701.388 Thread 0x000001e101628370 flushing  nmethod 0x000001e10ed3a810
Event: 2701.388 Thread 0x000001e101628370 flushing  nmethod 0x000001e106c03990
Event: 2701.388 Thread 0x000001e101628370 flushing  nmethod 0x000001e106c22190
Event: 2701.388 Thread 0x000001e101628370 flushing  nmethod 0x000001e106ebdd90
Event: 2701.388 Thread 0x000001e101628370 flushing  nmethod 0x000001e10747bc90
Event: 2701.388 Thread 0x000001e101628370 flushing  nmethod 0x000001e10763b010
Event: 2701.388 Thread 0x000001e101628370 flushing  nmethod 0x000001e1077ae310

Events (20 events):
Event: 2685.064 Thread 0x000001e1669e38a0 Thread exited: 0x000001e1669e38a0
Event: 2685.064 Thread 0x000001e1669e45c0 Thread exited: 0x000001e1669e45c0
Event: 2685.065 Thread 0x000001e1669e4c50 Thread exited: 0x000001e1669e4c50
Event: 2685.065 Thread 0x000001e1669e0420 Thread exited: 0x000001e1669e0420
Event: 2685.065 Thread 0x000001e1669e3210 Thread exited: 0x000001e1669e3210
Event: 2685.065 Thread 0x000001e1669e1140 Thread exited: 0x000001e1669e1140
Event: 2685.123 Thread 0x000001e1666d48c0 Thread exited: 0x000001e1666d48c0
Event: 2692.358 Thread 0x000001e1666d9e10 Thread exited: 0x000001e1666d9e10
Event: 2692.359 Thread 0x000001e1666d5c70 Thread exited: 0x000001e1666d5c70
Event: 2692.403 Thread 0x000001e1666d90f0 Thread exited: 0x000001e1666d90f0
Event: 2692.403 Thread 0x000001e166317940 Thread added: 0x000001e1666d48c0
Event: 2692.404 Thread 0x000001e1666d48c0 Thread exited: 0x000001e1666d48c0
Event: 2692.404 Thread 0x000001e166317940 Thread added: 0x000001e1666d48c0
Event: 2692.437 Thread 0x000001e1666d48c0 Thread added: 0x000001e1666d55e0
Event: 2692.458 Thread 0x000001e1666d55e0 Thread exited: 0x000001e1666d55e0
Event: 2692.483 Thread 0x000001e11e1189d0 Thread added: 0x000001e1697ed010
Event: 2692.650 Thread 0x000001e1666d48c0 Thread added: 0x000001e1666d55e0
Event: 2692.650 Thread 0x000001e1666d48c0 Thread added: 0x000001e1666d90f0
Event: 2692.650 Thread 0x000001e1666d48c0 Thread added: 0x000001e1666d5c70
Event: 2697.814 Thread 0x000001e1697ed010 Thread exited: 0x000001e1697ed010


Dynamic libraries:
0x00007ff693bd0000 - 0x00007ff693bde000 	C:\Users\CaioEsdrasAraujoRici\.p2\pool\plugins\org.eclipse.justj.openjdk.hotspot.jre.full.win32.x86_64_21.0.8.v20250724-1412\jre\bin\javaw.exe
0x00007ffde4de0000 - 0x00007ffde5043000 	C:\Windows\SYSTEM32\ntdll.dll
0x00007ffde4110000 - 0x00007ffde41d7000 	C:\Windows\System32\KERNEL32.DLL
0x00007ffde2450000 - 0x00007ffde2817000 	C:\Windows\System32\KERNELBASE.dll
0x00007ffde2970000 - 0x00007ffde2abc000 	C:\Windows\System32\ucrtbase.dll
0x00007ffdca2c0000 - 0x00007ffdca2d8000 	C:\Users\CaioEsdrasAraujoRici\.p2\pool\plugins\org.eclipse.justj.openjdk.hotspot.jre.full.win32.x86_64_21.0.8.v20250724-1412\jre\bin\jli.dll
0x00007ffde4380000 - 0x00007ffde4549000 	C:\Windows\System32\USER32.dll
0x00007ffde2bf0000 - 0x00007ffde2c17000 	C:\Windows\System32\win32u.dll
0x00007ffde4d00000 - 0x00007ffde4d2a000 	C:\Windows\System32\GDI32.dll
0x00007ffde2ac0000 - 0x00007ffde2beb000 	C:\Windows\System32\gdi32full.dll
0x00007ffde28c0000 - 0x00007ffde2963000 	C:\Windows\System32\msvcp_win.dll
0x00007ffdca160000 - 0x00007ffdca17e000 	C:\Users\CaioEsdrasAraujoRici\.p2\pool\plugins\org.eclipse.justj.openjdk.hotspot.jre.full.win32.x86_64_21.0.8.v20250724-1412\jre\bin\VCRUNTIME140.dll
0x00007ffdc5180000 - 0x00007ffdc5410000 	C:\Windows\WinSxS\amd64_microsoft.windows.common-controls_6595b64144ccf1df_6.0.26100.3037_none_3e09262ce333c378\COMCTL32.dll
0x00007ffde3180000 - 0x00007ffde3229000 	C:\Windows\System32\msvcrt.dll
0x00007ffde4d60000 - 0x00007ffde4d8f000 	C:\Windows\System32\IMM32.DLL
0x00007ffdcab60000 - 0x00007ffdcab6c000 	C:\Users\CaioEsdrasAraujoRici\.p2\pool\plugins\org.eclipse.justj.openjdk.hotspot.jre.full.win32.x86_64_21.0.8.v20250724-1412\jre\bin\vcruntime140_1.dll
0x00007ffda8dc0000 - 0x00007ffda8e4d000 	C:\Users\CaioEsdrasAraujoRici\.p2\pool\plugins\org.eclipse.justj.openjdk.hotspot.jre.full.win32.x86_64_21.0.8.v20250724-1412\jre\bin\msvcp140.dll
0x00007ffd84970000 - 0x00007ffd85707000 	C:\Users\CaioEsdrasAraujoRici\.p2\pool\plugins\org.eclipse.justj.openjdk.hotspot.jre.full.win32.x86_64_21.0.8.v20250724-1412\jre\bin\server\jvm.dll
0x00007ffde4660000 - 0x00007ffde4714000 	C:\Windows\System32\ADVAPI32.dll
0x00007ffde4850000 - 0x00007ffde48f6000 	C:\Windows\System32\sechost.dll
0x00007ffde3ca0000 - 0x00007ffde3db6000 	C:\Windows\System32\RPCRT4.dll
0x00007ffde30b0000 - 0x00007ffde3124000 	C:\Windows\System32\WS2_32.dll
0x00007ffde19c0000 - 0x00007ffde1a0e000 	C:\Windows\SYSTEM32\POWRPROF.dll
0x00007ffdd7040000 - 0x00007ffdd7076000 	C:\Windows\SYSTEM32\WINMM.dll
0x00007ffdcf150000 - 0x00007ffdcf15b000 	C:\Windows\SYSTEM32\VERSION.dll
0x00007ffde19a0000 - 0x00007ffde19b4000 	C:\Windows\SYSTEM32\UMPDC.dll
0x00007ffde0e40000 - 0x00007ffde0e5a000 	C:\Windows\SYSTEM32\kernel.appcore.dll
0x00007ffddb9c0000 - 0x00007ffddb9ca000 	C:\Users\CaioEsdrasAraujoRici\.p2\pool\plugins\org.eclipse.justj.openjdk.hotspot.jre.full.win32.x86_64_21.0.8.v20250724-1412\jre\bin\jimage.dll
0x00007ffddf710000 - 0x00007ffddf951000 	C:\Windows\SYSTEM32\DBGHELP.DLL
0x00007ffde4960000 - 0x00007ffde4cde000 	C:\Windows\System32\combase.dll
0x00007ffde3400000 - 0x00007ffde34d6000 	C:\Windows\System32\OLEAUT32.dll
0x00007ffdca730000 - 0x00007ffdca769000 	C:\Windows\SYSTEM32\dbgcore.DLL
0x00007ffde2820000 - 0x00007ffde28b9000 	C:\Windows\System32\bcryptPrimitives.dll
0x00007ffdc80b0000 - 0x00007ffdc80ec000 	C:\Users\CaioEsdrasAraujoRici\.p2\pool\plugins\org.eclipse.justj.openjdk.hotspot.jre.full.win32.x86_64_21.0.8.v20250724-1412\jre\bin\jdwp.dll
0x00007ffdca870000 - 0x00007ffdca87f000 	C:\Users\CaioEsdrasAraujoRici\.p2\pool\plugins\org.eclipse.justj.openjdk.hotspot.jre.full.win32.x86_64_21.0.8.v20250724-1412\jre\bin\instrument.dll
0x00007ffdda200000 - 0x00007ffdda21f000 	C:\Users\CaioEsdrasAraujoRici\.p2\pool\plugins\org.eclipse.justj.openjdk.hotspot.jre.full.win32.x86_64_21.0.8.v20250724-1412\jre\bin\java.dll
0x00007ffde3590000 - 0x00007ffde3c94000 	C:\Windows\System32\SHELL32.dll
0x00007ffddfb10000 - 0x00007ffde0347000 	C:\Windows\SYSTEM32\windows.storage.dll
0x00007ffde3ec0000 - 0x00007ffde3fa9000 	C:\Windows\System32\SHCORE.dll
0x00007ffde4900000 - 0x00007ffde495d000 	C:\Windows\System32\shlwapi.dll
0x00007ffde2090000 - 0x00007ffde20be000 	C:\Windows\SYSTEM32\profapi.dll
0x00007ffdd9ce0000 - 0x00007ffdd9cf8000 	C:\Users\CaioEsdrasAraujoRici\.p2\pool\plugins\org.eclipse.justj.openjdk.hotspot.jre.full.win32.x86_64_21.0.8.v20250724-1412\jre\bin\zip.dll
0x00007ffdca500000 - 0x00007ffdca50b000 	C:\Users\CaioEsdrasAraujoRici\.p2\pool\plugins\org.eclipse.justj.openjdk.hotspot.jre.full.win32.x86_64_21.0.8.v20250724-1412\jre\bin\dt_socket.dll
0x00007ffde0600000 - 0x00007ffde0632000 	C:\Windows\SYSTEM32\IPHLPAPI.DLL
0x00007ffde1460000 - 0x00007ffde14ca000 	C:\Windows\system32\mswsock.dll
0x00007ffde0640000 - 0x00007ffde0765000 	C:\Windows\SYSTEM32\DNSAPI.dll
0x00007ffde4840000 - 0x00007ffde484a000 	C:\Windows\System32\NSI.dll
0x00007ffdd8e00000 - 0x00007ffdd8e0b000 	C:\Windows\System32\rasadhlp.dll
0x00007ffddae80000 - 0x00007ffddaf05000 	C:\Windows\System32\fwpuclnt.dll
0x00007ffdda840000 - 0x00007ffdda850000 	C:\Users\CaioEsdrasAraujoRici\.p2\pool\plugins\org.eclipse.justj.openjdk.hotspot.jre.full.win32.x86_64_21.0.8.v20250724-1412\jre\bin\net.dll
0x00007ffde0e60000 - 0x00007ffde0f7e000 	C:\Windows\SYSTEM32\WINHTTP.dll
0x00007ffdcf910000 - 0x00007ffdcf926000 	C:\Users\CaioEsdrasAraujoRici\.p2\pool\plugins\org.eclipse.justj.openjdk.hotspot.jre.full.win32.x86_64_21.0.8.v20250724-1412\jre\bin\nio.dll
0x00007ffdda1f0000 - 0x00007ffdda200000 	C:\Users\CaioEsdrasAraujoRici\.p2\pool\plugins\org.eclipse.justj.openjdk.hotspot.jre.full.win32.x86_64_21.0.8.v20250724-1412\jre\bin\verify.dll
0x00007ffdc9080000 - 0x00007ffdc908a000 	C:\Users\CaioEsdrasAraujoRici\.p2\pool\plugins\org.eclipse.justj.openjdk.hotspot.jre.full.win32.x86_64_21.0.8.v20250724-1412\jre\bin\management.dll
0x00007ffdc9070000 - 0x00007ffdc907b000 	C:\Users\CaioEsdrasAraujoRici\.p2\pool\plugins\org.eclipse.justj.openjdk.hotspot.jre.full.win32.x86_64_21.0.8.v20250724-1412\jre\bin\management_ext.dll
0x00007ffde4830000 - 0x00007ffde4838000 	C:\Windows\System32\PSAPI.DLL
0x00007ffde1810000 - 0x00007ffde182c000 	C:\Windows\SYSTEM32\CRYPTSP.dll
0x00007ffde0da0000 - 0x00007ffde0dd8000 	C:\Windows\system32\rsaenh.dll
0x00007ffde1500000 - 0x00007ffde152b000 	C:\Windows\SYSTEM32\USERENV.dll
0x00007ffde1ab0000 - 0x00007ffde1ad6000 	C:\Windows\SYSTEM32\bcrypt.dll
0x00007ffde1690000 - 0x00007ffde169c000 	C:\Windows\SYSTEM32\CRYPTBASE.dll
0x00007ffdd9cd0000 - 0x00007ffdd9cde000 	C:\Users\CaioEsdrasAraujoRici\.p2\pool\plugins\org.eclipse.justj.openjdk.hotspot.jre.full.win32.x86_64_21.0.8.v20250724-1412\jre\bin\sunmscapi.dll
0x00007ffde2240000 - 0x00007ffde23b6000 	C:\Windows\System32\CRYPT32.dll
0x00007ffde1a70000 - 0x00007ffde1aa0000 	C:\Windows\SYSTEM32\ncrypt.dll
0x00007ffde1a20000 - 0x00007ffde1a5f000 	C:\Windows\SYSTEM32\NTASN1.dll
0x00007ffdd2590000 - 0x00007ffdd2599000 	C:\Users\CaioEsdrasAraujoRici\.p2\pool\plugins\org.eclipse.justj.openjdk.hotspot.jre.full.win32.x86_64_21.0.8.v20250724-1412\jre\bin\extnet.dll
0x00007ffdc0560000 - 0x00007ffdc0568000 	C:\Windows\system32\wshunix.dll

JVMTI agents:
jdwp path:C:\Users\CaioEsdrasAraujoRici\.p2\pool\plugins\org.eclipse.justj.openjdk.hotspot.jre.full.win32.x86_64_21.0.8.v20250724-1412\jre\bin\jdwp.dll, loaded, initialized, options:transport=dt_socket,suspend=y,address=localhost:58822
C:\Users\CaioEsdrasAraujoRici\eclipse\java-2025-09\eclipse\configuration\org.eclipse.osgi\250\0\.cp\lib\javaagent-shaded.jar path:C:\Users\CaioEsdrasAraujoRici\.p2\pool\plugins\org.eclipse.justj.openjdk.hotspot.jre.full.win32.x86_64_21.0.8.v20250724-1412\jre\bin\instrument.dll, loaded, initialized, instrumentlib options:none

dbghelp: loaded successfully - version: 4.0.5 - missing functions: none
symbol engine: initialized successfully - sym options: 0x614 - pdb path: .;C:\Users\CaioEsdrasAraujoRici\.p2\pool\plugins\org.eclipse.justj.openjdk.hotspot.jre.full.win32.x86_64_21.0.8.v20250724-1412\jre\bin;C:\Windows\SYSTEM32;C:\Windows\WinSxS\amd64_microsoft.windows.common-controls_6595b64144ccf1df_6.0.26100.3037_none_3e09262ce333c378;C:\Users\CaioEsdrasAraujoRici\.p2\pool\plugins\org.eclipse.justj.openjdk.hotspot.jre.full.win32.x86_64_21.0.8.v20250724-1412\jre\bin\server

VM Arguments:
jvm_args: -XX:+ShowCodeDetailsInExceptionMessages -agentlib:jdwp=transport=dt_socket,suspend=y,address=localhost:58822 -javaagent:C:\Users\CaioEsdrasAraujoRici\eclipse\java-2025-09\eclipse\configuration\org.eclipse.osgi\250\0\.cp\lib\javaagent-shaded.jar -Dfile.encoding=UTF-8 -Dstdout.encoding=UTF-8 -Dstderr.encoding=UTF-8 
java_command: com.linkar.project.ProjectApplication
java_class_path (initial): C:\Users\CaioEsdrasAraujoRici\Desktop\repositorios\Rede-social--Linkar-\project\target\classes;C:\Users\CaioEsdrasAraujoRici\.m2\repository\org\springframework\boot\spring-boot-starter-data-jpa\3.5.6\spring-boot-starter-data-jpa-3.5.6.jar;C:\Users\CaioEsdrasAraujoRici\.m2\repository\org\springframework\boot\spring-boot-starter\3.5.6\spring-boot-starter-3.5.6.jar;C:\Users\CaioEsdrasAraujoRici\.m2\repository\org\springframework\boot\spring-boot-starter-logging\3.5.6\spring-boot-starter-logging-3.5.6.jar;C:\Users\CaioEsdrasAraujoRici\.m2\repository\ch\qos\logback\logback-classic\1.5.18\logback-classic-1.5.18.jar;C:\Users\CaioEsdrasAraujoRici\.m2\repository\ch\qos\logback\logback-core\1.5.18\logback-core-1.5.18.jar;C:\Users\CaioEsdrasAraujoRici\.m2\repository\org\apache\logging\log4j\log4j-to-slf4j\2.24.3\log4j-to-slf4j-2.24.3.jar;C:\Users\CaioEsdrasAraujoRici\.m2\repository\org\apache\logging\log4j\log4j-api\2.24.3\log4j-api-2.24.3.jar;C:\Users\CaioEsdrasAraujoRici\.m2\repository\org\slf4j\jul-to-slf4j\2.0.17\jul-to-slf4j-2.0.17.jar;C:\Users\CaioEsdrasAraujoRici\.m2\repository\jakarta\annotation\jakarta.annotation-api\2.1.1\jakarta.annotation-api-2.1.1.jar;C:\Users\CaioEsdrasAraujoRici\.m2\repository\org\yaml\snakeyaml\2.4\snakeyaml-2.4.jar;C:\Users\CaioEsdrasAraujoRici\.m2\repository\org\springframework\boot\spring-boot-starter-jdbc\3.5.6\spring-boot-starter-jdbc-3.5.6.jar;C:\Users\CaioEsdrasAraujoRici\.m2\repository\com\zaxxer\HikariCP\6.3.3\HikariCP-6.3.3.jar;C:\Users\CaioEsdrasAraujoRici\.m2\repository\org\springframework\spring-jdbc\6.2.11\spring-jdbc-6.2.11.jar;C:\Users\CaioEsdrasAraujoRici\.m2\repository\org\hibernate\orm\hibernate-core\6.6.29.Final\hibernate-core-6.6.29.Final.jar;C:\Users\CaioEsdrasAraujoRici\.m2\repository\jakarta\persistence\jakarta.persistence-api\3.1.0\jakarta.persistence-api-3.1.0.jar;C:\Users\CaioEsdrasAraujoRici\.m2\repository\jakarta\transaction\jakarta.transaction-api\2.0.1\jakarta.transaction-api-2.0.1.jar;C:\Users\CaioEsdrasAraujoRici\.m2\repository\org\jboss\logging\jboss-logging\3.6.1.Final\jboss-logging-3.6.1.Final.jar;C:\Users\CaioEsdrasAraujoRici\.m2\repository\org\hibernate\common\hibernate-commons-annotations\7.0.3.Final\hibernate-commons-annotations-7.0.3.Final.jar;C:\Users\CaioEsdrasAraujoRici\.m2\repository\io\smallrye\jandex\3.2.0\jandex-3.2.0.jar;C:\Users\CaioEsdrasAraujoRici\.m2\repository\com\fasterxml\classmate\1.7.0\classmate-1.7.0.jar;C:\Users\CaioEsdrasAraujoRici\.m2\repository\net\bytebuddy\byte-buddy\1.17.7\byte-buddy-1.17.7.jar;C:\Users\CaioEsdrasAraujoRici\.m2\repository\org\glassfish\jaxb\jaxb-runtime\4.0.5\jaxb-runtime-4.0.5.jar;C:\Users\CaioEsdrasAraujoRici\.m2\repository\org\glassfish\jaxb\jaxb-core\4.0.5\jaxb-core-4.0.5.jar;C:\Users\CaioEsdrasAraujoRici\.m2\repository\org\eclipse\angus\angus-activation\2.0.2\angus-activation-2.0.2.jar;C:\Users\CaioEsdrasAraujoRici\.m2\repository\org\glassfish\jaxb\txw2\4.0.5\txw2-4.0.5.jar;C:\Users\CaioEsdrasAraujoRici\.m2\repository\com\sun\istack\istack-commons-runtime\4.1.2\istack-commons-runtime-4.1.2.jar;C:\Users\CaioEsdrasAraujoRici\.m2\repository\jakarta\inject\jakarta.inject-api\2.0.1\jakarta.inject-api-2.0.1.jar;C:\Users\CaioEsdrasAraujoRici\.m2\repository\org\antlr\antlr4-runtime\4.13.0\antlr4-runtime-4.13.0.jar;C:\Users\CaioEsdrasAraujoRici\.m2\repository\org\springframework\data\spring-data-jpa\3.5.4\spring-data-jpa-3.5.4.jar;C:\Users\CaioEsdrasAraujoRici\.m2\repository\org\springframework\data\spring-data-commons\3.5.4\spring-data-commons-3.5.4.jar;C:\Users\CaioEsdrasAraujoRici\.m2\repository\org\springframework\spring-orm\6.2.11\spring-orm-6.2.11.jar;C:\Users\CaioEsdrasAraujoRici\.m2\repository\org\springframework\spring-context\6.2.11\spring-context-6.2.11.jar;C:\Users\CaioEsdrasAraujoRici\.m2\repository\org\springframework\spring-aop\6.2.11\spring-aop-6.2.11.jar;C:\Users\CaioEsdrasAraujoRici\.m2\repository\org\springframework\spring-tx\6.2.11\spring-tx-6.2.11.jar;C:\Users\CaioEsdrasAraujoRici\.m2\repository\org\springframework\spring-beans\6.2.11\spring-beans-6.2.11.jar;C:\Users\CaioEsdrasAraujoRici\.m2\repository\org\slf4j\slf4j-api\2.0.17\slf4j-api-2.0.17.jar;C:\Users\CaioEsdrasAraujoRici\.m2\repository\org\springframework\spring-aspects\6.2.11\spring-aspects-6.2.11.jar;C:\Users\CaioEsdrasAraujoRici\.m2\repository\org\aspectj\aspectjweaver\1.9.24\aspectjweaver-1.9.24.jar;C:\Users\CaioEsdrasAraujoRici\.m2\repository\org\springframework\boot\spring-boot-starter-thymeleaf\3.5.6\spring-boot-starter-thymeleaf-3.5.6.jar;C:\Users\CaioEsdrasAraujoRici\.m2\repository\org\thymeleaf\thymeleaf-spring6\3.1.3.RELEASE\thymeleaf-spring6-3.1.3.RELEASE.jar;C:\Users\CaioEsdrasAraujoRici\.m2\repository\org\thymeleaf\thymeleaf\3.1.3.RELEASE\thymeleaf-3.1.3.RELEASE.jar;C:\Users\CaioEsdrasAraujoRici\.m2\repository\org\attoparser\attoparser\2.0.7.RELEASE\attoparser-2.0.7.RELEASE.jar;C:\Users\CaioEsdrasAraujoRici\.m2\repository\org\unbescape\unbescape\1.1.6.RELEASE\unbescape-1.1.6.RELEASE.jar;C:\Users\CaioEsdrasAraujoRici\.m2\repository\org\springframework\boot\spring-boot-starter-web\3.5.6\spring-boot-starter-web-3.5.6.jar;C:\Users\CaioEsdrasAraujoRici\.m2\repository\org\springframework\boot\spring-boot-starter-json\3.5.6\spring-boot-starter-json-3.5.6.jar;C:\Users\CaioEsdrasAraujoRici\.m2\repository\com\fasterxml\jackson\core\jackson-databind\2.19.2\jackson-databind-2.19.2.jar;C:\Users\CaioEsdrasAraujoRici\.m2\repository\com\fasterxml\jackson\core\jackson-annotations\2.19.2\jackson-annotations-2.19.2.jar;C:\Users\CaioEsdrasAraujoRici\.m2\repository\com\fasterxml\jackson\core\jackson-core\2.19.2\jackson-core-2.19.2.jar;C:\Users\CaioEsdrasAraujoRici\.m2\repository\com\fasterxml\jackson\datatype\jackson-datatype-jdk8\2.19.2\jackson-datatype-jdk8-2.19.2.jar;C:\Users\CaioEsdrasAraujoRici\.m2\repository\com\fasterxml\jackson\datatype\jackson-datatype-jsr310\2.19.2\jackson-datatype-jsr310-2.19.2.jar;C:\Users\CaioEsdrasAraujoRici\.m2\repository\com\fasterxml\jackson\module\jackson-module-parameter-names\2.19.2\jackson-module-parameter-names-2.19.2.jar;C:\Users\CaioEsdrasAraujoRici\.m2\repository\org\springframework\boot\spring-boot-starter-tomcat\3.5.6\spring-boot-starter-tomcat-3.5.6.jar;C:\Users\CaioEsdrasAraujoRici\.m2\repository\org\apache\tomcat\embed\tomcat-embed-core\10.1.46\tomcat-embed-core-10.1.46.jar;C:\Users\CaioEsdrasAraujoRici\.m2\repository\org\apache\tomcat\embed\tomcat-embed-el\10.1.46\tomcat-embed-el-10.1.46.jar;C:\Users\CaioEsdrasAraujoRici\.m2\repository\org\apache\tomcat\embed\tomcat-embed-websocket\10.1.46\tomcat-embed-websocket-10.1.46.jar;C:\Users\CaioEsdrasAraujoRici\.m2\repository\org\springframework\spring-web\6.2.11\spring-web-6.2.11.jar;C:\Users\CaioEsdrasAraujoRici\.m2\repository\io\micrometer\micrometer-observation\1.15.4\micrometer-observation-1.15.4.jar;C:\Users\CaioEsdrasAraujoRici\.m2\repository\io\micrometer\micrometer-commons\1.15.4\micrometer-commons-1.15.4.jar;C:\Users\CaioEsdrasAraujoRici\.m2\repository\org\springframework\spring-webmvc\6.2.11\spring-webmvc-6.2.11.jar;C:\Users\CaioEsdrasAraujoRici\.m2\repository\org\springframework\spring-expression\6.2.11\spring-expression-6.2.11.jar;C:\Users\CaioEsdrasAraujoRici\.m2\repository\org\springframework\boot\spring-boot-devtools\3.5.6\spring-boot-devtools-3.5.6.jar;C:\Users\CaioEsdrasAraujoRici\.m2\repository\org\springframework\boot\spring-boot\3.5.6\spring-boot-3.5.6.jar;C:\Users\CaioEsdrasAraujoRici\.m2\repository\org\springframework\boot\spring-boot-autoconfigure\3.5.6\spring-boot-autoconfigure-3.5.6.jar;C:\Users\CaioEsdrasAraujoRici\.m2\repository\com\mysql\mysql-connector-j\9.4.0\mysql-connector-j-9.4.0.jar;C:\Users\CaioEsdrasAraujoRici\.m2\repository\jakarta\xml\bind\jakarta.xml.bind-api\4.0.2\jakarta.xml.bind-api-4.0.2.jar;C:\Users\CaioEsdrasAraujoRici\.m2\repository\jakarta\activation\jakarta.activation-api\2.1.4\jakarta.activation-api-2.1.4.jar;C:\Users\CaioEsdrasAraujoRici\.m2\repository\org\springframework\spring-core\6.2.11\spring-core-6.2.11.jar;C:\Users\CaioEsdrasAraujoRici\.m2\repository\org\springframework\spring-jcl\6.2.11\spring-jcl-6.2.11.jar
Launcher Type: SUN_STANDARD

[Global flags]
     intx CICompilerCount                          = 4                                         {product} {ergonomic}
     uint ConcGCThreads                            = 3                                         {product} {ergonomic}
     uint G1ConcRefinementThreads                  = 10                                        {product} {ergonomic}
   size_t G1HeapRegionSize                         = 2097152                                   {product} {ergonomic}
    uintx GCDrainStackTargetSize                   = 64                                        {product} {ergonomic}
   size_t InitialHeapSize                          = 255852544                                 {product} {ergonomic}
   size_t MarkStackSize                            = 4194304                                   {product} {ergonomic}
   size_t MaxHeapSize                              = 4093640704                                {product} {ergonomic}
   size_t MaxNewSize                               = 2455764992                                {product} {ergonomic}
   size_t MinHeapDeltaBytes                        = 2097152                                   {product} {ergonomic}
   size_t MinHeapSize                              = 8388608                                   {product} {ergonomic}
    uintx NonNMethodCodeHeapSize                   = 5839372                                {pd product} {ergonomic}
    uintx NonProfiledCodeHeapSize                  = 122909434                              {pd product} {ergonomic}
    uintx ProfiledCodeHeapSize                     = 122909434                              {pd product} {ergonomic}
    uintx ReservedCodeCacheSize                    = 251658240                              {pd product} {ergonomic}
     bool SegmentedCodeCache                       = true                                      {product} {ergonomic}
     bool ShowCodeDetailsInExceptionMessages       = true                                   {manageable} {command line}
   size_t SoftMaxHeapSize                          = 4093640704                             {manageable} {ergonomic}
     bool UseCompressedOops                        = true                           {product lp64_product} {ergonomic}
     bool UseG1GC                                  = true                                      {product} {ergonomic}
     bool UseLargePagesIndividualAllocation        = false                                  {pd product} {ergonomic}

Logging:
Log output configuration:
 #0: stdout all=warning uptime,level,tags foldmultilines=false
 #1: stderr all=off uptime,level,tags foldmultilines=false

Environment Variables:
PATH=C:\Users\CaioEsdrasAraujoRici\.p2\pool\plugins\org.eclipse.justj.openjdk.hotspot.jre.full.win32.x86_64_21.0.8.v20250724-1412\jre\bin;C:/Users/CaioEsdrasAraujoRici/.p2/pool/plugins/org.eclipse.justj.openjdk.hotspot.jre.full.win32.x86_64_21.0.8.v20250724-1412/jre/bin/server;C:/Users/CaioEsdrasAraujoRici/.p2/pool/plugins/org.eclipse.justj.openjdk.hotspot.jre.full.win32.x86_64_21.0.8.v20250724-1412/jre/bin;C:\app\Administrador\product\21c\dbhomeXE\bin;C:\Program Files (x86)\Common Files\Oracle\Java\java8path;C:\Program Files (x86)\Common Files\Oracle\Java\javapath;C:\Windows\system32;C:\Windows;C:\Windows\System32\Wbem;C:\Windows\System32\WindowsPowerShell\v1.0\;C:\Windows\System32\OpenSSH\;C:\Program Files\Git\cmd;C:\Program Files\Docker\Docker\resources\bin;C:\Program Files\Microsoft VS Code\bin;C:\ProgramData\chocolatey\bin;C:\Program Files\dotnet\;C:\Program Files\nodejs\;C:\Program Files\MySQL\MySQL Shell 8.0\bin\;C:\Users\CaioEsdrasAraujoRici\AppData\Local\Microsoft\WindowsApps;C:\Program Files (x86)\GitHubDesktop\bin;C:\Users\CaioEsdrasAraujoRici\AppData\Local\Programs\Microsoft VS Code\bin;C:\Users\CaioEsdrasAraujoRici\AppData\Roaming\npm;C:\Users\CaioEsdrasAraujoRici\Desktop;
USERNAME=CaioEsdrasAraujoRici
OS=Windows_NT
PROCESSOR_IDENTIFIER=Intel64 Family 6 Model 186 Stepping 3, GenuineIntel
TMP=C:\Users\CAIOES~1\AppData\Local\Temp
TEMP=C:\Users\CAIOES~1\AppData\Local\Temp




Periodic native trim disabled

---------------  S Y S T E M  ---------------

OS:
 Windows 11 , 64 bit Build 26100 (10.0.26100.3037)
OS uptime: 0 days 5:08 hours
Hyper-V role detected

CPU: total 12 (initial active 12) (6 cores per cpu, 2 threads per core) family 6 model 186 stepping 3 microcode 0x411c, cx8, cmov, fxsr, ht, mmx, 3dnowpref, sse, sse2, sse3, ssse3, sse4.1, sse4.2, popcnt, lzcnt, tsc, tscinvbit, avx, avx2, aes, erms, clmul, bmi1, bmi2, adx, sha, fma, vzeroupper, clflush, clflushopt, clwb, hv, serialize, rdtscp, rdpid, fsrm, f16c, cet_ibt, cet_ss
Processor Information for processor 0
  Max Mhz: 1600, Current Mhz: 1600, Mhz Limit: 1600
Processor Information for processor 1
  Max Mhz: 1600, Current Mhz: 1600, Mhz Limit: 1600
Processor Information for processor 2
  Max Mhz: 1600, Current Mhz: 1600, Mhz Limit: 1600
Processor Information for processor 3
  Max Mhz: 1600, Current Mhz: 1600, Mhz Limit: 1600
Processor Information for processor 4
  Max Mhz: 1600, Current Mhz: 1200, Mhz Limit: 1200
Processor Information for processor 5
  Max Mhz: 1600, Current Mhz: 1200, Mhz Limit: 1200
Processor Information for processor 6
  Max Mhz: 1600, Current Mhz: 1200, Mhz Limit: 1200
Processor Information for processor 7
  Max Mhz: 1600, Current Mhz: 1200, Mhz Limit: 1200
Processor Information for processor 8
  Max Mhz: 1600, Current Mhz: 1200, Mhz Limit: 1200
Processor Information for processor 9
  Max Mhz: 1600, Current Mhz: 1200, Mhz Limit: 1200
Processor Information for processor 10
  Max Mhz: 1600, Current Mhz: 1200, Mhz Limit: 1200
Processor Information for processor 11
  Max Mhz: 1600, Current Mhz: 1200, Mhz Limit: 1200

Memory: 4k page, system-wide physical 15608M (3125M free)
TotalPageFile size 21752M (AvailPageFile size 1897M)
current process WorkingSet (physical memory assigned to process): 367M, peak: 373M
current process commit charge ("private bytes"): 415M, peak: 433M

vm_info: OpenJDK 64-Bit Server VM (21.0.8+9-LTS) for windows-amd64 JRE (21.0.8+9-LTS), built on 2025-07-15T00:00:00Z by "admin" with MS VC++ 17.7 (VS2022)

END.
